2020-04-25 14:39:30 INFO  webeventlistener:129 - Exception occured: org.openqa.selenium.NoSuchElementException: no such element: Unable to locate element: {"method":"xpath","selector":"(//input[@type='text'])[1]"}
  (Session info: chrome=80.0.3987.149)
  (Driver info: chromedriver=2.42.591088 (7b2b2dca23cca0862f674758c9a3933e685c27d5),platform=Windows NT 10.0.18362 x86_64)
For documentation on this error, please visit: https://www.seleniumhq.org/exceptions/no_such_element.html
Build info: version: '3.141.59', revision: 'e82be7d358', time: '2018-11-14T08:17:03'
System info: host: 'LAPTOP-AV2ODUL9', ip: '169.254.106.151', os.name: 'Windows 10', os.arch: 'amd64', os.version: '10.0', java.version: '1.8.0_171'
Driver info: io.appium.java_client.android.AndroidDriver
Capabilities {browserName: Chrome, databaseEnabled: false, desired: {browserName: Chrome, deviceName: My Phone, platformName: android, platformVersion: 9.0.0, udid: 4ceccac0}, deviceManufacturer: Xiaomi, deviceModel: Redmi Note 7, deviceName: 4ceccac0, deviceScreenSize: 1080x2340, deviceUDID: 4ceccac0, javascriptEnabled: true, locationContextEnabled: false, networkConnectionEnabled: true, platform: LINUX, platformName: Android, platformVersion: 9, takesScreenshot: true, udid: 4ceccac0, warnings: {}, webStorageEnabled: false}
Session ID: d4258f44-108a-45cf-972c-b02f8f2adb16
*** Element info: {Using=xpath, value=(//input[@type='text'])[1]}
2020-04-25 14:39:30 INFO  webeventlistener:129 - Test case failed...refer below screen-shot for detailed info
2020-04-25 15:59:34 INFO  webeventlistener:129 - Exception occured: org.openqa.selenium.InvalidSelectorException: Locator Strategy 'name' is not supported for this session
For documentation on this error, please visit: https://www.seleniumhq.org/exceptions/invalid_selector_exception.html
Build info: version: '3.141.59', revision: 'e82be7d358', time: '2018-11-14T08:17:03'
System info: host: 'LAPTOP-AV2ODUL9', ip: '169.254.106.151', os.name: 'Windows 10', os.arch: 'amd64', os.version: '10.0', java.version: '1.8.0_171'
Driver info: io.appium.java_client.android.AndroidDriver
Capabilities {appActivity: io.appium.android.apis.ApiD..., appPackage: io.appium.android.apis, automationName: Appium, databaseEnabled: false, desired: {appActivity: io.appium.android.apis.ApiD..., appPackage: io.appium.android.apis, automationName: Appium, deviceName: My Phone, platformName: android, platformVersion: 9.0.0, udid: 4ceccac0}, deviceManufacturer: Xiaomi, deviceModel: Redmi Note 7, deviceName: 4ceccac0, deviceScreenSize: 1080x2340, deviceUDID: 4ceccac0, javascriptEnabled: true, locationContextEnabled: false, networkConnectionEnabled: true, platform: LINUX, platformName: Android, platformVersion: 9, takesScreenshot: true, udid: 4ceccac0, warnings: {}, webStorageEnabled: false}
Session ID: bf410310-afa2-4885-8462-d7e4ea6a3e93
*** Element info: {Using=name, value=Preferences}
2020-04-25 15:59:34 INFO  webeventlistener:129 - Test case failed...refer below screen-shot for detailed info
2020-04-25 16:06:20 INFO  webeventlistener:129 - Exception occured: org.openqa.selenium.NoSuchSessionException: A session is either terminated or not started
Build info: version: '3.141.59', revision: 'e82be7d358', time: '2018-11-14T08:17:03'
System info: host: 'LAPTOP-AV2ODUL9', ip: '169.254.106.151', os.name: 'Windows 10', os.arch: 'amd64', os.version: '10.0', java.version: '1.8.0_171'
Driver info: io.appium.java_client.android.AndroidDriver
Capabilities {appActivity: io.appium.android.apis.ApiD..., appPackage: io.appium.android.apis, automationName: Appium, databaseEnabled: false, desired: {appActivity: io.appium.android.apis.ApiD..., appPackage: io.appium.android.apis, automationName: Appium, deviceName: My Phone, newCommandTimeout: 14, platformName: android, platformVersion: 9.0.0, udid: 4ceccac0}, deviceManufacturer: Xiaomi, deviceModel: Redmi Note 7, deviceName: 4ceccac0, deviceScreenSize: 1080x2340, deviceUDID: 4ceccac0, javascriptEnabled: true, locationContextEnabled: false, networkConnectionEnabled: true, newCommandTimeout: 14, platform: LINUX, platformName: Android, platformVersion: 9, takesScreenshot: true, udid: 4ceccac0, warnings: {}, webStorageEnabled: false}
Session ID: 3419e041-a935-4817-b6d4-bd804e6b6f22
*** Element info: {Using=id, value=Preferences}
2020-04-25 16:06:20 INFO  webeventlistener:129 - Test case failed...refer below screen-shot for detailed info
2020-04-25 16:10:37 INFO  webeventlistener:129 - Exception occured: org.openqa.selenium.NoSuchSessionException: A session is either terminated or not started
Build info: version: '3.141.59', revision: 'e82be7d358', time: '2018-11-14T08:17:03'
System info: host: 'LAPTOP-AV2ODUL9', ip: '169.254.106.151', os.name: 'Windows 10', os.arch: 'amd64', os.version: '10.0', java.version: '1.8.0_171'
Driver info: io.appium.java_client.android.AndroidDriver
Capabilities {appActivity: io.appium.android.apis.ApiD..., appPackage: io.appium.android.apis, automationName: Appium, databaseEnabled: false, desired: {appActivity: io.appium.android.apis.ApiD..., appPackage: io.appium.android.apis, automationName: Appium, deviceName: My Phone, newCommandTimeout: 14, platformName: android, platformVersion: 9.0.0, udid: 4ceccac0}, deviceManufacturer: Xiaomi, deviceModel: Redmi Note 7, deviceName: 4ceccac0, deviceScreenSize: 1080x2340, deviceUDID: 4ceccac0, javascriptEnabled: true, locationContextEnabled: false, networkConnectionEnabled: true, newCommandTimeout: 14, platform: LINUX, platformName: Android, platformVersion: 9, takesScreenshot: true, udid: 4ceccac0, warnings: {}, webStorageEnabled: false}
Session ID: 5bf66551-e4e8-4646-9ae9-74ee9bebe868
*** Element info: {Using=id, value=Preferences}
2020-04-25 16:10:37 INFO  webeventlistener:129 - Test case failed...refer below screen-shot for detailed info
2020-04-25 16:13:03 INFO  webeventlistener:129 - Exception occured: org.openqa.selenium.InvalidSelectorException: Locator Strategy 'name' is not supported for this session
For documentation on this error, please visit: https://www.seleniumhq.org/exceptions/invalid_selector_exception.html
Build info: version: '3.141.59', revision: 'e82be7d358', time: '2018-11-14T08:17:03'
System info: host: 'LAPTOP-AV2ODUL9', ip: '169.254.106.151', os.name: 'Windows 10', os.arch: 'amd64', os.version: '10.0', java.version: '1.8.0_171'
Driver info: io.appium.java_client.android.AndroidDriver
Capabilities {appActivity: io.appium.android.apis.ApiD..., appPackage: io.appium.android.apis, automationName: Appium, databaseEnabled: false, desired: {appActivity: io.appium.android.apis.ApiD..., appPackage: io.appium.android.apis, automationName: Appium, deviceName: My Phone, newCommandTimeout: 14, platformName: android, platformVersion: 9.0.0, udid: 4ceccac0}, deviceManufacturer: Xiaomi, deviceModel: Redmi Note 7, deviceName: 4ceccac0, deviceScreenSize: 1080x2340, deviceUDID: 4ceccac0, javascriptEnabled: true, locationContextEnabled: false, networkConnectionEnabled: true, newCommandTimeout: 14, platform: LINUX, platformName: Android, platformVersion: 9, takesScreenshot: true, udid: 4ceccac0, warnings: {}, webStorageEnabled: false}
Session ID: 899544f3-12fc-4593-b125-1541e994939b
*** Element info: {Using=name, value=Preferences}
2020-04-25 16:13:03 INFO  webeventlistener:129 - Test case failed...refer below screen-shot for detailed info
2020-04-25 16:26:32 INFO  webeventlistener:129 - Exception occured: org.openqa.selenium.InvalidSelectorException: Locator Strategy 'name' is not supported for this session
For documentation on this error, please visit: https://www.seleniumhq.org/exceptions/invalid_selector_exception.html
Build info: version: '3.141.59', revision: 'e82be7d358', time: '2018-11-14T08:17:03'
System info: host: 'LAPTOP-AV2ODUL9', ip: '169.254.106.151', os.name: 'Windows 10', os.arch: 'amd64', os.version: '10.0', java.version: '1.8.0_171'
Driver info: io.appium.java_client.android.AndroidDriver
Capabilities {appActivity: io.appium.android.apis.ApiD..., appPackage: io.appium.android.apis, automationName: Appium, databaseEnabled: false, desired: {appActivity: io.appium.android.apis.ApiD..., appPackage: io.appium.android.apis, automationName: Appium, deviceName: My Phone, newCommandTimeout: 14, platformName: android, platformVersion: 9.0.0, udid: 4ceccac0}, deviceManufacturer: Xiaomi, deviceModel: Redmi Note 7, deviceName: 4ceccac0, deviceScreenSize: 1080x2340, deviceUDID: 4ceccac0, javascriptEnabled: true, locationContextEnabled: false, networkConnectionEnabled: true, newCommandTimeout: 14, platform: LINUX, platformName: Android, platformVersion: 9, takesScreenshot: true, udid: 4ceccac0, warnings: {}, webStorageEnabled: false}
Session ID: 3a6142df-bb61-45da-9ce7-0054e5f63e12
*** Element info: {Using=name, value=Preferences}
2020-04-25 16:26:32 INFO  webeventlistener:129 - Test case failed...refer below screen-shot for detailed info
2020-04-25 16:31:59 INFO  webeventlistener:129 - Exception occured: org.openqa.selenium.InvalidSelectorException: Locator Strategy 'name' is not supported for this session
For documentation on this error, please visit: https://www.seleniumhq.org/exceptions/invalid_selector_exception.html
Build info: version: '3.141.59', revision: 'e82be7d358', time: '2018-11-14T08:17:03'
System info: host: 'LAPTOP-AV2ODUL9', ip: '169.254.106.151', os.name: 'Windows 10', os.arch: 'amd64', os.version: '10.0', java.version: '1.8.0_171'
Driver info: io.appium.java_client.android.AndroidDriver
Capabilities {appActivity: io.appium.android.apis.ApiD..., appPackage: io.appium.android.apis, automationName: Appium, databaseEnabled: false, desired: {appActivity: io.appium.android.apis.ApiD..., appPackage: io.appium.android.apis, automationName: Appium, deviceName: My Phone, platformName: android, platformVersion: 9.0.0, udid: 4ceccac0}, deviceManufacturer: Xiaomi, deviceModel: Redmi Note 7, deviceName: 4ceccac0, deviceScreenSize: 1080x2340, deviceUDID: 4ceccac0, javascriptEnabled: true, locationContextEnabled: false, networkConnectionEnabled: true, platform: LINUX, platformName: Android, platformVersion: 9, takesScreenshot: true, udid: 4ceccac0, warnings: {}, webStorageEnabled: false}
Session ID: 76e02e45-97bb-4a86-a345-5b50b97d7639
*** Element info: {Using=name, value=Preferences}
2020-04-25 16:31:59 INFO  webeventlistener:129 - Test case failed...refer below screen-shot for detailed info
2020-04-25 18:05:51 INFO  webeventlistener:129 - Found Element By : By.xpath: (//input[@type='text'])[1]
2020-04-25 19:12:48 INFO  webeventlistener:129 - Found Element By : By.xpath: (//input[@type='text'])[1]
2020-04-27 15:35:13 INFO  webeventlistener:129 - Found Element By : By.xpath: (//input[@type='text'])[1]
2020-04-27 15:39:03 INFO  webeventlistener:129 - Exception occured: org.openqa.selenium.WebDriverException: chrome not reachable
  (Session info: chrome=81.0.4044.122)
  (Driver info: chromedriver=2.39.562718 (9a2698cba08cf5a471a29d30c8b3e12becabb0e9),platform=Windows NT 10.0.18362 x86_64) (WARNING: The server did not provide any stacktrace information)
Command duration or timeout: 0 milliseconds
Build info: version: '3.141.59', revision: 'e82be7d358', time: '2018-11-14T08:17:03'
System info: host: 'LAPTOP-AV2ODUL9', ip: '169.254.106.151', os.name: 'Windows 10', os.arch: 'amd64', os.version: '10.0', java.version: '1.8.0_171'
Driver info: org.openqa.selenium.chrome.ChromeDriver
Capabilities {acceptInsecureCerts: false, acceptSslCerts: false, applicationCacheEnabled: false, browserConnectionEnabled: false, browserName: chrome, chrome: {chromedriverVersion: 2.39.562718 (9a2698cba08cf5..., userDataDir: C:\Users\HP\AppData\Local\T...}, cssSelectorsEnabled: true, databaseEnabled: false, handlesAlerts: true, hasTouchScreen: false, javascriptEnabled: true, locationContextEnabled: true, mobileEmulationEnabled: false, nativeEvents: true, networkConnectionEnabled: false, pageLoadStrategy: normal, platform: XP, platformName: XP, rotatable: false, setWindowRect: true, takesHeapSnapshot: true, takesScreenshot: true, unexpectedAlertBehaviour: , unhandledPromptBehavior: , version: 81.0.4044.122, webStorageEnabled: true}
Session ID: 2416ad60b417773105cf5c036820c01f
*** Element info: {Using=xpath, value=//input[@type='search']}
2020-04-27 15:39:03 INFO  webeventlistener:129 - Test case failed...refer below screen-shot for detailed info
2020-04-27 15:39:14 INFO  webeventlistener:129 - Exception occured: org.openqa.selenium.NoSuchElementException: no such element: Unable to locate element: {"method":"xpath","selector":"//input[@type='search']"}
  (Session info: chrome=81.0.4044.122)
  (Driver info: chromedriver=2.39.562718 (9a2698cba08cf5a471a29d30c8b3e12becabb0e9),platform=Windows NT 10.0.18362 x86_64) (WARNING: The server did not provide any stacktrace information)
Command duration or timeout: 0 milliseconds
For documentation on this error, please visit: https://www.seleniumhq.org/exceptions/no_such_element.html
Build info: version: '3.141.59', revision: 'e82be7d358', time: '2018-11-14T08:17:03'
System info: host: 'LAPTOP-AV2ODUL9', ip: '169.254.106.151', os.name: 'Windows 10', os.arch: 'amd64', os.version: '10.0', java.version: '1.8.0_171'
Driver info: org.openqa.selenium.chrome.ChromeDriver
Capabilities {acceptInsecureCerts: false, acceptSslCerts: false, applicationCacheEnabled: false, browserConnectionEnabled: false, browserName: chrome, chrome: {chromedriverVersion: 2.39.562718 (9a2698cba08cf5..., userDataDir: C:\Users\HP\AppData\Local\T...}, cssSelectorsEnabled: true, databaseEnabled: false, handlesAlerts: true, hasTouchScreen: false, javascriptEnabled: true, locationContextEnabled: true, mobileEmulationEnabled: false, nativeEvents: true, networkConnectionEnabled: false, pageLoadStrategy: normal, platform: XP, platformName: XP, rotatable: false, setWindowRect: true, takesHeapSnapshot: true, takesScreenshot: true, unexpectedAlertBehaviour: , unhandledPromptBehavior: , version: 81.0.4044.122, webStorageEnabled: true}
Session ID: bc3041976c7e1d4ee952a984c232586f
*** Element info: {Using=xpath, value=//input[@type='search']}
2020-04-27 15:39:14 INFO  webeventlistener:129 - Test case failed...refer below screen-shot for detailed info
2020-04-27 15:40:58 INFO  webeventlistener:129 - Exception occured: org.openqa.selenium.NoSuchElementException: no such element: Unable to locate element: {"method":"xpath","selector":"//input[@type='search']"}
  (Session info: chrome=81.0.4044.122)
  (Driver info: chromedriver=2.39.562718 (9a2698cba08cf5a471a29d30c8b3e12becabb0e9),platform=Windows NT 10.0.18362 x86_64) (WARNING: The server did not provide any stacktrace information)
Command duration or timeout: 0 milliseconds
For documentation on this error, please visit: https://www.seleniumhq.org/exceptions/no_such_element.html
Build info: version: '3.141.59', revision: 'e82be7d358', time: '2018-11-14T08:17:03'
System info: host: 'LAPTOP-AV2ODUL9', ip: '169.254.106.151', os.name: 'Windows 10', os.arch: 'amd64', os.version: '10.0', java.version: '1.8.0_171'
Driver info: org.openqa.selenium.chrome.ChromeDriver
Capabilities {acceptInsecureCerts: false, acceptSslCerts: false, applicationCacheEnabled: false, browserConnectionEnabled: false, browserName: chrome, chrome: {chromedriverVersion: 2.39.562718 (9a2698cba08cf5..., userDataDir: C:\Users\HP\AppData\Local\T...}, cssSelectorsEnabled: true, databaseEnabled: false, handlesAlerts: true, hasTouchScreen: false, javascriptEnabled: true, locationContextEnabled: true, mobileEmulationEnabled: false, nativeEvents: true, networkConnectionEnabled: false, pageLoadStrategy: normal, platform: XP, platformName: XP, rotatable: false, setWindowRect: true, takesHeapSnapshot: true, takesScreenshot: true, unexpectedAlertBehaviour: , unhandledPromptBehavior: , version: 81.0.4044.122, webStorageEnabled: true}
Session ID: d41957843d94423b12b76d84cd8695e1
*** Element info: {Using=xpath, value=//input[@type='search']}
2020-04-27 15:40:58 INFO  webeventlistener:129 - Test case failed...refer below screen-shot for detailed info
2020-04-27 15:42:24 INFO  webeventlistener:129 - Found Element By : By.xpath: (//input[@type='text'])[1]
2020-04-27 16:00:20 INFO  webeventlistener:129 - Found Element By : By.xpath: (//input[@type='text'])[1]
2020-04-27 16:34:45 INFO  webeventlistener:129 - Found Element By : By.xpath: (//input[@type='text'])[1]
2020-04-27 16:47:25 INFO  webeventlistener:129 - Found Element By : By.xpath: (//input[@type='text'])[1]
2020-04-27 18:32:50 INFO  webeventlistener:129 - Found Element By : By.xpath: (//input[@type='text'])[1]
2020-04-27 19:00:27 INFO  webeventlistener:129 - Found Element By : By.xpath: (//input[@type='text'])[1]
2020-04-29 17:00:14 INFO  webeventlistener:129 - Found Element By : By.xpath: (//input[@type='text'])[1]
2020-05-09 13:06:33 INFO  webeventlistener:129 - Found Element By : By.xpath: (//input[@type='text'])[1]
2020-05-21 15:16:37 INFO  webeventlistener:129 - Found Element By : By.xpath: (//input[@type='text'])[1]
2020-05-21 15:20:51 INFO  webeventlistener:129 - Found Element By : By.xpath: (//input[@type='text'])[1]
2020-05-21 15:22:17 INFO  webeventlistener:129 - Found Element By : By.xpath: (//input[@type='text'])[1]
2020-05-21 15:27:14 INFO  webeventlistener:129 - Found Element By : By.xpath: (//input[@type='text'])[1]
2020-05-21 16:18:20 INFO  webeventlistener:129 - Found Element By : By.xpath: (//input[@type='text'])[1]
2020-05-21 16:52:00 INFO  webeventlistener:129 - Exception occured: org.openqa.selenium.NoSuchElementException: Cannot locate an element using xpath=(//input[@type='text'])[1]
For documentation on this error, please visit: https://www.seleniumhq.org/exceptions/no_such_element.html
Build info: version: '3.141.59', revision: 'e82be7d358', time: '2018-11-14T08:17:03'
System info: host: 'LAPTOP-AV2ODUL9', ip: '169.254.106.151', os.name: 'Windows 10', os.arch: 'amd64', os.version: '10.0', java.version: '1.8.0_171'
Driver info: driver.version: EventFiringWebDriver
2020-05-21 16:52:00 INFO  webeventlistener:129 - Test case failed...refer below screen-shot for detailed info
2020-05-21 16:53:10 INFO  webeventlistener:129 - Found Element By : By.xpath: (//input[@type='text'])[1]
2020-05-21 17:00:29 INFO  webeventlistener:129 - Exception occured: org.openqa.selenium.NoSuchElementException: no such element: Unable to locate element: {"method":"xpath","selector":"(//input[@type='text'])[199]"}
  (Session info: chrome=81.0.4044.138)
  (Driver info: chromedriver=2.39.562718 (9a2698cba08cf5a471a29d30c8b3e12becabb0e9),platform=Windows NT 10.0.18362 x86_64) (WARNING: The server did not provide any stacktrace information)
Command duration or timeout: 0 milliseconds
For documentation on this error, please visit: https://www.seleniumhq.org/exceptions/no_such_element.html
Build info: version: '3.141.59', revision: 'e82be7d358', time: '2018-11-14T08:17:03'
System info: host: 'LAPTOP-AV2ODUL9', ip: '169.254.106.151', os.name: 'Windows 10', os.arch: 'amd64', os.version: '10.0', java.version: '1.8.0_171'
Driver info: org.openqa.selenium.chrome.ChromeDriver
Capabilities {acceptInsecureCerts: false, acceptSslCerts: false, applicationCacheEnabled: false, browserConnectionEnabled: false, browserName: chrome, chrome: {chromedriverVersion: 2.39.562718 (9a2698cba08cf5..., userDataDir: C:\Users\HP\AppData\Local\T...}, cssSelectorsEnabled: true, databaseEnabled: false, handlesAlerts: true, hasTouchScreen: false, javascriptEnabled: true, locationContextEnabled: true, mobileEmulationEnabled: false, nativeEvents: true, networkConnectionEnabled: false, pageLoadStrategy: normal, platform: XP, platformName: XP, rotatable: false, setWindowRect: true, takesHeapSnapshot: true, takesScreenshot: true, unexpectedAlertBehaviour: , unhandledPromptBehavior: , version: 81.0.4044.138, webStorageEnabled: true}
Session ID: 97f253c3a4b4983c877156e8ec0698e1
*** Element info: {Using=xpath, value=(//input[@type='text'])[199]}
2020-05-21 17:00:29 INFO  webeventlistener:129 - Test case failed...refer below screen-shot for detailed info
2020-05-21 17:06:18 INFO  webeventlistener:129 - Exception occured: org.openqa.selenium.NoSuchElementException: no such element: Unable to locate element: {"method":"xpath","selector":"(//input[@type='text'])[199]"}
  (Session info: chrome=81.0.4044.138)
  (Driver info: chromedriver=2.39.562718 (9a2698cba08cf5a471a29d30c8b3e12becabb0e9),platform=Windows NT 10.0.18362 x86_64) (WARNING: The server did not provide any stacktrace information)
Command duration or timeout: 0 milliseconds
For documentation on this error, please visit: https://www.seleniumhq.org/exceptions/no_such_element.html
Build info: version: '3.141.59', revision: 'e82be7d358', time: '2018-11-14T08:17:03'
System info: host: 'LAPTOP-AV2ODUL9', ip: '169.254.106.151', os.name: 'Windows 10', os.arch: 'amd64', os.version: '10.0', java.version: '1.8.0_171'
Driver info: org.openqa.selenium.chrome.ChromeDriver
Capabilities {acceptInsecureCerts: false, acceptSslCerts: false, applicationCacheEnabled: false, browserConnectionEnabled: false, browserName: chrome, chrome: {chromedriverVersion: 2.39.562718 (9a2698cba08cf5..., userDataDir: C:\Users\HP\AppData\Local\T...}, cssSelectorsEnabled: true, databaseEnabled: false, handlesAlerts: true, hasTouchScreen: false, javascriptEnabled: true, locationContextEnabled: true, mobileEmulationEnabled: false, nativeEvents: true, networkConnectionEnabled: false, pageLoadStrategy: normal, platform: XP, platformName: XP, rotatable: false, setWindowRect: true, takesHeapSnapshot: true, takesScreenshot: true, unexpectedAlertBehaviour: , unhandledPromptBehavior: , version: 81.0.4044.138, webStorageEnabled: true}
Session ID: 730a3fa8efbecf6f778f80ba5ddfa7ee
*** Element info: {Using=xpath, value=(//input[@type='text'])[199]}
2020-05-21 17:06:18 INFO  webeventlistener:129 - Test case failed...refer below screen-shot for detailed info
2020-05-21 17:14:24 INFO  webeventlistener:129 - Exception occured: org.openqa.selenium.NoSuchElementException: no such element: Unable to locate element: {"method":"xpath","selector":"(//input[@type='text'])[199]"}
  (Session info: chrome=81.0.4044.138)
  (Driver info: chromedriver=2.39.562718 (9a2698cba08cf5a471a29d30c8b3e12becabb0e9),platform=Windows NT 10.0.18362 x86_64) (WARNING: The server did not provide any stacktrace information)
Command duration or timeout: 0 milliseconds
For documentation on this error, please visit: https://www.seleniumhq.org/exceptions/no_such_element.html
Build info: version: '3.141.59', revision: 'e82be7d358', time: '2018-11-14T08:17:03'
System info: host: 'LAPTOP-AV2ODUL9', ip: '169.254.106.151', os.name: 'Windows 10', os.arch: 'amd64', os.version: '10.0', java.version: '1.8.0_171'
Driver info: org.openqa.selenium.chrome.ChromeDriver
Capabilities {acceptInsecureCerts: false, acceptSslCerts: false, applicationCacheEnabled: false, browserConnectionEnabled: false, browserName: chrome, chrome: {chromedriverVersion: 2.39.562718 (9a2698cba08cf5..., userDataDir: C:\Users\HP\AppData\Local\T...}, cssSelectorsEnabled: true, databaseEnabled: false, handlesAlerts: true, hasTouchScreen: false, javascriptEnabled: true, locationContextEnabled: true, mobileEmulationEnabled: false, nativeEvents: true, networkConnectionEnabled: false, pageLoadStrategy: normal, platform: XP, platformName: XP, rotatable: false, setWindowRect: true, takesHeapSnapshot: true, takesScreenshot: true, unexpectedAlertBehaviour: , unhandledPromptBehavior: , version: 81.0.4044.138, webStorageEnabled: true}
Session ID: c5fcbfa23cec2102610ba662001ee54e
*** Element info: {Using=xpath, value=(//input[@type='text'])[199]}
2020-05-21 17:14:24 INFO  webeventlistener:129 - Test case failed...refer below screen-shot for detailed info
2020-05-21 17:19:58 INFO  webeventlistener:129 - Exception occured: org.openqa.selenium.NoSuchElementException: no such element: Unable to locate element: {"method":"xpath","selector":"(//input[@type='text'])[199]"}
  (Session info: chrome=81.0.4044.138)
  (Driver info: chromedriver=2.39.562718 (9a2698cba08cf5a471a29d30c8b3e12becabb0e9),platform=Windows NT 10.0.18362 x86_64) (WARNING: The server did not provide any stacktrace information)
Command duration or timeout: 0 milliseconds
For documentation on this error, please visit: https://www.seleniumhq.org/exceptions/no_such_element.html
Build info: version: '3.141.59', revision: 'e82be7d358', time: '2018-11-14T08:17:03'
System info: host: 'LAPTOP-AV2ODUL9', ip: '169.254.106.151', os.name: 'Windows 10', os.arch: 'amd64', os.version: '10.0', java.version: '1.8.0_171'
Driver info: org.openqa.selenium.chrome.ChromeDriver
Capabilities {acceptInsecureCerts: false, acceptSslCerts: false, applicationCacheEnabled: false, browserConnectionEnabled: false, browserName: chrome, chrome: {chromedriverVersion: 2.39.562718 (9a2698cba08cf5..., userDataDir: C:\Users\HP\AppData\Local\T...}, cssSelectorsEnabled: true, databaseEnabled: false, handlesAlerts: true, hasTouchScreen: false, javascriptEnabled: true, locationContextEnabled: true, mobileEmulationEnabled: false, nativeEvents: true, networkConnectionEnabled: false, pageLoadStrategy: normal, platform: XP, platformName: XP, rotatable: false, setWindowRect: true, takesHeapSnapshot: true, takesScreenshot: true, unexpectedAlertBehaviour: , unhandledPromptBehavior: , version: 81.0.4044.138, webStorageEnabled: true}
Session ID: 10991928cea1e0b9e507315011820012
*** Element info: {Using=xpath, value=(//input[@type='text'])[199]}
2020-05-21 17:19:58 INFO  webeventlistener:129 - Test case failed...refer below screen-shot for detailed info
2020-05-21 17:23:47 INFO  webeventlistener:129 - Exception occured: org.openqa.selenium.NoSuchElementException: no such element: Unable to locate element: {"method":"xpath","selector":"(//input[@type='text'])[199]"}
  (Session info: chrome=81.0.4044.138)
  (Driver info: chromedriver=2.39.562718 (9a2698cba08cf5a471a29d30c8b3e12becabb0e9),platform=Windows NT 10.0.18362 x86_64) (WARNING: The server did not provide any stacktrace information)
Command duration or timeout: 0 milliseconds
For documentation on this error, please visit: https://www.seleniumhq.org/exceptions/no_such_element.html
Build info: version: '3.141.59', revision: 'e82be7d358', time: '2018-11-14T08:17:03'
System info: host: 'LAPTOP-AV2ODUL9', ip: '169.254.106.151', os.name: 'Windows 10', os.arch: 'amd64', os.version: '10.0', java.version: '1.8.0_171'
Driver info: org.openqa.selenium.chrome.ChromeDriver
Capabilities {acceptInsecureCerts: false, acceptSslCerts: false, applicationCacheEnabled: false, browserConnectionEnabled: false, browserName: chrome, chrome: {chromedriverVersion: 2.39.562718 (9a2698cba08cf5..., userDataDir: C:\Users\HP\AppData\Local\T...}, cssSelectorsEnabled: true, databaseEnabled: false, handlesAlerts: true, hasTouchScreen: false, javascriptEnabled: true, locationContextEnabled: true, mobileEmulationEnabled: false, nativeEvents: true, networkConnectionEnabled: false, pageLoadStrategy: normal, platform: XP, platformName: XP, rotatable: false, setWindowRect: true, takesHeapSnapshot: true, takesScreenshot: true, unexpectedAlertBehaviour: , unhandledPromptBehavior: , version: 81.0.4044.138, webStorageEnabled: true}
Session ID: d30f5567f34c32e2f2ffef1cf5abb5b9
*** Element info: {Using=xpath, value=(//input[@type='text'])[199]}
2020-05-21 17:23:47 INFO  webeventlistener:129 - Test case failed...refer below screen-shot for detailed info
2020-05-21 17:31:40 INFO  webeventlistener:129 - Exception occured: org.openqa.selenium.NoSuchElementException: no such element: Unable to locate element: {"method":"xpath","selector":"(//input[@type='text'])[199]"}
  (Session info: chrome=81.0.4044.138)
  (Driver info: chromedriver=2.39.562718 (9a2698cba08cf5a471a29d30c8b3e12becabb0e9),platform=Windows NT 10.0.18362 x86_64) (WARNING: The server did not provide any stacktrace information)
Command duration or timeout: 0 milliseconds
For documentation on this error, please visit: https://www.seleniumhq.org/exceptions/no_such_element.html
Build info: version: '3.141.59', revision: 'e82be7d358', time: '2018-11-14T08:17:03'
System info: host: 'LAPTOP-AV2ODUL9', ip: '169.254.106.151', os.name: 'Windows 10', os.arch: 'amd64', os.version: '10.0', java.version: '1.8.0_171'
Driver info: org.openqa.selenium.chrome.ChromeDriver
Capabilities {acceptInsecureCerts: false, acceptSslCerts: false, applicationCacheEnabled: false, browserConnectionEnabled: false, browserName: chrome, chrome: {chromedriverVersion: 2.39.562718 (9a2698cba08cf5..., userDataDir: C:\Users\HP\AppData\Local\T...}, cssSelectorsEnabled: true, databaseEnabled: false, handlesAlerts: true, hasTouchScreen: false, javascriptEnabled: true, locationContextEnabled: true, mobileEmulationEnabled: false, nativeEvents: true, networkConnectionEnabled: false, pageLoadStrategy: normal, platform: XP, platformName: XP, rotatable: false, setWindowRect: true, takesHeapSnapshot: true, takesScreenshot: true, unexpectedAlertBehaviour: , unhandledPromptBehavior: , version: 81.0.4044.138, webStorageEnabled: true}
Session ID: 7d012457af576f7529e35c4622ed4fc9
*** Element info: {Using=xpath, value=(//input[@type='text'])[199]}
2020-05-21 17:31:40 INFO  webeventlistener:129 - Test case failed...refer below screen-shot for detailed info
2020-05-21 17:37:35 INFO  webeventlistener:129 - Exception occured: org.openqa.selenium.NoSuchElementException: no such element: Unable to locate element: {"method":"xpath","selector":"(//input[@type='text'])[199]"}
  (Session info: chrome=81.0.4044.138)
  (Driver info: chromedriver=2.39.562718 (9a2698cba08cf5a471a29d30c8b3e12becabb0e9),platform=Windows NT 10.0.18362 x86_64) (WARNING: The server did not provide any stacktrace information)
Command duration or timeout: 0 milliseconds
For documentation on this error, please visit: https://www.seleniumhq.org/exceptions/no_such_element.html
Build info: version: '3.141.59', revision: 'e82be7d358', time: '2018-11-14T08:17:03'
System info: host: 'LAPTOP-AV2ODUL9', ip: '169.254.106.151', os.name: 'Windows 10', os.arch: 'amd64', os.version: '10.0', java.version: '1.8.0_171'
Driver info: org.openqa.selenium.chrome.ChromeDriver
Capabilities {acceptInsecureCerts: false, acceptSslCerts: false, applicationCacheEnabled: false, browserConnectionEnabled: false, browserName: chrome, chrome: {chromedriverVersion: 2.39.562718 (9a2698cba08cf5..., userDataDir: C:\Users\HP\AppData\Local\T...}, cssSelectorsEnabled: true, databaseEnabled: false, handlesAlerts: true, hasTouchScreen: false, javascriptEnabled: true, locationContextEnabled: true, mobileEmulationEnabled: false, nativeEvents: true, networkConnectionEnabled: false, pageLoadStrategy: normal, platform: XP, platformName: XP, rotatable: false, setWindowRect: true, takesHeapSnapshot: true, takesScreenshot: true, unexpectedAlertBehaviour: , unhandledPromptBehavior: , version: 81.0.4044.138, webStorageEnabled: true}
Session ID: dfcfaac41ae728dfd9a705942ac53010
*** Element info: {Using=xpath, value=(//input[@type='text'])[199]}
2020-05-21 17:37:35 INFO  webeventlistener:129 - Test case failed...refer below screen-shot for detailed info
2020-05-25 19:28:45 INFO  webeventlistener:129 - Exception occured: org.openqa.selenium.NoSuchElementException: no such element: Unable to locate element: {"method":"xpath","selector":"(//input[@type='text'])[199]"}
  (Session info: chrome=81.0.4044.138)
  (Driver info: chromedriver=2.39.562718 (9a2698cba08cf5a471a29d30c8b3e12becabb0e9),platform=Windows NT 10.0.18362 x86_64) (WARNING: The server did not provide any stacktrace information)
Command duration or timeout: 0 milliseconds
For documentation on this error, please visit: https://www.seleniumhq.org/exceptions/no_such_element.html
Build info: version: '3.141.59', revision: 'e82be7d358', time: '2018-11-14T08:17:03'
System info: host: 'LAPTOP-AV2ODUL9', ip: '169.254.106.151', os.name: 'Windows 10', os.arch: 'amd64', os.version: '10.0', java.version: '1.8.0_171'
Driver info: org.openqa.selenium.chrome.ChromeDriver
Capabilities {acceptInsecureCerts: false, acceptSslCerts: false, applicationCacheEnabled: false, browserConnectionEnabled: false, browserName: chrome, chrome: {chromedriverVersion: 2.39.562718 (9a2698cba08cf5..., userDataDir: C:\Users\HP\AppData\Local\T...}, cssSelectorsEnabled: true, databaseEnabled: false, handlesAlerts: true, hasTouchScreen: false, javascriptEnabled: true, locationContextEnabled: true, mobileEmulationEnabled: false, nativeEvents: true, networkConnectionEnabled: false, pageLoadStrategy: normal, platform: XP, platformName: XP, rotatable: false, setWindowRect: true, takesHeapSnapshot: true, takesScreenshot: true, unexpectedAlertBehaviour: , unhandledPromptBehavior: , version: 81.0.4044.138, webStorageEnabled: true}
Session ID: 6f6313872f0bed1fb456808d53c738db
*** Element info: {Using=xpath, value=(//input[@type='text'])[199]}
2020-05-25 19:28:45 INFO  webeventlistener:129 - Test case failed...refer below screen-shot for detailed info
2020-05-25 19:33:25 INFO  webeventlistener:129 - Exception occured: org.openqa.selenium.NoSuchElementException: no such element: Unable to locate element: {"method":"xpath","selector":"(//input[@type='text'])[199]"}
  (Session info: chrome=81.0.4044.138)
  (Driver info: chromedriver=2.39.562718 (9a2698cba08cf5a471a29d30c8b3e12becabb0e9),platform=Windows NT 10.0.18362 x86_64) (WARNING: The server did not provide any stacktrace information)
Command duration or timeout: 0 milliseconds
For documentation on this error, please visit: https://www.seleniumhq.org/exceptions/no_such_element.html
Build info: version: '3.141.59', revision: 'e82be7d358', time: '2018-11-14T08:17:03'
System info: host: 'LAPTOP-AV2ODUL9', ip: '169.254.106.151', os.name: 'Windows 10', os.arch: 'amd64', os.version: '10.0', java.version: '1.8.0_171'
Driver info: org.openqa.selenium.chrome.ChromeDriver
Capabilities {acceptInsecureCerts: false, acceptSslCerts: false, applicationCacheEnabled: false, browserConnectionEnabled: false, browserName: chrome, chrome: {chromedriverVersion: 2.39.562718 (9a2698cba08cf5..., userDataDir: C:\Users\HP\AppData\Local\T...}, cssSelectorsEnabled: true, databaseEnabled: false, handlesAlerts: true, hasTouchScreen: false, javascriptEnabled: true, locationContextEnabled: true, mobileEmulationEnabled: false, nativeEvents: true, networkConnectionEnabled: false, pageLoadStrategy: normal, platform: XP, platformName: XP, rotatable: false, setWindowRect: true, takesHeapSnapshot: true, takesScreenshot: true, unexpectedAlertBehaviour: , unhandledPromptBehavior: , version: 81.0.4044.138, webStorageEnabled: true}
Session ID: 692ee0b2e7647286838891d325a53a5b
*** Element info: {Using=xpath, value=(//input[@type='text'])[199]}
2020-05-25 19:33:25 INFO  webeventlistener:129 - Test case failed...refer below screen-shot for detailed info
2020-05-25 19:39:04 INFO  webeventlistener:129 - Exception occured: org.openqa.selenium.NoSuchElementException: no such element: Unable to locate element: {"method":"xpath","selector":"(//input[@type='text'])[199]"}
  (Session info: chrome=81.0.4044.138)
  (Driver info: chromedriver=2.39.562718 (9a2698cba08cf5a471a29d30c8b3e12becabb0e9),platform=Windows NT 10.0.18362 x86_64) (WARNING: The server did not provide any stacktrace information)
Command duration or timeout: 0 milliseconds
For documentation on this error, please visit: https://www.seleniumhq.org/exceptions/no_such_element.html
Build info: version: '3.141.59', revision: 'e82be7d358', time: '2018-11-14T08:17:03'
System info: host: 'LAPTOP-AV2ODUL9', ip: '169.254.106.151', os.name: 'Windows 10', os.arch: 'amd64', os.version: '10.0', java.version: '1.8.0_171'
Driver info: org.openqa.selenium.chrome.ChromeDriver
Capabilities {acceptInsecureCerts: false, acceptSslCerts: false, applicationCacheEnabled: false, browserConnectionEnabled: false, browserName: chrome, chrome: {chromedriverVersion: 2.39.562718 (9a2698cba08cf5..., userDataDir: C:\Users\HP\AppData\Local\T...}, cssSelectorsEnabled: true, databaseEnabled: false, handlesAlerts: true, hasTouchScreen: false, javascriptEnabled: true, locationContextEnabled: true, mobileEmulationEnabled: false, nativeEvents: true, networkConnectionEnabled: false, pageLoadStrategy: normal, platform: XP, platformName: XP, rotatable: false, setWindowRect: true, takesHeapSnapshot: true, takesScreenshot: true, unexpectedAlertBehaviour: , unhandledPromptBehavior: , version: 81.0.4044.138, webStorageEnabled: true}
Session ID: b981fcd55f7de88a6a4ca8eff544e943
*** Element info: {Using=xpath, value=(//input[@type='text'])[199]}
2020-05-25 19:39:04 INFO  webeventlistener:129 - Test case failed...refer below screen-shot for detailed info
2020-05-25 19:39:05 INFO  webeventlistener:129 - Exception occured: org.openqa.selenium.NoSuchSessionException: Session ID is null. Using WebDriver after calling quit()?
Build info: version: '3.141.59', revision: 'e82be7d358', time: '2018-11-14T08:17:03'
System info: host: 'LAPTOP-AV2ODUL9', ip: '169.254.106.151', os.name: 'Windows 10', os.arch: 'amd64', os.version: '10.0', java.version: '1.8.0_171'
Driver info: driver.version: EventFiringWebDriver
2020-05-25 19:39:05 INFO  webeventlistener:129 - Test case failed...refer below screen-shot for detailed info
2020-05-25 19:40:28 INFO  webeventlistener:129 - Exception occured: org.openqa.selenium.NoSuchElementException: no such element: Unable to locate element: {"method":"xpath","selector":"(//input[@type='text'])[199]"}
  (Session info: chrome=81.0.4044.138)
  (Driver info: chromedriver=2.39.562718 (9a2698cba08cf5a471a29d30c8b3e12becabb0e9),platform=Windows NT 10.0.18362 x86_64) (WARNING: The server did not provide any stacktrace information)
Command duration or timeout: 0 milliseconds
For documentation on this error, please visit: https://www.seleniumhq.org/exceptions/no_such_element.html
Build info: version: '3.141.59', revision: 'e82be7d358', time: '2018-11-14T08:17:03'
System info: host: 'LAPTOP-AV2ODUL9', ip: '169.254.106.151', os.name: 'Windows 10', os.arch: 'amd64', os.version: '10.0', java.version: '1.8.0_171'
Driver info: org.openqa.selenium.chrome.ChromeDriver
Capabilities {acceptInsecureCerts: false, acceptSslCerts: false, applicationCacheEnabled: false, browserConnectionEnabled: false, browserName: chrome, chrome: {chromedriverVersion: 2.39.562718 (9a2698cba08cf5..., userDataDir: C:\Users\HP\AppData\Local\T...}, cssSelectorsEnabled: true, databaseEnabled: false, handlesAlerts: true, hasTouchScreen: false, javascriptEnabled: true, locationContextEnabled: true, mobileEmulationEnabled: false, nativeEvents: true, networkConnectionEnabled: false, pageLoadStrategy: normal, platform: XP, platformName: XP, rotatable: false, setWindowRect: true, takesHeapSnapshot: true, takesScreenshot: true, unexpectedAlertBehaviour: , unhandledPromptBehavior: , version: 81.0.4044.138, webStorageEnabled: true}
Session ID: 964f92d6d7129399205485f95ba579c3
*** Element info: {Using=xpath, value=(//input[@type='text'])[199]}
2020-05-25 19:40:28 INFO  webeventlistener:129 - Test case failed...refer below screen-shot for detailed info
2020-05-25 19:40:29 INFO  webeventlistener:129 - Exception occured: org.openqa.selenium.NoSuchSessionException: Session ID is null. Using WebDriver after calling quit()?
Build info: version: '3.141.59', revision: 'e82be7d358', time: '2018-11-14T08:17:03'
System info: host: 'LAPTOP-AV2ODUL9', ip: '169.254.106.151', os.name: 'Windows 10', os.arch: 'amd64', os.version: '10.0', java.version: '1.8.0_171'
Driver info: driver.version: EventFiringWebDriver
2020-05-25 19:40:29 INFO  webeventlistener:129 - Test case failed...refer below screen-shot for detailed info
2020-05-25 19:49:27 INFO  webeventlistener:129 - Found Element By : By.xpath: (//input[@type='text'])[1]
2020-05-25 19:52:24 INFO  webeventlistener:129 - Exception occured: org.openqa.selenium.NoSuchElementException: no such element: Unable to locate element: {"method":"xpath","selector":"(//input[@type='text'])[122]"}
  (Session info: chrome=81.0.4044.138)
  (Driver info: chromedriver=2.39.562718 (9a2698cba08cf5a471a29d30c8b3e12becabb0e9),platform=Windows NT 10.0.18362 x86_64) (WARNING: The server did not provide any stacktrace information)
Command duration or timeout: 0 milliseconds
For documentation on this error, please visit: https://www.seleniumhq.org/exceptions/no_such_element.html
Build info: version: '3.141.59', revision: 'e82be7d358', time: '2018-11-14T08:17:03'
System info: host: 'LAPTOP-AV2ODUL9', ip: '169.254.106.151', os.name: 'Windows 10', os.arch: 'amd64', os.version: '10.0', java.version: '1.8.0_171'
Driver info: org.openqa.selenium.chrome.ChromeDriver
Capabilities {acceptInsecureCerts: false, acceptSslCerts: false, applicationCacheEnabled: false, browserConnectionEnabled: false, browserName: chrome, chrome: {chromedriverVersion: 2.39.562718 (9a2698cba08cf5..., userDataDir: C:\Users\HP\AppData\Local\T...}, cssSelectorsEnabled: true, databaseEnabled: false, handlesAlerts: true, hasTouchScreen: false, javascriptEnabled: true, locationContextEnabled: true, mobileEmulationEnabled: false, nativeEvents: true, networkConnectionEnabled: false, pageLoadStrategy: normal, platform: XP, platformName: XP, rotatable: false, setWindowRect: true, takesHeapSnapshot: true, takesScreenshot: true, unexpectedAlertBehaviour: , unhandledPromptBehavior: , version: 81.0.4044.138, webStorageEnabled: true}
Session ID: 04117b448eddbfd0308fa468139f16b9
*** Element info: {Using=xpath, value=(//input[@type='text'])[122]}
2020-05-25 19:52:24 INFO  webeventlistener:129 - Test case failed...refer below screen-shot for detailed info
2020-05-25 19:52:25 INFO  webeventlistener:129 - Exception occured: org.openqa.selenium.NoSuchSessionException: Session ID is null. Using WebDriver after calling quit()?
Build info: version: '3.141.59', revision: 'e82be7d358', time: '2018-11-14T08:17:03'
System info: host: 'LAPTOP-AV2ODUL9', ip: '169.254.106.151', os.name: 'Windows 10', os.arch: 'amd64', os.version: '10.0', java.version: '1.8.0_171'
Driver info: driver.version: EventFiringWebDriver
2020-05-25 19:52:25 INFO  webeventlistener:129 - Test case failed...refer below screen-shot for detailed info
2020-05-25 19:54:43 INFO  webeventlistener:129 - Exception occured: org.openqa.selenium.NoSuchElementException: no such element: Unable to locate element: {"method":"xpath","selector":"(//input[@type='text'])[122]"}
  (Session info: chrome=81.0.4044.138)
  (Driver info: chromedriver=2.39.562718 (9a2698cba08cf5a471a29d30c8b3e12becabb0e9),platform=Windows NT 10.0.18362 x86_64) (WARNING: The server did not provide any stacktrace information)
Command duration or timeout: 0 milliseconds
For documentation on this error, please visit: https://www.seleniumhq.org/exceptions/no_such_element.html
Build info: version: '3.141.59', revision: 'e82be7d358', time: '2018-11-14T08:17:03'
System info: host: 'LAPTOP-AV2ODUL9', ip: '169.254.106.151', os.name: 'Windows 10', os.arch: 'amd64', os.version: '10.0', java.version: '1.8.0_171'
Driver info: org.openqa.selenium.chrome.ChromeDriver
Capabilities {acceptInsecureCerts: false, acceptSslCerts: false, applicationCacheEnabled: false, browserConnectionEnabled: false, browserName: chrome, chrome: {chromedriverVersion: 2.39.562718 (9a2698cba08cf5..., userDataDir: C:\Users\HP\AppData\Local\T...}, cssSelectorsEnabled: true, databaseEnabled: false, handlesAlerts: true, hasTouchScreen: false, javascriptEnabled: true, locationContextEnabled: true, mobileEmulationEnabled: false, nativeEvents: true, networkConnectionEnabled: false, pageLoadStrategy: normal, platform: XP, platformName: XP, rotatable: false, setWindowRect: true, takesHeapSnapshot: true, takesScreenshot: true, unexpectedAlertBehaviour: , unhandledPromptBehavior: , version: 81.0.4044.138, webStorageEnabled: true}
Session ID: 89830a34fad9cae62a525ea7a9e48e68
*** Element info: {Using=xpath, value=(//input[@type='text'])[122]}
2020-05-25 19:54:43 INFO  webeventlistener:129 - Test case failed...refer below screen-shot for detailed info
2020-05-25 20:02:46 INFO  webeventlistener:129 - Exception occured: org.openqa.selenium.NoSuchElementException: no such element: Unable to locate element: {"method":"xpath","selector":"(//input[@type='text'])[122]"}
  (Session info: chrome=81.0.4044.138)
  (Driver info: chromedriver=2.39.562718 (9a2698cba08cf5a471a29d30c8b3e12becabb0e9),platform=Windows NT 10.0.18362 x86_64) (WARNING: The server did not provide any stacktrace information)
Command duration or timeout: 0 milliseconds
For documentation on this error, please visit: https://www.seleniumhq.org/exceptions/no_such_element.html
Build info: version: '3.141.59', revision: 'e82be7d358', time: '2018-11-14T08:17:03'
System info: host: 'LAPTOP-AV2ODUL9', ip: '169.254.106.151', os.name: 'Windows 10', os.arch: 'amd64', os.version: '10.0', java.version: '1.8.0_171'
Driver info: org.openqa.selenium.chrome.ChromeDriver
Capabilities {acceptInsecureCerts: false, acceptSslCerts: false, applicationCacheEnabled: false, browserConnectionEnabled: false, browserName: chrome, chrome: {chromedriverVersion: 2.39.562718 (9a2698cba08cf5..., userDataDir: C:\Users\HP\AppData\Local\T...}, cssSelectorsEnabled: true, databaseEnabled: false, handlesAlerts: true, hasTouchScreen: false, javascriptEnabled: true, locationContextEnabled: true, mobileEmulationEnabled: false, nativeEvents: true, networkConnectionEnabled: false, pageLoadStrategy: normal, platform: XP, platformName: XP, rotatable: false, setWindowRect: true, takesHeapSnapshot: true, takesScreenshot: true, unexpectedAlertBehaviour: , unhandledPromptBehavior: , version: 81.0.4044.138, webStorageEnabled: true}
Session ID: d3de9efc0d86b72c9005e95f722e7242
*** Element info: {Using=xpath, value=(//input[@type='text'])[122]}
2020-05-25 20:02:46 INFO  webeventlistener:129 - Test case failed...refer below screen-shot for detailed info
2020-05-25 20:02:47 INFO  webeventlistener:129 - Exception occured: org.openqa.selenium.NoSuchSessionException: Session ID is null. Using WebDriver after calling quit()?
Build info: version: '3.141.59', revision: 'e82be7d358', time: '2018-11-14T08:17:03'
System info: host: 'LAPTOP-AV2ODUL9', ip: '169.254.106.151', os.name: 'Windows 10', os.arch: 'amd64', os.version: '10.0', java.version: '1.8.0_171'
Driver info: driver.version: EventFiringWebDriver
2020-05-25 20:02:47 INFO  webeventlistener:129 - Test case failed...refer below screen-shot for detailed info
2020-05-25 20:21:31 INFO  webeventlistener:129 - Exception occured: org.openqa.selenium.NoSuchElementException: no such element: Unable to locate element: {"method":"xpath","selector":"(//input[@type='text'])[122]"}
  (Session info: chrome=81.0.4044.138)
  (Driver info: chromedriver=2.39.562718 (9a2698cba08cf5a471a29d30c8b3e12becabb0e9),platform=Windows NT 10.0.18362 x86_64) (WARNING: The server did not provide any stacktrace information)
Command duration or timeout: 0 milliseconds
For documentation on this error, please visit: https://www.seleniumhq.org/exceptions/no_such_element.html
Build info: version: '3.141.59', revision: 'e82be7d358', time: '2018-11-14T08:17:03'
System info: host: 'LAPTOP-AV2ODUL9', ip: '169.254.106.151', os.name: 'Windows 10', os.arch: 'amd64', os.version: '10.0', java.version: '1.8.0_171'
Driver info: org.openqa.selenium.chrome.ChromeDriver
Capabilities {acceptInsecureCerts: false, acceptSslCerts: false, applicationCacheEnabled: false, browserConnectionEnabled: false, browserName: chrome, chrome: {chromedriverVersion: 2.39.562718 (9a2698cba08cf5..., userDataDir: C:\Users\HP\AppData\Local\T...}, cssSelectorsEnabled: true, databaseEnabled: false, handlesAlerts: true, hasTouchScreen: false, javascriptEnabled: true, locationContextEnabled: true, mobileEmulationEnabled: false, nativeEvents: true, networkConnectionEnabled: false, pageLoadStrategy: normal, platform: XP, platformName: XP, rotatable: false, setWindowRect: true, takesHeapSnapshot: true, takesScreenshot: true, unexpectedAlertBehaviour: , unhandledPromptBehavior: , version: 81.0.4044.138, webStorageEnabled: true}
Session ID: decdcf7fcda709caa07f1bbdeee3c067
*** Element info: {Using=xpath, value=(//input[@type='text'])[122]}
2020-05-25 20:21:31 INFO  webeventlistener:129 - Test case failed...refer below screen-shot for detailed info
2020-05-25 20:21:32 INFO  webeventlistener:129 - Exception occured: org.openqa.selenium.NoSuchSessionException: Session ID is null. Using WebDriver after calling quit()?
Build info: version: '3.141.59', revision: 'e82be7d358', time: '2018-11-14T08:17:03'
System info: host: 'LAPTOP-AV2ODUL9', ip: '169.254.106.151', os.name: 'Windows 10', os.arch: 'amd64', os.version: '10.0', java.version: '1.8.0_171'
Driver info: driver.version: EventFiringWebDriver
2020-05-25 20:21:32 INFO  webeventlistener:129 - Test case failed...refer below screen-shot for detailed info
2020-05-25 20:31:07 INFO  webeventlistener:129 - Exception occured: org.openqa.selenium.NoSuchElementException: no such element: Unable to locate element: {"method":"xpath","selector":"(//input[@type='text'])[122]"}
  (Session info: chrome=81.0.4044.138)
  (Driver info: chromedriver=2.39.562718 (9a2698cba08cf5a471a29d30c8b3e12becabb0e9),platform=Windows NT 10.0.18362 x86_64) (WARNING: The server did not provide any stacktrace information)
Command duration or timeout: 0 milliseconds
For documentation on this error, please visit: https://www.seleniumhq.org/exceptions/no_such_element.html
Build info: version: '3.141.59', revision: 'e82be7d358', time: '2018-11-14T08:17:03'
System info: host: 'LAPTOP-AV2ODUL9', ip: '169.254.106.151', os.name: 'Windows 10', os.arch: 'amd64', os.version: '10.0', java.version: '1.8.0_171'
Driver info: org.openqa.selenium.chrome.ChromeDriver
Capabilities {acceptInsecureCerts: false, acceptSslCerts: false, applicationCacheEnabled: false, browserConnectionEnabled: false, browserName: chrome, chrome: {chromedriverVersion: 2.39.562718 (9a2698cba08cf5..., userDataDir: C:\Users\HP\AppData\Local\T...}, cssSelectorsEnabled: true, databaseEnabled: false, handlesAlerts: true, hasTouchScreen: false, javascriptEnabled: true, locationContextEnabled: true, mobileEmulationEnabled: false, nativeEvents: true, networkConnectionEnabled: false, pageLoadStrategy: normal, platform: XP, platformName: XP, rotatable: false, setWindowRect: true, takesHeapSnapshot: true, takesScreenshot: true, unexpectedAlertBehaviour: , unhandledPromptBehavior: , version: 81.0.4044.138, webStorageEnabled: true}
Session ID: 95224689ac463cb68cef5af37a503e3a
*** Element info: {Using=xpath, value=(//input[@type='text'])[122]}
2020-05-25 20:31:07 INFO  webeventlistener:129 - Test case failed...refer below screen-shot for detailed info
2020-05-25 20:31:08 INFO  webeventlistener:129 - Exception occured: org.openqa.selenium.NoSuchSessionException: Session ID is null. Using WebDriver after calling quit()?
Build info: version: '3.141.59', revision: 'e82be7d358', time: '2018-11-14T08:17:03'
System info: host: 'LAPTOP-AV2ODUL9', ip: '169.254.106.151', os.name: 'Windows 10', os.arch: 'amd64', os.version: '10.0', java.version: '1.8.0_171'
Driver info: driver.version: EventFiringWebDriver
2020-05-25 20:31:08 INFO  webeventlistener:129 - Test case failed...refer below screen-shot for detailed info
2020-05-25 20:35:29 INFO  webeventlistener:129 - Exception occured: org.openqa.selenium.NoSuchElementException: no such element: Unable to locate element: {"method":"xpath","selector":"(//input[@type='text'])[122]"}
  (Session info: chrome=81.0.4044.138)
  (Driver info: chromedriver=2.39.562718 (9a2698cba08cf5a471a29d30c8b3e12becabb0e9),platform=Windows NT 10.0.18362 x86_64) (WARNING: The server did not provide any stacktrace information)
Command duration or timeout: 0 milliseconds
For documentation on this error, please visit: https://www.seleniumhq.org/exceptions/no_such_element.html
Build info: version: '3.141.59', revision: 'e82be7d358', time: '2018-11-14T08:17:03'
System info: host: 'LAPTOP-AV2ODUL9', ip: '169.254.106.151', os.name: 'Windows 10', os.arch: 'amd64', os.version: '10.0', java.version: '1.8.0_171'
Driver info: org.openqa.selenium.chrome.ChromeDriver
Capabilities {acceptInsecureCerts: false, acceptSslCerts: false, applicationCacheEnabled: false, browserConnectionEnabled: false, browserName: chrome, chrome: {chromedriverVersion: 2.39.562718 (9a2698cba08cf5..., userDataDir: C:\Users\HP\AppData\Local\T...}, cssSelectorsEnabled: true, databaseEnabled: false, handlesAlerts: true, hasTouchScreen: false, javascriptEnabled: true, locationContextEnabled: true, mobileEmulationEnabled: false, nativeEvents: true, networkConnectionEnabled: false, pageLoadStrategy: normal, platform: XP, platformName: XP, rotatable: false, setWindowRect: true, takesHeapSnapshot: true, takesScreenshot: true, unexpectedAlertBehaviour: , unhandledPromptBehavior: , version: 81.0.4044.138, webStorageEnabled: true}
Session ID: d3b78ca2189fa6721001ea7908407e3b
*** Element info: {Using=xpath, value=(//input[@type='text'])[122]}
2020-05-25 20:35:29 INFO  webeventlistener:129 - Test case failed...refer below screen-shot for detailed info
2020-05-25 20:35:30 INFO  webeventlistener:129 - Exception occured: org.openqa.selenium.NoSuchSessionException: Session ID is null. Using WebDriver after calling quit()?
Build info: version: '3.141.59', revision: 'e82be7d358', time: '2018-11-14T08:17:03'
System info: host: 'LAPTOP-AV2ODUL9', ip: '169.254.106.151', os.name: 'Windows 10', os.arch: 'amd64', os.version: '10.0', java.version: '1.8.0_171'
Driver info: driver.version: EventFiringWebDriver
2020-05-25 20:35:30 INFO  webeventlistener:129 - Test case failed...refer below screen-shot for detailed info
2020-05-25 20:36:47 INFO  webeventlistener:129 - Exception occured: org.openqa.selenium.NoSuchElementException: no such element: Unable to locate element: {"method":"xpath","selector":"(//input[@type='text'])[122]"}
  (Session info: chrome=81.0.4044.138)
  (Driver info: chromedriver=2.39.562718 (9a2698cba08cf5a471a29d30c8b3e12becabb0e9),platform=Windows NT 10.0.18362 x86_64) (WARNING: The server did not provide any stacktrace information)
Command duration or timeout: 0 milliseconds
For documentation on this error, please visit: https://www.seleniumhq.org/exceptions/no_such_element.html
Build info: version: '3.141.59', revision: 'e82be7d358', time: '2018-11-14T08:17:03'
System info: host: 'LAPTOP-AV2ODUL9', ip: '169.254.106.151', os.name: 'Windows 10', os.arch: 'amd64', os.version: '10.0', java.version: '1.8.0_171'
Driver info: org.openqa.selenium.chrome.ChromeDriver
Capabilities {acceptInsecureCerts: false, acceptSslCerts: false, applicationCacheEnabled: false, browserConnectionEnabled: false, browserName: chrome, chrome: {chromedriverVersion: 2.39.562718 (9a2698cba08cf5..., userDataDir: C:\Users\HP\AppData\Local\T...}, cssSelectorsEnabled: true, databaseEnabled: false, handlesAlerts: true, hasTouchScreen: false, javascriptEnabled: true, locationContextEnabled: true, mobileEmulationEnabled: false, nativeEvents: true, networkConnectionEnabled: false, pageLoadStrategy: normal, platform: XP, platformName: XP, rotatable: false, setWindowRect: true, takesHeapSnapshot: true, takesScreenshot: true, unexpectedAlertBehaviour: , unhandledPromptBehavior: , version: 81.0.4044.138, webStorageEnabled: true}
Session ID: 8d8599175458e819c92a5a797343c187
*** Element info: {Using=xpath, value=(//input[@type='text'])[122]}
2020-05-25 20:36:47 INFO  webeventlistener:129 - Test case failed...refer below screen-shot for detailed info
2020-05-25 20:36:48 INFO  webeventlistener:129 - Exception occured: org.openqa.selenium.NoSuchSessionException: Session ID is null. Using WebDriver after calling quit()?
Build info: version: '3.141.59', revision: 'e82be7d358', time: '2018-11-14T08:17:03'
System info: host: 'LAPTOP-AV2ODUL9', ip: '169.254.106.151', os.name: 'Windows 10', os.arch: 'amd64', os.version: '10.0', java.version: '1.8.0_171'
Driver info: driver.version: EventFiringWebDriver
2020-05-25 20:36:48 INFO  webeventlistener:129 - Test case failed...refer below screen-shot for detailed info
2020-05-25 20:46:56 INFO  webeventlistener:129 - Exception occured: org.openqa.selenium.NoSuchElementException: no such element: Unable to locate element: {"method":"xpath","selector":"(//input[@type='text'])[122]"}
  (Session info: chrome=81.0.4044.138)
  (Driver info: chromedriver=2.39.562718 (9a2698cba08cf5a471a29d30c8b3e12becabb0e9),platform=Windows NT 10.0.18362 x86_64) (WARNING: The server did not provide any stacktrace information)
Command duration or timeout: 0 milliseconds
For documentation on this error, please visit: https://www.seleniumhq.org/exceptions/no_such_element.html
Build info: version: '3.141.59', revision: 'e82be7d358', time: '2018-11-14T08:17:03'
System info: host: 'LAPTOP-AV2ODUL9', ip: '169.254.106.151', os.name: 'Windows 10', os.arch: 'amd64', os.version: '10.0', java.version: '1.8.0_171'
Driver info: org.openqa.selenium.chrome.ChromeDriver
Capabilities {acceptInsecureCerts: false, acceptSslCerts: false, applicationCacheEnabled: false, browserConnectionEnabled: false, browserName: chrome, chrome: {chromedriverVersion: 2.39.562718 (9a2698cba08cf5..., userDataDir: C:\Users\HP\AppData\Local\T...}, cssSelectorsEnabled: true, databaseEnabled: false, handlesAlerts: true, hasTouchScreen: false, javascriptEnabled: true, locationContextEnabled: true, mobileEmulationEnabled: false, nativeEvents: true, networkConnectionEnabled: false, pageLoadStrategy: normal, platform: XP, platformName: XP, rotatable: false, setWindowRect: true, takesHeapSnapshot: true, takesScreenshot: true, unexpectedAlertBehaviour: , unhandledPromptBehavior: , version: 81.0.4044.138, webStorageEnabled: true}
Session ID: da5b1af82c1ee8a79cd4ccd51f686f4f
*** Element info: {Using=xpath, value=(//input[@type='text'])[122]}
2020-05-25 20:46:56 INFO  webeventlistener:129 - Test case failed...refer below screen-shot for detailed info
2020-05-25 20:46:57 INFO  webeventlistener:129 - Exception occured: org.openqa.selenium.NoSuchSessionException: Session ID is null. Using WebDriver after calling quit()?
Build info: version: '3.141.59', revision: 'e82be7d358', time: '2018-11-14T08:17:03'
System info: host: 'LAPTOP-AV2ODUL9', ip: '169.254.106.151', os.name: 'Windows 10', os.arch: 'amd64', os.version: '10.0', java.version: '1.8.0_171'
Driver info: driver.version: EventFiringWebDriver
2020-05-25 20:46:57 INFO  webeventlistener:129 - Test case failed...refer below screen-shot for detailed info
2020-07-03 15:57:25 INFO  webeventlistener:129 - Exception occured: org.openqa.selenium.NoSuchElementException: no such element: Unable to locate element: {"method":"xpath","selector":"(//input[@type='text'])[122]"}
  (Session info: chrome=83.0.4103.116)
  (Driver info: chromedriver=2.39.562718 (9a2698cba08cf5a471a29d30c8b3e12becabb0e9),platform=Windows NT 10.0.18362 x86_64) (WARNING: The server did not provide any stacktrace information)
Command duration or timeout: 0 milliseconds
For documentation on this error, please visit: https://www.seleniumhq.org/exceptions/no_such_element.html
Build info: version: '3.141.59', revision: 'e82be7d358', time: '2018-11-14T08:17:03'
System info: host: 'LAPTOP-AV2ODUL9', ip: '169.254.106.151', os.name: 'Windows 10', os.arch: 'amd64', os.version: '10.0', java.version: '1.8.0_171'
Driver info: org.openqa.selenium.chrome.ChromeDriver
Capabilities {acceptInsecureCerts: false, acceptSslCerts: false, applicationCacheEnabled: false, browserConnectionEnabled: false, browserName: chrome, chrome: {chromedriverVersion: 2.39.562718 (9a2698cba08cf5..., userDataDir: C:\Users\HP\AppData\Local\T...}, cssSelectorsEnabled: true, databaseEnabled: false, handlesAlerts: true, hasTouchScreen: false, javascriptEnabled: true, locationContextEnabled: true, mobileEmulationEnabled: false, nativeEvents: true, networkConnectionEnabled: false, pageLoadStrategy: normal, platform: XP, platformName: XP, rotatable: false, setWindowRect: true, takesHeapSnapshot: true, takesScreenshot: true, unexpectedAlertBehaviour: , unhandledPromptBehavior: , version: 83.0.4103.116, webStorageEnabled: true}
Session ID: c910f2a4fa7625dccdc301473c8f7fac
*** Element info: {Using=xpath, value=(//input[@type='text'])[122]}
2020-07-03 15:57:25 INFO  webeventlistener:129 - Test case failed...refer below screen-shot for detailed info
2020-07-03 15:58:44 INFO  webeventlistener:129 - Exception occured: org.openqa.selenium.NoSuchElementException: no such element: Unable to locate element: {"method":"xpath","selector":"(//input[@type='text'])[122]"}
  (Session info: chrome=83.0.4103.116)
  (Driver info: chromedriver=2.39.562718 (9a2698cba08cf5a471a29d30c8b3e12becabb0e9),platform=Windows NT 10.0.18362 x86_64) (WARNING: The server did not provide any stacktrace information)
Command duration or timeout: 0 milliseconds
For documentation on this error, please visit: https://www.seleniumhq.org/exceptions/no_such_element.html
Build info: version: '3.141.59', revision: 'e82be7d358', time: '2018-11-14T08:17:03'
System info: host: 'LAPTOP-AV2ODUL9', ip: '169.254.106.151', os.name: 'Windows 10', os.arch: 'amd64', os.version: '10.0', java.version: '1.8.0_171'
Driver info: org.openqa.selenium.chrome.ChromeDriver
Capabilities {acceptInsecureCerts: false, acceptSslCerts: false, applicationCacheEnabled: false, browserConnectionEnabled: false, browserName: chrome, chrome: {chromedriverVersion: 2.39.562718 (9a2698cba08cf5..., userDataDir: C:\Users\HP\AppData\Local\T...}, cssSelectorsEnabled: true, databaseEnabled: false, handlesAlerts: true, hasTouchScreen: false, javascriptEnabled: true, locationContextEnabled: true, mobileEmulationEnabled: false, nativeEvents: true, networkConnectionEnabled: false, pageLoadStrategy: normal, platform: XP, platformName: XP, rotatable: false, setWindowRect: true, takesHeapSnapshot: true, takesScreenshot: true, unexpectedAlertBehaviour: , unhandledPromptBehavior: , version: 83.0.4103.116, webStorageEnabled: true}
Session ID: 26db07a02a24c2181e89216532185df7
*** Element info: {Using=xpath, value=(//input[@type='text'])[122]}
2020-07-03 15:58:44 INFO  webeventlistener:129 - Test case failed...refer below screen-shot for detailed info
2020-07-03 16:10:52 INFO  webeventlistener:129 - Exception occured: org.openqa.selenium.NoSuchElementException: no such element: Unable to locate element: {"method":"xpath","selector":"(//input[@type='text'])[122]"}
  (Session info: chrome=83.0.4103.116)
  (Driver info: chromedriver=2.39.562718 (9a2698cba08cf5a471a29d30c8b3e12becabb0e9),platform=Windows NT 10.0.18362 x86_64) (WARNING: The server did not provide any stacktrace information)
Command duration or timeout: 0 milliseconds
For documentation on this error, please visit: https://www.seleniumhq.org/exceptions/no_such_element.html
Build info: version: '3.141.59', revision: 'e82be7d358', time: '2018-11-14T08:17:03'
System info: host: 'LAPTOP-AV2ODUL9', ip: '169.254.106.151', os.name: 'Windows 10', os.arch: 'amd64', os.version: '10.0', java.version: '1.8.0_171'
Driver info: org.openqa.selenium.chrome.ChromeDriver
Capabilities {acceptInsecureCerts: false, acceptSslCerts: false, applicationCacheEnabled: false, browserConnectionEnabled: false, browserName: chrome, chrome: {chromedriverVersion: 2.39.562718 (9a2698cba08cf5..., userDataDir: C:\Users\HP\AppData\Local\T...}, cssSelectorsEnabled: true, databaseEnabled: false, handlesAlerts: true, hasTouchScreen: false, javascriptEnabled: true, locationContextEnabled: true, mobileEmulationEnabled: false, nativeEvents: true, networkConnectionEnabled: false, pageLoadStrategy: normal, platform: XP, platformName: XP, rotatable: false, setWindowRect: true, takesHeapSnapshot: true, takesScreenshot: true, unexpectedAlertBehaviour: , unhandledPromptBehavior: , version: 83.0.4103.116, webStorageEnabled: true}
Session ID: 968d942420cf15122610821ca2f2fb0b
*** Element info: {Using=xpath, value=(//input[@type='text'])[122]}
2020-07-03 16:10:52 INFO  webeventlistener:129 - Test case failed...refer below screen-shot for detailed info
2020-07-03 16:13:08 INFO  webeventlistener:129 - Exception occured: org.openqa.selenium.NoSuchElementException: Cannot locate an element using xpath=(//input[@type='text'])[122]
For documentation on this error, please visit: https://www.seleniumhq.org/exceptions/no_such_element.html
Build info: version: '3.141.59', revision: 'e82be7d358', time: '2018-11-14T08:17:03'
System info: host: 'LAPTOP-AV2ODUL9', ip: '169.254.106.151', os.name: 'Windows 10', os.arch: 'amd64', os.version: '10.0', java.version: '1.8.0_171'
Driver info: driver.version: EventFiringWebDriver
2020-07-03 16:13:08 INFO  webeventlistener:129 - Test case failed...refer below screen-shot for detailed info
2020-07-03 16:13:09 INFO  webeventlistener:129 - Exception occured: org.openqa.selenium.NoSuchSessionException: Session ID is null. Using WebDriver after calling quit()?
Build info: version: '3.141.59', revision: 'e82be7d358', time: '2018-11-14T08:17:03'
System info: host: 'LAPTOP-AV2ODUL9', ip: '169.254.106.151', os.name: 'Windows 10', os.arch: 'amd64', os.version: '10.0', java.version: '1.8.0_171'
Driver info: driver.version: EventFiringWebDriver
2020-07-03 16:13:09 INFO  webeventlistener:129 - Test case failed...refer below screen-shot for detailed info
2020-07-03 16:13:16 INFO  webeventlistener:129 - Exception occured: org.openqa.selenium.NoSuchElementException: Cannot locate an element using xpath=(//input[@type='text'])[122]
For documentation on this error, please visit: https://www.seleniumhq.org/exceptions/no_such_element.html
Build info: version: '3.141.59', revision: 'e82be7d358', time: '2018-11-14T08:17:03'
System info: host: 'LAPTOP-AV2ODUL9', ip: '169.254.106.151', os.name: 'Windows 10', os.arch: 'amd64', os.version: '10.0', java.version: '1.8.0_171'
Driver info: driver.version: EventFiringWebDriver
2020-07-03 16:13:16 INFO  webeventlistener:129 - Test case failed...refer below screen-shot for detailed info
2020-07-03 16:13:16 INFO  webeventlistener:129 - Exception occured: org.openqa.selenium.NoSuchWindowException: no such window: target window already closed
from unknown error: web view not found
  (Session info: chrome=83.0.4103.116)
  (Driver info: chromedriver=2.39.562718 (9a2698cba08cf5a471a29d30c8b3e12becabb0e9),platform=Windows NT 10.0.18362 x86_64) (WARNING: The server did not provide any stacktrace information)
Command duration or timeout: 0 milliseconds
Build info: version: '3.141.59', revision: 'e82be7d358', time: '2018-11-14T08:17:03'
System info: host: 'LAPTOP-AV2ODUL9', ip: '169.254.106.151', os.name: 'Windows 10', os.arch: 'amd64', os.version: '10.0', java.version: '1.8.0_171'
Driver info: org.openqa.selenium.chrome.ChromeDriver
Capabilities {acceptInsecureCerts: false, acceptSslCerts: false, applicationCacheEnabled: false, browserConnectionEnabled: false, browserName: chrome, chrome: {chromedriverVersion: 2.39.562718 (9a2698cba08cf5..., userDataDir: C:\Users\HP\AppData\Local\T...}, cssSelectorsEnabled: true, databaseEnabled: false, handlesAlerts: true, hasTouchScreen: false, javascriptEnabled: true, locationContextEnabled: true, mobileEmulationEnabled: false, nativeEvents: true, networkConnectionEnabled: false, pageLoadStrategy: normal, platform: XP, platformName: XP, rotatable: false, setWindowRect: true, takesHeapSnapshot: true, takesScreenshot: true, unexpectedAlertBehaviour: , unhandledPromptBehavior: , version: 83.0.4103.116, webStorageEnabled: true}
Session ID: 8203728a94b8ea5b6e920439ef7f0226
*** Element info: {Using=xpath, value=(//input[@type='text'])[122]}
2020-07-03 16:13:16 INFO  webeventlistener:129 - Test case failed...refer below screen-shot for detailed info
2020-07-03 18:31:47 INFO  webeventlistener:129 - Exception occured: org.openqa.selenium.NoSuchElementException: no such element: Unable to locate element: {"method":"xpath","selector":"(//input[@type='text'])[122]"}
  (Session info: chrome=83.0.4103.116)
  (Driver info: chromedriver=2.39.562718 (9a2698cba08cf5a471a29d30c8b3e12becabb0e9),platform=Windows NT 10.0.18362 x86_64) (WARNING: The server did not provide any stacktrace information)
Command duration or timeout: 0 milliseconds
For documentation on this error, please visit: https://www.seleniumhq.org/exceptions/no_such_element.html
Build info: version: '3.141.59', revision: 'e82be7d358', time: '2018-11-14T08:17:03'
System info: host: 'LAPTOP-AV2ODUL9', ip: '169.254.106.151', os.name: 'Windows 10', os.arch: 'amd64', os.version: '10.0', java.version: '1.8.0_171'
Driver info: org.openqa.selenium.chrome.ChromeDriver
Capabilities {acceptInsecureCerts: false, acceptSslCerts: false, applicationCacheEnabled: false, browserConnectionEnabled: false, browserName: chrome, chrome: {chromedriverVersion: 2.39.562718 (9a2698cba08cf5..., userDataDir: C:\Users\HP\AppData\Local\T...}, cssSelectorsEnabled: true, databaseEnabled: false, handlesAlerts: true, hasTouchScreen: false, javascriptEnabled: true, locationContextEnabled: true, mobileEmulationEnabled: false, nativeEvents: true, networkConnectionEnabled: false, pageLoadStrategy: normal, platform: XP, platformName: XP, rotatable: false, setWindowRect: true, takesHeapSnapshot: true, takesScreenshot: true, unexpectedAlertBehaviour: , unhandledPromptBehavior: , version: 83.0.4103.116, webStorageEnabled: true}
Session ID: 0389c730a815459e117d15c1bbc41253
*** Element info: {Using=xpath, value=(//input[@type='text'])[122]}
2020-07-03 18:31:48 INFO  webeventlistener:129 - Test case failed...refer below screen-shot for detailed info
2020-07-03 18:31:50 INFO  webeventlistener:129 - Exception occured: org.openqa.selenium.NoSuchSessionException: Session ID is null. Using WebDriver after calling quit()?
Build info: version: '3.141.59', revision: 'e82be7d358', time: '2018-11-14T08:17:03'
System info: host: 'LAPTOP-AV2ODUL9', ip: '169.254.106.151', os.name: 'Windows 10', os.arch: 'amd64', os.version: '10.0', java.version: '1.8.0_171'
Driver info: driver.version: EventFiringWebDriver
2020-07-03 18:31:50 INFO  webeventlistener:129 - Test case failed...refer below screen-shot for detailed info
2020-07-03 18:38:05 INFO  webeventlistener:129 - Exception occured: org.openqa.selenium.NoSuchElementException: no such element: Unable to locate element: {"method":"xpath","selector":"(//input[@type='text'])[122]"}
  (Session info: chrome=83.0.4103.116)
  (Driver info: chromedriver=2.39.562718 (9a2698cba08cf5a471a29d30c8b3e12becabb0e9),platform=Windows NT 10.0.18362 x86_64) (WARNING: The server did not provide any stacktrace information)
Command duration or timeout: 0 milliseconds
For documentation on this error, please visit: https://www.seleniumhq.org/exceptions/no_such_element.html
Build info: version: '3.141.59', revision: 'e82be7d358', time: '2018-11-14T08:17:03'
System info: host: 'LAPTOP-AV2ODUL9', ip: '169.254.106.151', os.name: 'Windows 10', os.arch: 'amd64', os.version: '10.0', java.version: '1.8.0_171'
Driver info: org.openqa.selenium.chrome.ChromeDriver
Capabilities {acceptInsecureCerts: false, acceptSslCerts: false, applicationCacheEnabled: false, browserConnectionEnabled: false, browserName: chrome, chrome: {chromedriverVersion: 2.39.562718 (9a2698cba08cf5..., userDataDir: C:\Users\HP\AppData\Local\T...}, cssSelectorsEnabled: true, databaseEnabled: false, handlesAlerts: true, hasTouchScreen: false, javascriptEnabled: true, locationContextEnabled: true, mobileEmulationEnabled: false, nativeEvents: true, networkConnectionEnabled: false, pageLoadStrategy: normal, platform: XP, platformName: XP, rotatable: false, setWindowRect: true, takesHeapSnapshot: true, takesScreenshot: true, unexpectedAlertBehaviour: , unhandledPromptBehavior: , version: 83.0.4103.116, webStorageEnabled: true}
Session ID: 68b348ce438e5a892119c11b453dd82d
*** Element info: {Using=xpath, value=(//input[@type='text'])[122]}
2020-07-03 18:38:05 INFO  webeventlistener:129 - Test case failed...refer below screen-shot for detailed info
2020-07-03 18:48:36 INFO  webeventlistener:129 - Found Element By : By.xpath: (//input)[5]
2020-07-03 18:49:36 INFO  webeventlistener:129 - Exception occured: org.openqa.selenium.ElementNotVisibleException: element not visible
  (Session info: chrome=83.0.4103.116)
  (Driver info: chromedriver=2.39.562718 (9a2698cba08cf5a471a29d30c8b3e12becabb0e9),platform=Windows NT 10.0.18362 x86_64) (WARNING: The server did not provide any stacktrace information)
Command duration or timeout: 0 milliseconds
Build info: version: '3.141.59', revision: 'e82be7d358', time: '2018-11-14T08:17:03'
System info: host: 'LAPTOP-AV2ODUL9', ip: '169.254.106.151', os.name: 'Windows 10', os.arch: 'amd64', os.version: '10.0', java.version: '1.8.0_171'
Driver info: org.openqa.selenium.chrome.ChromeDriver
Capabilities {acceptInsecureCerts: false, acceptSslCerts: false, applicationCacheEnabled: false, browserConnectionEnabled: false, browserName: chrome, chrome: {chromedriverVersion: 2.39.562718 (9a2698cba08cf5..., userDataDir: C:\Users\HP\AppData\Local\T...}, cssSelectorsEnabled: true, databaseEnabled: false, handlesAlerts: true, hasTouchScreen: false, javascriptEnabled: true, locationContextEnabled: true, mobileEmulationEnabled: false, nativeEvents: true, networkConnectionEnabled: false, pageLoadStrategy: normal, platform: XP, platformName: XP, rotatable: false, setWindowRect: true, takesHeapSnapshot: true, takesScreenshot: true, unexpectedAlertBehaviour: , unhandledPromptBehavior: , version: 83.0.4103.116, webStorageEnabled: true}
Session ID: df31f423cdbc01f8a014ee075d9a59be
2020-07-03 18:49:36 INFO  webeventlistener:129 - Test case failed...refer below screen-shot for detailed info
2020-07-03 18:53:03 INFO  webeventlistener:129 - Found Element By : By.xpath: //input[@class='gLFyf gsfi']
2020-07-03 19:12:24 INFO  webeventlistener:129 - Found Element By : By.xpath: //input[@class='gLFyf gsfi']
2020-07-04 21:38:07 INFO  webeventlistener:129 - Found Element By : By.xpath: //input[@class='gLFyf gsfi']
2020-07-04 21:38:28 INFO  webeventlistener:129 - Found Element By : By.xpath: //input[@class='gLFyf gsfi']
2020-07-04 21:39:28 INFO  webeventlistener:129 - Found Element By : By.xpath: //input[@class='gLFyf gsfi']
2020-07-04 21:39:48 INFO  webeventlistener:129 - Found Element By : By.xpath: //input[@class='gLFyf gsfi']
2020-07-04 21:40:07 INFO  webeventlistener:129 - Found Element By : By.xpath: //input[@class='gLFyf gsfi']
2020-07-04 21:53:29 INFO  webeventlistener:129 - Found Element By : By.xpath: //input[@class='gLFyf gsfi']
2020-07-04 21:56:42 INFO  webeventlistener:129 - Found Element By : By.xpath: //input[@class='gLFyf gsfi']
2020-07-04 21:56:42 INFO  webeventlistener:129 - Found Element By : By.xpath: //input[@class='gLFyf gsfi']
2020-07-04 21:56:42 INFO  webeventlistener:129 - Found Element By : By.xpath: //input[@class='gLFyf gsfi']
2020-07-04 21:56:53 INFO  webeventlistener:129 - Exception occured: org.openqa.selenium.WebDriverException: java.net.ConnectException: Failed to connect to localhost/0:0:0:0:0:0:0:1:43644
Build info: version: '3.141.59', revision: 'e82be7d358', time: '2018-11-14T08:17:03'
System info: host: 'LAPTOP-AV2ODUL9', ip: '169.254.106.151', os.name: 'Windows 10', os.arch: 'amd64', os.version: '10.0', java.version: '1.8.0_171'
Driver info: driver.version: EventFiringWebDriver
2020-07-04 21:56:53 INFO  webeventlistener:129 - Test case failed...refer below screen-shot for detailed info
2020-07-04 21:56:53 INFO  webeventlistener:129 - Exception occured: org.openqa.selenium.NoSuchSessionException: Session ID is null. Using WebDriver after calling quit()?
Build info: version: '3.141.59', revision: 'e82be7d358', time: '2018-11-14T08:17:03'
System info: host: 'LAPTOP-AV2ODUL9', ip: '169.254.106.151', os.name: 'Windows 10', os.arch: 'amd64', os.version: '10.0', java.version: '1.8.0_171'
Driver info: driver.version: EventFiringWebDriver
2020-07-04 21:56:53 INFO  webeventlistener:129 - Test case failed...refer below screen-shot for detailed info
2020-07-04 21:59:42 INFO  webeventlistener:129 - Found Element By : By.xpath: //input[@class='gLFyf gsfi']
2020-07-04 22:01:25 INFO  webeventlistener:129 - Found Element By : By.xpath: //input[@class='gLFyf gsfi']
2020-07-04 22:02:29 INFO  webeventlistener:129 - Found Element By : By.xpath: //input[@class='gLFyf gsfi']
2020-07-07 12:17:30 INFO  webeventlistener:129 - Found Element By : By.xpath: (//input)[3]
2020-07-07 12:17:31 INFO  webeventlistener:129 - Found Element By : By.xpath: (//input)[4]
2020-07-07 12:17:31 INFO  webeventlistener:129 - Found Element By : By.xpath: (//input)[5]
2020-07-07 12:17:35 INFO  webeventlistener:129 - Clicked on: [[ChromeDriver: chrome on XP (c7fe618d038c721ae5e58aa1c86b500f)] -> xpath: (//input)[5]]
2020-07-07 12:26:14 INFO  webeventlistener:129 - Found Element By : By.xpath: (//input)[3]
2020-07-07 12:26:39 INFO  webeventlistener:129 - Found Element By : By.xpath: (//input)[4]
2020-07-07 12:33:50 INFO  webeventlistener:129 - Found Element By : By.xpath: (//input)[3]
2020-07-07 12:33:51 INFO  webeventlistener:129 - Found Element By : By.xpath: (//input)[4]
2020-07-07 12:33:51 INFO  webeventlistener:129 - Found Element By : By.xpath: (//input)[5]
2020-07-07 12:34:21 INFO  webeventlistener:129 - Clicked on: [[ChromeDriver: chrome on XP (878eafa1efa08894ccb5a7dba51cb69a)] -> xpath: (//input)[5]]
2020-07-07 12:36:38 INFO  webeventlistener:129 - Found Element By : By.xpath: (//input)[3]
2020-07-07 12:36:38 INFO  webeventlistener:129 - Found Element By : By.xpath: (//input)[4]
2020-07-07 12:36:38 INFO  webeventlistener:129 - Found Element By : By.xpath: (//input)[5]
2020-07-07 12:36:51 INFO  webeventlistener:129 - Clicked on: [[ChromeDriver: chrome on XP (651f069fa8c6ff09573e9d992f574665)] -> xpath: (//input)[5]]
2020-07-07 12:36:57 INFO  webeventlistener:129 - Found Element By : By.xpath: //*[text()='SIGN-OFF']
2020-07-07 12:46:33 INFO  webeventlistener:129 - Found Element By : By.xpath: (//input)[3]
2020-07-07 12:46:33 INFO  webeventlistener:129 - Found Element By : By.xpath: (//input)[4]
2020-07-07 12:46:33 INFO  webeventlistener:129 - Found Element By : By.xpath: (//input)[5]
2020-07-07 12:46:37 INFO  webeventlistener:129 - Clicked on: [[ChromeDriver: chrome on XP (8bc98bc380d64b3faf846e4361d903f7)] -> xpath: (//input)[5]]
2020-07-07 12:47:43 INFO  webeventlistener:129 - Exception occured: org.openqa.selenium.NoSuchElementException: no such element: Unable to locate element: {"method":"xpath","selector":"//*[text()='SIGN-OFF']"}
  (Session info: chrome=83.0.4103.116)
  (Driver info: chromedriver=2.39.562718 (9a2698cba08cf5a471a29d30c8b3e12becabb0e9),platform=Windows NT 10.0.18362 x86_64) (WARNING: The server did not provide any stacktrace information)
Command duration or timeout: 0 milliseconds
For documentation on this error, please visit: https://www.seleniumhq.org/exceptions/no_such_element.html
Build info: version: '3.141.59', revision: 'e82be7d358', time: '2018-11-14T08:17:03'
System info: host: 'LAPTOP-AV2ODUL9', ip: '169.254.106.151', os.name: 'Windows 10', os.arch: 'amd64', os.version: '10.0', java.version: '1.8.0_171'
Driver info: org.openqa.selenium.chrome.ChromeDriver
Capabilities {acceptInsecureCerts: false, acceptSslCerts: false, applicationCacheEnabled: false, browserConnectionEnabled: false, browserName: chrome, chrome: {chromedriverVersion: 2.39.562718 (9a2698cba08cf5..., userDataDir: C:\Users\HP\AppData\Local\T...}, cssSelectorsEnabled: true, databaseEnabled: false, handlesAlerts: true, hasTouchScreen: false, javascriptEnabled: true, locationContextEnabled: true, mobileEmulationEnabled: false, nativeEvents: true, networkConnectionEnabled: false, pageLoadStrategy: normal, platform: XP, platformName: XP, rotatable: false, setWindowRect: true, takesHeapSnapshot: true, takesScreenshot: true, unexpectedAlertBehaviour: , unhandledPromptBehavior: , version: 83.0.4103.116, webStorageEnabled: true}
Session ID: 8bc98bc380d64b3faf846e4361d903f7
*** Element info: {Using=xpath, value=//*[text()='SIGN-OFF']}
2020-07-07 12:47:43 INFO  webeventlistener:129 - Test case failed...refer below screen-shot for detailed info
2020-07-07 12:58:05 INFO  webeventlistener:129 - Found Element By : By.xpath: (//input)[3]
2020-07-07 12:58:05 INFO  webeventlistener:129 - Found Element By : By.xpath: (//input)[4]
2020-07-07 12:58:06 INFO  webeventlistener:129 - Found Element By : By.xpath: (//input)[5]
2020-07-07 12:58:09 INFO  webeventlistener:129 - Clicked on: [[RemoteWebDriver: chrome on LINUX (260600db6577b9b9809895e9b322ab6b)] -> xpath: (//input)[5]]
2020-07-07 12:59:15 INFO  webeventlistener:129 - Exception occured: org.openqa.selenium.NoSuchElementException: no such element: Unable to locate element: {"method":"xpath","selector":"//*[text()='SIGN-OFF']"}
  (Session info: chrome=83.0.4103.61)
For documentation on this error, please visit: https://www.seleniumhq.org/exceptions/no_such_element.html
Build info: version: '3.141.59', revision: 'e82be7d358', time: '2018-11-14T08:17:03'
System info: host: 'LAPTOP-AV2ODUL9', ip: '169.254.106.151', os.name: 'Windows 10', os.arch: 'amd64', os.version: '10.0', java.version: '1.8.0_171'
Driver info: org.openqa.selenium.remote.RemoteWebDriver
Capabilities {acceptInsecureCerts: false, browserName: chrome, browserVersion: 83.0.4103.61, chrome: {chromedriverVersion: 83.0.4103.39 (ccbf011cb2d2b..., userDataDir: /tmp/.com.google.Chrome.k8ADC9}, goog:chromeOptions: {debuggerAddress: localhost:37643}, javascriptEnabled: true, networkConnectionEnabled: false, pageLoadStrategy: normal, platform: LINUX, platformName: LINUX, proxy: Proxy(), setWindowRect: true, strictFileInteractability: false, timeouts: {implicit: 0, pageLoad: 300000, script: 30000}, unhandledPromptBehavior: dismiss and notify, webauthn:virtualAuthenticators: true, webdriver.remote.sessionid: 260600db6577b9b9809895e9b32...}
Session ID: 260600db6577b9b9809895e9b322ab6b
*** Element info: {Using=xpath, value=//*[text()='SIGN-OFF']}
2020-07-07 12:59:15 INFO  webeventlistener:129 - Test case failed...refer below screen-shot for detailed info
2020-07-07 17:47:34 INFO  webeventlistener:129 - Found Element By : By.xpath: (//input)[3]
2020-07-07 17:47:35 INFO  webeventlistener:129 - Found Element By : By.xpath: (//input)[4]
2020-07-07 17:47:36 INFO  webeventlistener:129 - Found Element By : By.xpath: (//input)[5]
2020-07-07 17:47:39 INFO  webeventlistener:129 - Clicked on: [[RemoteWebDriver: chrome on LINUX (e83f02a98cc667c49c8dd97fff59a636)] -> xpath: (//input)[5]]
2020-07-07 17:48:46 INFO  webeventlistener:129 - Exception occured: org.openqa.selenium.NoSuchElementException: no such element: Unable to locate element: {"method":"xpath","selector":"//*[text()='SIGN-OFF']"}
  (Session info: chrome=83.0.4103.61)
For documentation on this error, please visit: https://www.seleniumhq.org/exceptions/no_such_element.html
Build info: version: '3.141.59', revision: 'e82be7d358', time: '2018-11-14T08:17:03'
System info: host: 'LAPTOP-AV2ODUL9', ip: '169.254.106.151', os.name: 'Windows 10', os.arch: 'amd64', os.version: '10.0', java.version: '1.8.0_171'
Driver info: org.openqa.selenium.remote.RemoteWebDriver
Capabilities {acceptInsecureCerts: false, browserName: chrome, browserVersion: 83.0.4103.61, chrome: {chromedriverVersion: 83.0.4103.39 (ccbf011cb2d2b..., userDataDir: /tmp/.com.google.Chrome.rrnLjP}, goog:chromeOptions: {debuggerAddress: localhost:37791}, javascriptEnabled: true, networkConnectionEnabled: false, pageLoadStrategy: normal, platform: LINUX, platformName: LINUX, proxy: Proxy(), setWindowRect: true, strictFileInteractability: false, timeouts: {implicit: 0, pageLoad: 300000, script: 30000}, unhandledPromptBehavior: dismiss and notify, webauthn:virtualAuthenticators: true, webdriver.remote.sessionid: e83f02a98cc667c49c8dd97fff5...}
Session ID: e83f02a98cc667c49c8dd97fff59a636
*** Element info: {Using=xpath, value=//*[text()='SIGN-OFF']}
2020-07-07 17:48:46 INFO  webeventlistener:129 - Test case failed...refer below screen-shot for detailed info
2020-07-07 18:12:58 INFO  webeventlistener:129 - Found Element By : By.xpath: (//input)[3]
2020-07-07 18:13:11 INFO  webeventlistener:129 - Found Element By : By.xpath: (//input)[4]
2020-07-07 18:13:12 INFO  webeventlistener:129 - Found Element By : By.xpath: (//input)[5]
2020-07-07 18:13:23 INFO  webeventlistener:129 - Clicked on: [[RemoteWebDriver: chrome on LINUX (654b5807024f9b4990b7313f821d0b6a)] -> xpath: (//input)[5]]
2020-07-07 18:13:35 INFO  webeventlistener:129 - Found Element By : By.xpath: (//input)[3]
2020-07-07 18:13:35 INFO  webeventlistener:129 - Found Element By : By.xpath: (//input)[3]
2020-07-07 18:13:39 INFO  webeventlistener:129 - Found Element By : By.xpath: (//input)[4]
2020-07-07 18:13:39 INFO  webeventlistener:129 - Found Element By : By.xpath: (//input)[4]
2020-07-07 18:14:30 INFO  webeventlistener:129 - Exception occured: org.openqa.selenium.NoSuchElementException: no such element: Unable to locate element: {"method":"xpath","selector":"//*[text()='SIGN-OFF']"}
  (Session info: chrome=83.0.4103.61)
For documentation on this error, please visit: https://www.seleniumhq.org/exceptions/no_such_element.html
Build info: version: '3.141.59', revision: 'e82be7d358', time: '2018-11-14T08:17:03'
System info: host: 'LAPTOP-AV2ODUL9', ip: '169.254.106.151', os.name: 'Windows 10', os.arch: 'amd64', os.version: '10.0', java.version: '1.8.0_171'
Driver info: org.openqa.selenium.remote.RemoteWebDriver
Capabilities {acceptInsecureCerts: false, browserName: chrome, browserVersion: 83.0.4103.61, chrome: {chromedriverVersion: 83.0.4103.39 (ccbf011cb2d2b..., userDataDir: /tmp/.com.google.Chrome.b6Sbp2}, goog:chromeOptions: {debuggerAddress: localhost:42567}, javascriptEnabled: true, networkConnectionEnabled: false, pageLoadStrategy: normal, platform: LINUX, platformName: LINUX, proxy: Proxy(), setWindowRect: true, strictFileInteractability: false, timeouts: {implicit: 0, pageLoad: 300000, script: 30000}, unhandledPromptBehavior: dismiss and notify, webauthn:virtualAuthenticators: true, webdriver.remote.sessionid: 654b5807024f9b4990b7313f821...}
Session ID: 654b5807024f9b4990b7313f821d0b6a
*** Element info: {Using=xpath, value=//*[text()='SIGN-OFF']}
2020-07-07 18:14:30 INFO  webeventlistener:129 - Test case failed...refer below screen-shot for detailed info
2020-07-07 18:14:41 INFO  webeventlistener:129 - Exception occured: org.openqa.selenium.NoSuchElementException: no such element: Unable to locate element: {"method":"xpath","selector":"(//input)[5]"}
  (Session info: chrome=83.0.4103.61)
For documentation on this error, please visit: https://www.seleniumhq.org/exceptions/no_such_element.html
Build info: version: '3.141.59', revision: 'e82be7d358', time: '2018-11-14T08:17:03'
System info: host: 'LAPTOP-AV2ODUL9', ip: '169.254.106.151', os.name: 'Windows 10', os.arch: 'amd64', os.version: '10.0', java.version: '1.8.0_171'
Driver info: org.openqa.selenium.remote.RemoteWebDriver
Capabilities {acceptInsecureCerts: false, browserName: chrome, browserVersion: 83.0.4103.61, chrome: {chromedriverVersion: 83.0.4103.39 (ccbf011cb2d2b..., userDataDir: /tmp/.com.google.Chrome.s7XSxy}, goog:chromeOptions: {debuggerAddress: localhost:38081}, javascriptEnabled: true, networkConnectionEnabled: false, pageLoadStrategy: normal, platform: LINUX, platformName: LINUX, proxy: Proxy(), setWindowRect: true, strictFileInteractability: false, timeouts: {implicit: 0, pageLoad: 300000, script: 30000}, unhandledPromptBehavior: dismiss and notify, webauthn:virtualAuthenticators: true, webdriver.remote.sessionid: 7d0fba36dc832933f4c6c892636...}
Session ID: 7d0fba36dc832933f4c6c89263635f7b
*** Element info: {Using=xpath, value=(//input)[5]}
2020-07-07 18:14:41 INFO  webeventlistener:129 - Test case failed...refer below screen-shot for detailed info
2020-07-07 18:15:41 INFO  webeventlistener:129 - Exception occured: org.openqa.selenium.NoSuchElementException: no such element: Unable to locate element: {"method":"xpath","selector":"(//input)[5]"}
  (Session info: chrome=83.0.4103.61)
For documentation on this error, please visit: https://www.seleniumhq.org/exceptions/no_such_element.html
Build info: version: '3.141.59', revision: 'e82be7d358', time: '2018-11-14T08:17:03'
System info: host: 'LAPTOP-AV2ODUL9', ip: '169.254.106.151', os.name: 'Windows 10', os.arch: 'amd64', os.version: '10.0', java.version: '1.8.0_171'
Driver info: org.openqa.selenium.remote.RemoteWebDriver
Capabilities {acceptInsecureCerts: false, browserName: chrome, browserVersion: 83.0.4103.61, chrome: {chromedriverVersion: 83.0.4103.39 (ccbf011cb2d2b..., userDataDir: /tmp/.com.google.Chrome.s7XSxy}, goog:chromeOptions: {debuggerAddress: localhost:38081}, javascriptEnabled: true, networkConnectionEnabled: false, pageLoadStrategy: normal, platform: LINUX, platformName: LINUX, proxy: Proxy(), setWindowRect: true, strictFileInteractability: false, timeouts: {implicit: 0, pageLoad: 300000, script: 30000}, unhandledPromptBehavior: dismiss and notify, webauthn:virtualAuthenticators: true, webdriver.remote.sessionid: 7d0fba36dc832933f4c6c892636...}
Session ID: 7d0fba36dc832933f4c6c89263635f7b
*** Element info: {Using=xpath, value=(//input)[5]}
2020-07-07 18:15:41 INFO  webeventlistener:129 - Test case failed...refer below screen-shot for detailed info
2020-07-07 18:15:53 INFO  webeventlistener:129 - Exception occured: org.openqa.selenium.NoSuchSessionException: invalid session id
Build info: version: '3.141.59', revision: 'e82be7d358', time: '2018-11-14T08:17:03'
System info: host: 'LAPTOP-AV2ODUL9', ip: '169.254.106.151', os.name: 'Windows 10', os.arch: 'amd64', os.version: '10.0', java.version: '1.8.0_171'
Driver info: org.openqa.selenium.remote.RemoteWebDriver
Capabilities {acceptInsecureCerts: false, browserName: chrome, browserVersion: 83.0.4103.61, chrome: {chromedriverVersion: 83.0.4103.39 (ccbf011cb2d2b..., userDataDir: /tmp/.com.google.Chrome.s7XSxy}, goog:chromeOptions: {debuggerAddress: localhost:38081}, javascriptEnabled: true, networkConnectionEnabled: false, pageLoadStrategy: normal, platform: LINUX, platformName: LINUX, proxy: Proxy(), setWindowRect: true, strictFileInteractability: false, timeouts: {implicit: 0, pageLoad: 300000, script: 30000}, unhandledPromptBehavior: dismiss and notify, webauthn:virtualAuthenticators: true, webdriver.remote.sessionid: 7d0fba36dc832933f4c6c892636...}
2020-07-07 18:15:53 INFO  webeventlistener:129 - Test case failed...refer below screen-shot for detailed info
2020-07-07 18:15:53 INFO  webeventlistener:129 - Exception occured: org.openqa.selenium.NoSuchSessionException: invalid session id
Build info: version: '3.141.59', revision: 'e82be7d358', time: '2018-11-14T08:17:03'
System info: host: 'LAPTOP-AV2ODUL9', ip: '169.254.106.151', os.name: 'Windows 10', os.arch: 'amd64', os.version: '10.0', java.version: '1.8.0_171'
Driver info: org.openqa.selenium.remote.RemoteWebDriver
Capabilities {acceptInsecureCerts: false, browserName: chrome, browserVersion: 83.0.4103.61, chrome: {chromedriverVersion: 83.0.4103.39 (ccbf011cb2d2b..., userDataDir: /tmp/.com.google.Chrome.s7XSxy}, goog:chromeOptions: {debuggerAddress: localhost:38081}, javascriptEnabled: true, networkConnectionEnabled: false, pageLoadStrategy: normal, platform: LINUX, platformName: LINUX, proxy: Proxy(), setWindowRect: true, strictFileInteractability: false, timeouts: {implicit: 0, pageLoad: 300000, script: 30000}, unhandledPromptBehavior: dismiss and notify, webauthn:virtualAuthenticators: true, webdriver.remote.sessionid: 7d0fba36dc832933f4c6c892636...}
2020-07-07 18:15:53 INFO  webeventlistener:129 - Test case failed...refer below screen-shot for detailed info
2020-07-07 18:29:11 INFO  webeventlistener:129 - Found Element By : By.xpath: (//input)[3]
2020-07-07 18:29:17 INFO  webeventlistener:129 - Found Element By : By.xpath: (//input)[4]
2020-07-07 18:29:21 INFO  webeventlistener:129 - Found Element By : By.xpath: (//input)[5]
2020-07-07 18:29:34 INFO  webeventlistener:129 - Found Element By : By.xpath: (//input)[3]
2020-07-07 18:29:34 INFO  webeventlistener:129 - Found Element By : By.xpath: (//input)[3]
2020-07-07 18:29:36 INFO  webeventlistener:129 - Found Element By : By.xpath: (//input)[4]
2020-07-07 18:29:36 INFO  webeventlistener:129 - Found Element By : By.xpath: (//input)[4]
2020-07-07 18:29:55 INFO  webeventlistener:129 - Clicked on: [[RemoteWebDriver: chrome on LINUX (e5a0a9729acaad1a23c2dc55e2591230)] -> xpath: (//input)[5]]
2020-07-07 18:30:37 INFO  webeventlistener:129 - Exception occured: org.openqa.selenium.NoSuchElementException: no such element: Unable to locate element: {"method":"xpath","selector":"(//input)[5]"}
  (Session info: chrome=83.0.4103.61)
For documentation on this error, please visit: https://www.seleniumhq.org/exceptions/no_such_element.html
Build info: version: '3.141.59', revision: 'e82be7d358', time: '2018-11-14T08:17:03'
System info: host: 'LAPTOP-AV2ODUL9', ip: '169.254.106.151', os.name: 'Windows 10', os.arch: 'amd64', os.version: '10.0', java.version: '1.8.0_171'
Driver info: org.openqa.selenium.remote.RemoteWebDriver
Capabilities {acceptInsecureCerts: false, browserName: chrome, browserVersion: 83.0.4103.61, chrome: {chromedriverVersion: 83.0.4103.39 (ccbf011cb2d2b..., userDataDir: /tmp/.com.google.Chrome.kT0GU5}, goog:chromeOptions: {debuggerAddress: localhost:41159}, javascriptEnabled: true, networkConnectionEnabled: false, pageLoadStrategy: normal, platform: LINUX, platformName: LINUX, proxy: Proxy(), setWindowRect: true, strictFileInteractability: false, timeouts: {implicit: 0, pageLoad: 300000, script: 30000}, unhandledPromptBehavior: dismiss and notify, webauthn:virtualAuthenticators: true, webdriver.remote.sessionid: be39783a48a4c5f8ec472bfd999...}
Session ID: be39783a48a4c5f8ec472bfd99955a14
*** Element info: {Using=xpath, value=(//input)[5]}
2020-07-07 18:30:37 INFO  webeventlistener:129 - Test case failed...refer below screen-shot for detailed info
2020-07-07 18:31:02 INFO  webeventlistener:129 - Exception occured: org.openqa.selenium.NoSuchElementException: no such element: Unable to locate element: {"method":"xpath","selector":"//*[text()='SIGN-OFF']"}
  (Session info: chrome=83.0.4103.61)
For documentation on this error, please visit: https://www.seleniumhq.org/exceptions/no_such_element.html
Build info: version: '3.141.59', revision: 'e82be7d358', time: '2018-11-14T08:17:03'
System info: host: 'LAPTOP-AV2ODUL9', ip: '169.254.106.151', os.name: 'Windows 10', os.arch: 'amd64', os.version: '10.0', java.version: '1.8.0_171'
Driver info: org.openqa.selenium.remote.RemoteWebDriver
Capabilities {acceptInsecureCerts: false, browserName: chrome, browserVersion: 83.0.4103.61, chrome: {chromedriverVersion: 83.0.4103.39 (ccbf011cb2d2b..., userDataDir: /tmp/.com.google.Chrome.dYMtMF}, goog:chromeOptions: {debuggerAddress: localhost:33941}, javascriptEnabled: true, networkConnectionEnabled: false, pageLoadStrategy: normal, platform: LINUX, platformName: LINUX, proxy: Proxy(), setWindowRect: true, strictFileInteractability: false, timeouts: {implicit: 0, pageLoad: 300000, script: 30000}, unhandledPromptBehavior: dismiss and notify, webauthn:virtualAuthenticators: true, webdriver.remote.sessionid: e5a0a9729acaad1a23c2dc55e25...}
Session ID: e5a0a9729acaad1a23c2dc55e2591230
*** Element info: {Using=xpath, value=//*[text()='SIGN-OFF']}
2020-07-07 18:31:02 INFO  webeventlistener:129 - Test case failed...refer below screen-shot for detailed info
2020-07-07 18:31:37 INFO  webeventlistener:129 - Exception occured: org.openqa.selenium.NoSuchElementException: no such element: Unable to locate element: {"method":"xpath","selector":"(//input)[5]"}
  (Session info: chrome=83.0.4103.61)
For documentation on this error, please visit: https://www.seleniumhq.org/exceptions/no_such_element.html
Build info: version: '3.141.59', revision: 'e82be7d358', time: '2018-11-14T08:17:03'
System info: host: 'LAPTOP-AV2ODUL9', ip: '169.254.106.151', os.name: 'Windows 10', os.arch: 'amd64', os.version: '10.0', java.version: '1.8.0_171'
Driver info: org.openqa.selenium.remote.RemoteWebDriver
Capabilities {acceptInsecureCerts: false, browserName: chrome, browserVersion: 83.0.4103.61, chrome: {chromedriverVersion: 83.0.4103.39 (ccbf011cb2d2b..., userDataDir: /tmp/.com.google.Chrome.kT0GU5}, goog:chromeOptions: {debuggerAddress: localhost:41159}, javascriptEnabled: true, networkConnectionEnabled: false, pageLoadStrategy: normal, platform: LINUX, platformName: LINUX, proxy: Proxy(), setWindowRect: true, strictFileInteractability: false, timeouts: {implicit: 0, pageLoad: 300000, script: 30000}, unhandledPromptBehavior: dismiss and notify, webauthn:virtualAuthenticators: true, webdriver.remote.sessionid: be39783a48a4c5f8ec472bfd999...}
Session ID: be39783a48a4c5f8ec472bfd99955a14
*** Element info: {Using=xpath, value=(//input)[5]}
2020-07-07 18:31:37 INFO  webeventlistener:129 - Test case failed...refer below screen-shot for detailed info
2020-07-07 18:31:37 INFO  webeventlistener:129 - Exception occured: org.openqa.selenium.NoSuchSessionException: Session ID is null. Using WebDriver after calling quit()?
Build info: version: '3.141.59', revision: 'e82be7d358', time: '2018-11-14T08:17:03'
System info: host: 'LAPTOP-AV2ODUL9', ip: '169.254.106.151', os.name: 'Windows 10', os.arch: 'amd64', os.version: '10.0', java.version: '1.8.0_171'
Driver info: driver.version: EventFiringWebDriver
2020-07-07 18:31:37 INFO  webeventlistener:129 - Test case failed...refer below screen-shot for detailed info
2020-07-07 18:31:38 INFO  webeventlistener:129 - Exception occured: org.openqa.selenium.NoSuchSessionException: invalid session id
Build info: version: '3.141.59', revision: 'e82be7d358', time: '2018-11-14T08:17:03'
System info: host: 'LAPTOP-AV2ODUL9', ip: '169.254.106.151', os.name: 'Windows 10', os.arch: 'amd64', os.version: '10.0', java.version: '1.8.0_171'
Driver info: org.openqa.selenium.remote.RemoteWebDriver
Capabilities {acceptInsecureCerts: false, browserName: chrome, browserVersion: 83.0.4103.61, chrome: {chromedriverVersion: 83.0.4103.39 (ccbf011cb2d2b..., userDataDir: /tmp/.com.google.Chrome.kT0GU5}, goog:chromeOptions: {debuggerAddress: localhost:41159}, javascriptEnabled: true, networkConnectionEnabled: false, pageLoadStrategy: normal, platform: LINUX, platformName: LINUX, proxy: Proxy(), setWindowRect: true, strictFileInteractability: false, timeouts: {implicit: 0, pageLoad: 300000, script: 30000}, unhandledPromptBehavior: dismiss and notify, webauthn:virtualAuthenticators: true, webdriver.remote.sessionid: be39783a48a4c5f8ec472bfd999...}
2020-07-07 18:31:38 INFO  webeventlistener:129 - Test case failed...refer below screen-shot for detailed info
2020-07-07 18:31:38 INFO  webeventlistener:129 - Exception occured: org.openqa.selenium.NoSuchSessionException: Session ID is null. Using WebDriver after calling quit()?
Build info: version: '3.141.59', revision: 'e82be7d358', time: '2018-11-14T08:17:03'
System info: host: 'LAPTOP-AV2ODUL9', ip: '169.254.106.151', os.name: 'Windows 10', os.arch: 'amd64', os.version: '10.0', java.version: '1.8.0_171'
Driver info: driver.version: EventFiringWebDriver
2020-07-07 18:31:38 INFO  webeventlistener:129 - Test case failed...refer below screen-shot for detailed info
2020-07-07 18:31:38 INFO  webeventlistener:129 - Exception occured: org.openqa.selenium.NoSuchSessionException: invalid session id
Build info: version: '3.141.59', revision: 'e82be7d358', time: '2018-11-14T08:17:03'
System info: host: 'LAPTOP-AV2ODUL9', ip: '169.254.106.151', os.name: 'Windows 10', os.arch: 'amd64', os.version: '10.0', java.version: '1.8.0_171'
Driver info: org.openqa.selenium.remote.RemoteWebDriver
Capabilities {acceptInsecureCerts: false, browserName: chrome, browserVersion: 83.0.4103.61, chrome: {chromedriverVersion: 83.0.4103.39 (ccbf011cb2d2b..., userDataDir: /tmp/.com.google.Chrome.kT0GU5}, goog:chromeOptions: {debuggerAddress: localhost:41159}, javascriptEnabled: true, networkConnectionEnabled: false, pageLoadStrategy: normal, platform: LINUX, platformName: LINUX, proxy: Proxy(), setWindowRect: true, strictFileInteractability: false, timeouts: {implicit: 0, pageLoad: 300000, script: 30000}, unhandledPromptBehavior: dismiss and notify, webauthn:virtualAuthenticators: true, webdriver.remote.sessionid: be39783a48a4c5f8ec472bfd999...}
2020-07-07 18:31:38 INFO  webeventlistener:129 - Test case failed...refer below screen-shot for detailed info
2020-07-07 18:31:38 INFO  webeventlistener:129 - Exception occured: org.openqa.selenium.NoSuchSessionException: Session ID is null. Using WebDriver after calling quit()?
Build info: version: '3.141.59', revision: 'e82be7d358', time: '2018-11-14T08:17:03'
System info: host: 'LAPTOP-AV2ODUL9', ip: '169.254.106.151', os.name: 'Windows 10', os.arch: 'amd64', os.version: '10.0', java.version: '1.8.0_171'
Driver info: driver.version: EventFiringWebDriver
2020-07-07 18:31:38 INFO  webeventlistener:129 - Test case failed...refer below screen-shot for detailed info
2020-07-07 18:43:44 INFO  webeventlistener:129 - Found Element By : By.xpath: (//input)[3]
2020-07-07 18:43:47 INFO  webeventlistener:129 - Found Element By : By.xpath: (//input)[4]
2020-07-07 18:43:49 INFO  webeventlistener:129 - Found Element By : By.xpath: (//input)[5]
2020-07-07 18:43:53 INFO  webeventlistener:129 - Clicked on: [[RemoteWebDriver: chrome on LINUX (0cb4eea8fa53690ced099e120f34528a)] -> xpath: (//input)[5]]
2020-07-07 18:43:59 INFO  webeventlistener:129 - Found Element By : By.xpath: //*[text()='SIGN-OFF']
2020-07-07 19:00:27 INFO  webeventlistener:129 - Found Element By : By.xpath: (//input)[3]
2020-07-07 19:00:28 INFO  webeventlistener:129 - Found Element By : By.xpath: (//input)[3]
2020-07-07 19:00:30 INFO  webeventlistener:129 - Found Element By : By.xpath: (//input)[4]
2020-07-07 19:00:31 INFO  webeventlistener:129 - Found Element By : By.xpath: (//input)[4]
2020-07-07 19:00:35 INFO  webeventlistener:129 - Found Element By : By.xpath: (//input)[5]
2020-07-07 19:00:35 INFO  webeventlistener:129 - Found Element By : By.xpath: (//input)[5]
2020-07-07 19:00:42 INFO  webeventlistener:129 - Clicked on: [[RemoteWebDriver: chrome on LINUX (f1beb588eb45431124e05fc5d3bdde30)] -> xpath: (//input)[5]]
2020-07-07 19:00:43 INFO  webeventlistener:129 - Exception occured: org.openqa.selenium.StaleElementReferenceException: stale element reference: element is not attached to the page document
  (Session info: chrome=83.0.4103.61)
For documentation on this error, please visit: https://www.seleniumhq.org/exceptions/stale_element_reference.html
Build info: version: '3.141.59', revision: 'e82be7d358', time: '2018-11-14T08:17:03'
System info: host: 'LAPTOP-AV2ODUL9', ip: '169.254.106.151', os.name: 'Windows 10', os.arch: 'amd64', os.version: '10.0', java.version: '1.8.0_171'
Driver info: org.openqa.selenium.remote.RemoteWebDriver
Capabilities {acceptInsecureCerts: false, browserName: chrome, browserVersion: 83.0.4103.61, chrome: {chromedriverVersion: 83.0.4103.39 (ccbf011cb2d2b..., userDataDir: /tmp/.com.google.Chrome.7uc6fR}, goog:chromeOptions: {debuggerAddress: localhost:35409}, javascriptEnabled: true, networkConnectionEnabled: false, pageLoadStrategy: normal, platform: LINUX, platformName: LINUX, proxy: Proxy(), setWindowRect: true, strictFileInteractability: false, timeouts: {implicit: 0, pageLoad: 300000, script: 30000}, unhandledPromptBehavior: dismiss and notify, webauthn:virtualAuthenticators: true, webdriver.remote.sessionid: f1beb588eb45431124e05fc5d3b...}
Session ID: f1beb588eb45431124e05fc5d3bdde30
2020-07-07 19:00:43 INFO  webeventlistener:129 - Test case failed...refer below screen-shot for detailed info
2020-07-07 19:00:49 INFO  webeventlistener:129 - Exception occured: org.openqa.selenium.NoSuchSessionException: Session ID is null. Using WebDriver after calling quit()?
Build info: version: '3.141.59', revision: 'e82be7d358', time: '2018-11-14T08:17:03'
System info: host: 'LAPTOP-AV2ODUL9', ip: '169.254.106.151', os.name: 'Windows 10', os.arch: 'amd64', os.version: '10.0', java.version: '1.8.0_171'
Driver info: driver.version: EventFiringWebDriver
2020-07-07 19:00:49 INFO  webeventlistener:129 - Test case failed...refer below screen-shot for detailed info
2020-07-07 19:00:49 INFO  webeventlistener:129 - Exception occured: org.openqa.selenium.NoSuchSessionException: Session ID is null. Using WebDriver after calling quit()?
Build info: version: '3.141.59', revision: 'e82be7d358', time: '2018-11-14T08:17:03'
System info: host: 'LAPTOP-AV2ODUL9', ip: '169.254.106.151', os.name: 'Windows 10', os.arch: 'amd64', os.version: '10.0', java.version: '1.8.0_171'
Driver info: driver.version: EventFiringWebDriver
2020-07-07 19:00:49 INFO  webeventlistener:129 - Test case failed...refer below screen-shot for detailed info
2020-07-07 19:00:49 INFO  webeventlistener:129 - Exception occured: org.openqa.selenium.NoSuchSessionException: Session ID is null. Using WebDriver after calling quit()?
Build info: version: '3.141.59', revision: 'e82be7d358', time: '2018-11-14T08:17:03'
System info: host: 'LAPTOP-AV2ODUL9', ip: '169.254.106.151', os.name: 'Windows 10', os.arch: 'amd64', os.version: '10.0', java.version: '1.8.0_171'
Driver info: driver.version: EventFiringWebDriver
2020-07-07 19:00:49 INFO  webeventlistener:129 - Test case failed...refer below screen-shot for detailed info
2020-07-07 19:18:16 INFO  webeventlistener:129 - Found Element By : By.xpath: (//input)[3]
2020-07-07 19:18:16 INFO  webeventlistener:129 - Found Element By : By.xpath: (//input)[4]
2020-07-07 19:18:16 INFO  webeventlistener:129 - Found Element By : By.xpath: (//input)[5]
2020-07-07 19:18:20 INFO  webeventlistener:129 - Clicked on: [[ChromeDriver: chrome on XP (ff0d43a64a08893f836b7523ca6bdf18)] -> xpath: (//input)[5]]
2020-07-07 19:19:01 INFO  webeventlistener:129 - Found Element By : By.xpath: (//input)[3]
2020-07-07 19:19:01 INFO  webeventlistener:129 - Found Element By : By.xpath: (//input)[4]
2020-07-07 19:19:01 INFO  webeventlistener:129 - Found Element By : By.xpath: (//input)[5]
2020-07-07 19:19:01 INFO  webeventlistener:129 - Found Element By : By.xpath: (//input)[3]
2020-07-07 19:19:01 INFO  webeventlistener:129 - Found Element By : By.xpath: (//input)[4]
2020-07-07 19:19:01 INFO  webeventlistener:129 - Found Element By : By.xpath: (//input)[5]
2020-07-07 19:19:05 INFO  webeventlistener:129 - Clicked on: [[ChromeDriver: chrome on XP (87cc140c8fa0d3b276421efd7a841b5a)] -> xpath: (//input)[5]]
2020-07-07 19:19:06 INFO  webeventlistener:129 - Clicked on: [[ChromeDriver: chrome on XP (d485115a6c785a23dc11a433e88445ca)] -> xpath: (//input)[5]]
2020-07-07 19:19:11 INFO  webeventlistener:129 - Found Element By : By.xpath: //*[text()='SIGN-OFF']
2020-07-07 19:19:13 INFO  webeventlistener:129 - Found Element By : By.xpath: //*[text()='SIGN-OFF']
2020-07-07 19:30:23 INFO  webeventlistener:129 - Found Element By : By.xpath: (//input)[3]
2020-07-07 19:30:23 INFO  webeventlistener:129 - Found Element By : By.xpath: (//input)[3]
2020-07-07 19:30:24 INFO  webeventlistener:129 - Found Element By : By.xpath: (//input)[4]
2020-07-07 19:30:24 INFO  webeventlistener:129 - Found Element By : By.xpath: (//input)[4]
2020-07-07 19:30:24 INFO  webeventlistener:129 - Found Element By : By.xpath: (//input)[5]
2020-07-07 19:30:24 INFO  webeventlistener:129 - Found Element By : By.xpath: (//input)[5]
2020-07-07 19:30:41 INFO  webeventlistener:129 - Clicked on: [[ChromeDriver: chrome on XP (17f80519e4989cfa4a5a583085addd4d)] -> xpath: (//input)[5]]
2020-07-07 19:30:41 INFO  webeventlistener:129 - Clicked on: [[ChromeDriver: chrome on XP (42b3191d674258b585cde9c02abdbafe)] -> xpath: (//input)[5]]
2020-07-07 19:30:47 INFO  webeventlistener:129 - Found Element By : By.xpath: //*[text()='SIGN-OFF']
2020-07-07 19:30:47 INFO  webeventlistener:129 - Found Element By : By.xpath: //*[text()='SIGN-OFF']
2020-07-07 19:37:00 INFO  webeventlistener:129 - Found Element By : By.xpath: (//input)[3]
2020-07-07 19:37:00 INFO  webeventlistener:129 - Found Element By : By.xpath: (//input)[4]
2020-07-07 19:37:00 INFO  webeventlistener:129 - Found Element By : By.xpath: (//input)[5]
2020-07-07 19:37:01 INFO  webeventlistener:129 - Found Element By : By.xpath: (//input)[3]
2020-07-07 19:37:01 INFO  webeventlistener:129 - Found Element By : By.xpath: (//input)[4]
2020-07-07 19:37:02 INFO  webeventlistener:129 - Found Element By : By.xpath: (//input)[5]
2020-07-07 19:37:07 INFO  webeventlistener:129 - Clicked on: [[ChromeDriver: chrome on XP (f9a29bc210a87b577e22dd7e5a54f175)] -> xpath: (//input)[5]]
2020-07-07 19:37:08 INFO  webeventlistener:129 - Clicked on: [[ChromeDriver: chrome on XP (2c9e4f343c49a581ad4804936f7c01e5)] -> xpath: (//input)[5]]
2020-07-07 19:37:14 INFO  webeventlistener:129 - Found Element By : By.xpath: //*[text()='SIGN-OFF']
2020-07-07 19:37:14 INFO  webeventlistener:129 - Found Element By : By.xpath: //*[text()='SIGN-OFF']
2020-07-07 19:47:35 INFO  webeventlistener:129 - Found Element By : By.xpath: (//input)[3]
2020-07-07 19:47:35 INFO  webeventlistener:129 - Found Element By : By.xpath: (//input)[3]
2020-07-07 19:47:35 INFO  webeventlistener:129 - Found Element By : By.xpath: (//input)[4]
2020-07-07 19:47:35 INFO  webeventlistener:129 - Found Element By : By.xpath: (//input)[4]
2020-07-07 19:47:35 INFO  webeventlistener:129 - Found Element By : By.xpath: (//input)[5]
2020-07-07 19:47:35 INFO  webeventlistener:129 - Found Element By : By.xpath: (//input)[5]
2020-07-07 19:47:42 INFO  webeventlistener:129 - Clicked on: [[ChromeDriver: chrome on XP (ed7863ca116000f3850650518e0ee714)] -> xpath: (//input)[5]]
2020-07-07 19:47:42 INFO  webeventlistener:129 - Clicked on: [[ChromeDriver: chrome on XP (ec72865581112651610d658124399b5d)] -> xpath: (//input)[5]]
2020-07-07 19:47:48 INFO  webeventlistener:129 - Found Element By : By.xpath: //*[text()='SIGN-OFF']
2020-07-07 19:47:48 INFO  webeventlistener:129 - Found Element By : By.xpath: //*[text()='SIGN-OFF']
2020-07-07 20:13:11 INFO  webeventlistener:129 - Found Element By : By.xpath: (//input)[3]
2020-07-07 20:13:11 INFO  webeventlistener:129 - Found Element By : By.xpath: (//input)[3]
2020-07-07 20:13:11 INFO  webeventlistener:129 - Found Element By : By.xpath: (//input)[4]
2020-07-07 20:13:11 INFO  webeventlistener:129 - Found Element By : By.xpath: (//input)[4]
2020-07-07 20:13:11 INFO  webeventlistener:129 - Found Element By : By.xpath: (//input)[5]
2020-07-07 20:13:11 INFO  webeventlistener:129 - Found Element By : By.xpath: (//input)[5]
2020-07-07 20:13:24 INFO  webeventlistener:129 - Clicked on: [[ChromeDriver: chrome on XP (cec9a6ea1800148ba5b9175b497ed96a)] -> xpath: (//input)[5]]
2020-07-07 20:13:24 INFO  webeventlistener:129 - Clicked on: [[ChromeDriver: chrome on XP (fca7b05e310075cd73e2e657c13018bb)] -> xpath: (//input)[5]]
2020-07-07 20:13:30 INFO  webeventlistener:129 - Found Element By : By.xpath: //*[text()='SIGN-OFF']
2020-07-07 20:13:30 INFO  webeventlistener:129 - Found Element By : By.xpath: //*[text()='SIGN-OFF']
2020-07-07 20:15:41 INFO  webeventlistener:129 - Found Element By : By.xpath: (//input)[3]
2020-07-07 20:15:41 INFO  webeventlistener:129 - Found Element By : By.xpath: (//input)[3]
2020-07-07 20:15:41 INFO  webeventlistener:129 - Found Element By : By.xpath: (//input)[4]
2020-07-07 20:15:41 INFO  webeventlistener:129 - Found Element By : By.xpath: (//input)[4]
2020-07-07 20:15:41 INFO  webeventlistener:129 - Found Element By : By.xpath: (//input)[5]
2020-07-07 20:15:41 INFO  webeventlistener:129 - Found Element By : By.xpath: (//input)[5]
2020-07-07 20:15:46 INFO  webeventlistener:129 - Clicked on: [[ChromeDriver: chrome on XP (545b071b96d2d5ce1d4cde554001a288)] -> xpath: (//input)[5]]
2020-07-07 20:15:46 INFO  webeventlistener:129 - Clicked on: [[ChromeDriver: chrome on XP (6bc78f7f688c81657d1bb12e597d4dc2)] -> xpath: (//input)[5]]
2020-07-07 20:15:52 INFO  webeventlistener:129 - Found Element By : By.xpath: //*[text()='SIGN-OFF']
2020-07-07 20:15:52 INFO  webeventlistener:129 - Found Element By : By.xpath: //*[text()='SIGN-OFF']
2020-07-07 20:15:52 INFO  webeventlistener:129 - Exception occured: org.openqa.selenium.NoSuchSessionException: no such session
  (Driver info: chromedriver=2.39.562718 (9a2698cba08cf5a471a29d30c8b3e12becabb0e9),platform=Windows NT 10.0.18362 x86_64) (WARNING: The server did not provide any stacktrace information)
Command duration or timeout: 0 milliseconds
Build info: version: '3.141.59', revision: 'e82be7d358', time: '2018-11-14T08:17:03'
System info: host: 'LAPTOP-AV2ODUL9', ip: '169.254.106.151', os.name: 'Windows 10', os.arch: 'amd64', os.version: '10.0', java.version: '1.8.0_171'
Driver info: org.openqa.selenium.chrome.ChromeDriver
Capabilities {acceptInsecureCerts: false, acceptSslCerts: false, applicationCacheEnabled: false, browserConnectionEnabled: false, browserName: chrome, chrome: {chromedriverVersion: 2.39.562718 (9a2698cba08cf5..., userDataDir: C:\Users\HP\AppData\Local\T...}, cssSelectorsEnabled: true, databaseEnabled: false, handlesAlerts: true, hasTouchScreen: false, javascriptEnabled: true, locationContextEnabled: true, mobileEmulationEnabled: false, nativeEvents: true, networkConnectionEnabled: false, pageLoadStrategy: normal, platform: XP, platformName: XP, rotatable: false, setWindowRect: true, takesHeapSnapshot: true, takesScreenshot: true, unexpectedAlertBehaviour: , unhandledPromptBehavior: , version: 83.0.4103.116, webStorageEnabled: true}
Session ID: 545b071b96d2d5ce1d4cde554001a288
2020-07-07 20:15:52 INFO  webeventlistener:129 - Test case failed...refer below screen-shot for detailed info
2020-07-07 20:15:56 INFO  webeventlistener:129 - Exception occured: org.openqa.selenium.WebDriverException: java.net.ConnectException: Failed to connect to localhost/0:0:0:0:0:0:0:1:41581
Build info: version: '3.141.59', revision: 'e82be7d358', time: '2018-11-14T08:17:03'
System info: host: 'LAPTOP-AV2ODUL9', ip: '169.254.106.151', os.name: 'Windows 10', os.arch: 'amd64', os.version: '10.0', java.version: '1.8.0_171'
Driver info: driver.version: EventFiringWebDriver
2020-07-07 20:15:56 INFO  webeventlistener:129 - Test case failed...refer below screen-shot for detailed info
2020-07-07 20:16:57 INFO  webeventlistener:129 - Found Element By : By.xpath: (//input)[3]
2020-07-07 20:16:57 INFO  webeventlistener:129 - Found Element By : By.xpath: (//input)[3]
2020-07-07 20:16:57 INFO  webeventlistener:129 - Found Element By : By.xpath: (//input)[4]
2020-07-07 20:16:57 INFO  webeventlistener:129 - Found Element By : By.xpath: (//input)[4]
2020-07-07 20:16:57 INFO  webeventlistener:129 - Found Element By : By.xpath: (//input)[5]
2020-07-07 20:16:57 INFO  webeventlistener:129 - Found Element By : By.xpath: (//input)[5]
2020-07-07 20:17:05 INFO  webeventlistener:129 - Clicked on: [[ChromeDriver: chrome on XP (ef51bde1bbb16e0b1fcfdf2017376e9b)] -> xpath: (//input)[5]]
2020-07-07 20:17:05 INFO  webeventlistener:129 - Clicked on: [[ChromeDriver: chrome on XP (49b8df915161229e3470cc96948f4259)] -> xpath: (//input)[5]]
2020-07-07 20:17:15 INFO  webeventlistener:129 - Found Element By : By.xpath: //*[text()='SIGN-OFF']
2020-07-07 20:17:15 INFO  webeventlistener:129 - Found Element By : By.xpath: //*[text()='SIGN-OFF']
2020-07-07 20:30:26 INFO  webeventlistener:129 - Found Element By : By.xpath: (//input)[3]
2020-07-07 20:30:26 INFO  webeventlistener:129 - Found Element By : By.xpath: (//input)[3]
2020-07-07 20:30:27 INFO  webeventlistener:129 - Found Element By : By.xpath: (//input)[4]
2020-07-07 20:30:27 INFO  webeventlistener:129 - Found Element By : By.xpath: (//input)[4]
2020-07-07 20:30:27 INFO  webeventlistener:129 - Found Element By : By.xpath: (//input)[5]
2020-07-07 20:30:27 INFO  webeventlistener:129 - Found Element By : By.xpath: (//input)[5]
2020-07-07 20:30:31 INFO  webeventlistener:129 - Clicked on: [[ChromeDriver: chrome on XP (31ef8ba46e5d36bfc95f2615b830c97a)] -> xpath: (//input)[5]]
2020-07-07 20:30:31 INFO  webeventlistener:129 - Exception occured: org.openqa.selenium.StaleElementReferenceException: stale element reference: element is not attached to the page document
  (Session info: chrome=83.0.4103.116)
  (Driver info: chromedriver=2.39.562718 (9a2698cba08cf5a471a29d30c8b3e12becabb0e9),platform=Windows NT 10.0.18362 x86_64) (WARNING: The server did not provide any stacktrace information)
Command duration or timeout: 0 milliseconds
For documentation on this error, please visit: https://www.seleniumhq.org/exceptions/stale_element_reference.html
Build info: version: '3.141.59', revision: 'e82be7d358', time: '2018-11-14T08:17:03'
System info: host: 'LAPTOP-AV2ODUL9', ip: '169.254.106.151', os.name: 'Windows 10', os.arch: 'amd64', os.version: '10.0', java.version: '1.8.0_171'
Driver info: org.openqa.selenium.chrome.ChromeDriver
Capabilities {acceptInsecureCerts: false, acceptSslCerts: false, applicationCacheEnabled: false, browserConnectionEnabled: false, browserName: chrome, chrome: {chromedriverVersion: 2.39.562718 (9a2698cba08cf5..., userDataDir: C:\Users\HP\AppData\Local\T...}, cssSelectorsEnabled: true, databaseEnabled: false, handlesAlerts: true, hasTouchScreen: false, javascriptEnabled: true, locationContextEnabled: true, mobileEmulationEnabled: false, nativeEvents: true, networkConnectionEnabled: false, pageLoadStrategy: normal, platform: XP, platformName: XP, rotatable: false, setWindowRect: true, takesHeapSnapshot: true, takesScreenshot: true, unexpectedAlertBehaviour: , unhandledPromptBehavior: , version: 83.0.4103.116, webStorageEnabled: true}
Session ID: 31ef8ba46e5d36bfc95f2615b830c97a
2020-07-07 20:30:31 INFO  webeventlistener:129 - Test case failed...refer below screen-shot for detailed info
2020-07-07 20:30:37 INFO  webeventlistener:129 - Exception occured: org.openqa.selenium.NoSuchSessionException: Session ID is null. Using WebDriver after calling quit()?
Build info: version: '3.141.59', revision: 'e82be7d358', time: '2018-11-14T08:17:03'
System info: host: 'LAPTOP-AV2ODUL9', ip: '169.254.106.151', os.name: 'Windows 10', os.arch: 'amd64', os.version: '10.0', java.version: '1.8.0_171'
Driver info: driver.version: EventFiringWebDriver
2020-07-07 20:30:37 INFO  webeventlistener:129 - Test case failed...refer below screen-shot for detailed info
2020-07-07 20:30:37 INFO  webeventlistener:129 - Exception occured: org.openqa.selenium.NoSuchSessionException: Session ID is null. Using WebDriver after calling quit()?
Build info: version: '3.141.59', revision: 'e82be7d358', time: '2018-11-14T08:17:03'
System info: host: 'LAPTOP-AV2ODUL9', ip: '169.254.106.151', os.name: 'Windows 10', os.arch: 'amd64', os.version: '10.0', java.version: '1.8.0_171'
Driver info: driver.version: EventFiringWebDriver
2020-07-07 20:30:37 INFO  webeventlistener:129 - Test case failed...refer below screen-shot for detailed info
2020-07-07 20:30:37 INFO  webeventlistener:129 - Exception occured: org.openqa.selenium.NoSuchSessionException: Session ID is null. Using WebDriver after calling quit()?
Build info: version: '3.141.59', revision: 'e82be7d358', time: '2018-11-14T08:17:03'
System info: host: 'LAPTOP-AV2ODUL9', ip: '169.254.106.151', os.name: 'Windows 10', os.arch: 'amd64', os.version: '10.0', java.version: '1.8.0_171'
Driver info: driver.version: EventFiringWebDriver
2020-07-07 20:30:37 INFO  webeventlistener:129 - Test case failed...refer below screen-shot for detailed info
2020-07-07 20:32:58 INFO  webeventlistener:129 - Found Element By : By.xpath: (//input)[3]
2020-07-07 20:32:58 INFO  webeventlistener:129 - Found Element By : By.xpath: (//input)[3]
2020-07-07 20:32:58 INFO  webeventlistener:129 - Found Element By : By.xpath: (//input)[4]
2020-07-07 20:32:58 INFO  webeventlistener:129 - Found Element By : By.xpath: (//input)[4]
2020-07-07 20:33:58 INFO  webeventlistener:129 - Found Element By : By.xpath: (//input)[3]
2020-07-07 20:33:58 INFO  webeventlistener:129 - Found Element By : By.xpath: (//input)[3]
2020-07-07 20:33:58 INFO  webeventlistener:129 - Found Element By : By.xpath: (//input)[4]
2020-07-07 20:33:58 INFO  webeventlistener:129 - Found Element By : By.xpath: (//input)[4]
2020-07-07 20:33:59 INFO  webeventlistener:129 - Found Element By : By.xpath: (//input)[5]
2020-07-07 20:33:59 INFO  webeventlistener:129 - Found Element By : By.xpath: (//input)[5]
2020-07-07 20:34:02 INFO  webeventlistener:129 - Clicked on: [[ChromeDriver: chrome on XP (83bc96937900d6d223df3e029c3d182a)] -> xpath: (//input)[5]]
2020-07-07 20:34:02 INFO  webeventlistener:129 - Exception occured: org.openqa.selenium.StaleElementReferenceException: stale element reference: element is not attached to the page document
  (Session info: chrome=83.0.4103.116)
  (Driver info: chromedriver=2.39.562718 (9a2698cba08cf5a471a29d30c8b3e12becabb0e9),platform=Windows NT 10.0.18362 x86_64) (WARNING: The server did not provide any stacktrace information)
Command duration or timeout: 0 milliseconds
For documentation on this error, please visit: https://www.seleniumhq.org/exceptions/stale_element_reference.html
Build info: version: '3.141.59', revision: 'e82be7d358', time: '2018-11-14T08:17:03'
System info: host: 'LAPTOP-AV2ODUL9', ip: '169.254.106.151', os.name: 'Windows 10', os.arch: 'amd64', os.version: '10.0', java.version: '1.8.0_171'
Driver info: org.openqa.selenium.chrome.ChromeDriver
Capabilities {acceptInsecureCerts: false, acceptSslCerts: false, applicationCacheEnabled: false, browserConnectionEnabled: false, browserName: chrome, chrome: {chromedriverVersion: 2.39.562718 (9a2698cba08cf5..., userDataDir: C:\Users\HP\AppData\Local\T...}, cssSelectorsEnabled: true, databaseEnabled: false, handlesAlerts: true, hasTouchScreen: false, javascriptEnabled: true, locationContextEnabled: true, mobileEmulationEnabled: false, nativeEvents: true, networkConnectionEnabled: false, pageLoadStrategy: normal, platform: XP, platformName: XP, rotatable: false, setWindowRect: true, takesHeapSnapshot: true, takesScreenshot: true, unexpectedAlertBehaviour: , unhandledPromptBehavior: , version: 83.0.4103.116, webStorageEnabled: true}
Session ID: 83bc96937900d6d223df3e029c3d182a
2020-07-07 20:34:02 INFO  webeventlistener:129 - Test case failed...refer below screen-shot for detailed info
2020-07-07 20:34:07 INFO  webeventlistener:129 - Exception occured: org.openqa.selenium.NoSuchSessionException: no such session
  (Driver info: chromedriver=2.39.562718 (9a2698cba08cf5a471a29d30c8b3e12becabb0e9),platform=Windows NT 10.0.18362 x86_64) (WARNING: The server did not provide any stacktrace information)
Command duration or timeout: 0 milliseconds
Build info: version: '3.141.59', revision: 'e82be7d358', time: '2018-11-14T08:17:03'
System info: host: 'LAPTOP-AV2ODUL9', ip: '169.254.106.151', os.name: 'Windows 10', os.arch: 'amd64', os.version: '10.0', java.version: '1.8.0_171'
Driver info: org.openqa.selenium.chrome.ChromeDriver
Capabilities {acceptInsecureCerts: false, acceptSslCerts: false, applicationCacheEnabled: false, browserConnectionEnabled: false, browserName: chrome, chrome: {chromedriverVersion: 2.39.562718 (9a2698cba08cf5..., userDataDir: C:\Users\HP\AppData\Local\T...}, cssSelectorsEnabled: true, databaseEnabled: false, handlesAlerts: true, hasTouchScreen: false, javascriptEnabled: true, locationContextEnabled: true, mobileEmulationEnabled: false, nativeEvents: true, networkConnectionEnabled: false, pageLoadStrategy: normal, platform: XP, platformName: XP, rotatable: false, setWindowRect: true, takesHeapSnapshot: true, takesScreenshot: true, unexpectedAlertBehaviour: , unhandledPromptBehavior: , version: 83.0.4103.116, webStorageEnabled: true}
Session ID: 83bc96937900d6d223df3e029c3d182a
2020-07-07 20:34:07 INFO  webeventlistener:129 - Test case failed...refer below screen-shot for detailed info
2020-07-07 20:34:08 INFO  webeventlistener:129 - Exception occured: org.openqa.selenium.NoSuchSessionException: no such session
  (Driver info: chromedriver=2.39.562718 (9a2698cba08cf5a471a29d30c8b3e12becabb0e9),platform=Windows NT 10.0.18362 x86_64) (WARNING: The server did not provide any stacktrace information)
Command duration or timeout: 0 milliseconds
Build info: version: '3.141.59', revision: 'e82be7d358', time: '2018-11-14T08:17:03'
System info: host: 'LAPTOP-AV2ODUL9', ip: '169.254.106.151', os.name: 'Windows 10', os.arch: 'amd64', os.version: '10.0', java.version: '1.8.0_171'
Driver info: org.openqa.selenium.chrome.ChromeDriver
Capabilities {acceptInsecureCerts: false, acceptSslCerts: false, applicationCacheEnabled: false, browserConnectionEnabled: false, browserName: chrome, chrome: {chromedriverVersion: 2.39.562718 (9a2698cba08cf5..., userDataDir: C:\Users\HP\AppData\Local\T...}, cssSelectorsEnabled: true, databaseEnabled: false, handlesAlerts: true, hasTouchScreen: false, javascriptEnabled: true, locationContextEnabled: true, mobileEmulationEnabled: false, nativeEvents: true, networkConnectionEnabled: false, pageLoadStrategy: normal, platform: XP, platformName: XP, rotatable: false, setWindowRect: true, takesHeapSnapshot: true, takesScreenshot: true, unexpectedAlertBehaviour: , unhandledPromptBehavior: , version: 83.0.4103.116, webStorageEnabled: true}
Session ID: 83bc96937900d6d223df3e029c3d182a
*** Element info: {Using=xpath, value=//*[text()='SIGN-OFF']}
2020-07-07 20:34:08 INFO  webeventlistener:129 - Test case failed...refer below screen-shot for detailed info
2020-07-07 20:34:08 INFO  webeventlistener:129 - Exception occured: org.openqa.selenium.NoSuchSessionException: no such session
  (Driver info: chromedriver=2.39.562718 (9a2698cba08cf5a471a29d30c8b3e12becabb0e9),platform=Windows NT 10.0.18362 x86_64) (WARNING: The server did not provide any stacktrace information)
Command duration or timeout: 0 milliseconds
Build info: version: '3.141.59', revision: 'e82be7d358', time: '2018-11-14T08:17:03'
System info: host: 'LAPTOP-AV2ODUL9', ip: '169.254.106.151', os.name: 'Windows 10', os.arch: 'amd64', os.version: '10.0', java.version: '1.8.0_171'
Driver info: org.openqa.selenium.chrome.ChromeDriver
Capabilities {acceptInsecureCerts: false, acceptSslCerts: false, applicationCacheEnabled: false, browserConnectionEnabled: false, browserName: chrome, chrome: {chromedriverVersion: 2.39.562718 (9a2698cba08cf5..., userDataDir: C:\Users\HP\AppData\Local\T...}, cssSelectorsEnabled: true, databaseEnabled: false, handlesAlerts: true, hasTouchScreen: false, javascriptEnabled: true, locationContextEnabled: true, mobileEmulationEnabled: false, nativeEvents: true, networkConnectionEnabled: false, pageLoadStrategy: normal, platform: XP, platformName: XP, rotatable: false, setWindowRect: true, takesHeapSnapshot: true, takesScreenshot: true, unexpectedAlertBehaviour: , unhandledPromptBehavior: , version: 83.0.4103.116, webStorageEnabled: true}
Session ID: 83bc96937900d6d223df3e029c3d182a
2020-07-07 20:34:08 INFO  webeventlistener:129 - Test case failed...refer below screen-shot for detailed info
2020-07-07 20:34:08 INFO  webeventlistener:129 - Exception occured: org.openqa.selenium.NoSuchSessionException: no such session
  (Driver info: chromedriver=2.39.562718 (9a2698cba08cf5a471a29d30c8b3e12becabb0e9),platform=Windows NT 10.0.18362 x86_64) (WARNING: The server did not provide any stacktrace information)
Command duration or timeout: 0 milliseconds
Build info: version: '3.141.59', revision: 'e82be7d358', time: '2018-11-14T08:17:03'
System info: host: 'LAPTOP-AV2ODUL9', ip: '169.254.106.151', os.name: 'Windows 10', os.arch: 'amd64', os.version: '10.0', java.version: '1.8.0_171'
Driver info: org.openqa.selenium.chrome.ChromeDriver
Capabilities {acceptInsecureCerts: false, acceptSslCerts: false, applicationCacheEnabled: false, browserConnectionEnabled: false, browserName: chrome, chrome: {chromedriverVersion: 2.39.562718 (9a2698cba08cf5..., userDataDir: C:\Users\HP\AppData\Local\T...}, cssSelectorsEnabled: true, databaseEnabled: false, handlesAlerts: true, hasTouchScreen: false, javascriptEnabled: true, locationContextEnabled: true, mobileEmulationEnabled: false, nativeEvents: true, networkConnectionEnabled: false, pageLoadStrategy: normal, platform: XP, platformName: XP, rotatable: false, setWindowRect: true, takesHeapSnapshot: true, takesScreenshot: true, unexpectedAlertBehaviour: , unhandledPromptBehavior: , version: 83.0.4103.116, webStorageEnabled: true}
Session ID: 83bc96937900d6d223df3e029c3d182a
2020-07-07 20:34:08 INFO  webeventlistener:129 - Test case failed...refer below screen-shot for detailed info
2020-07-07 20:36:23 INFO  webeventlistener:129 - Found Element By : By.xpath: (//input)[3]
2020-07-07 20:36:23 INFO  webeventlistener:129 - Found Element By : By.xpath: (//input)[4]
2020-07-07 20:36:23 INFO  webeventlistener:129 - Found Element By : By.xpath: (//input)[3]
2020-07-07 20:36:23 INFO  webeventlistener:129 - Found Element By : By.xpath: (//input)[5]
2020-07-07 20:36:23 INFO  webeventlistener:129 - Found Element By : By.xpath: (//input)[4]
2020-07-07 20:36:23 INFO  webeventlistener:129 - Found Element By : By.xpath: (//input)[5]
2020-07-07 20:36:27 INFO  webeventlistener:129 - Clicked on: [[ChromeDriver: chrome on XP (0e18b8ec65ee39a59957dd3e20097376)] -> xpath: (//input)[5]]
2020-07-07 20:36:27 INFO  webeventlistener:129 - Clicked on: [[ChromeDriver: chrome on XP (39bc884b58ffcea1d41361081520e790)] -> xpath: (//input)[5]]
2020-07-07 20:36:33 INFO  webeventlistener:129 - Found Element By : By.xpath: //*[text()='SIGN-OFF']
2020-07-07 20:36:33 INFO  webeventlistener:129 - Found Element By : By.xpath: //*[text()='SIGN-OFF']
2020-07-07 20:39:42 INFO  webeventlistener:129 - Found Element By : By.xpath: (//input)[3]
2020-07-07 20:39:42 INFO  webeventlistener:129 - Found Element By : By.xpath: (//input)[4]
2020-07-07 20:39:42 INFO  webeventlistener:129 - Found Element By : By.xpath: (//input)[5]
2020-07-07 20:39:46 INFO  webeventlistener:129 - Clicked on: [[ChromeDriver: chrome on XP (aaea09339f56b25bc1a4879584944919)] -> xpath: (//input)[5]]
2020-07-07 20:39:52 INFO  webeventlistener:129 - Found Element By : By.xpath: //*[text()='SIGN-OFF']
2020-07-07 20:40:05 INFO  webeventlistener:129 - Found Element By : By.xpath: (//input)[3]
2020-07-07 20:40:06 INFO  webeventlistener:129 - Found Element By : By.xpath: (//input)[4]
2020-07-07 20:40:06 INFO  webeventlistener:129 - Found Element By : By.xpath: (//input)[5]
2020-07-07 20:40:10 INFO  webeventlistener:129 - Clicked on: [[ChromeDriver: chrome on XP (e0ade69565f2286e32bfe9f1e9cc4208)] -> xpath: (//input)[5]]
2020-07-07 20:40:16 INFO  webeventlistener:129 - Found Element By : By.xpath: //*[text()='SIGN-OFF']
2020-07-07 20:41:44 INFO  webeventlistener:129 - Exception occured: org.openqa.selenium.NoSuchSessionException: no such session
  (Driver info: chromedriver=2.39.562718 (9a2698cba08cf5a471a29d30c8b3e12becabb0e9),platform=Windows NT 10.0.18362 x86_64) (WARNING: The server did not provide any stacktrace information)
Command duration or timeout: 0 milliseconds
Build info: version: '3.141.59', revision: 'e82be7d358', time: '2018-11-14T08:17:03'
System info: host: 'LAPTOP-AV2ODUL9', ip: '169.254.106.151', os.name: 'Windows 10', os.arch: 'amd64', os.version: '10.0', java.version: '1.8.0_171'
Driver info: org.openqa.selenium.chrome.ChromeDriver
Capabilities {acceptInsecureCerts: false, acceptSslCerts: false, applicationCacheEnabled: false, browserConnectionEnabled: false, browserName: chrome, chrome: {chromedriverVersion: 2.39.562718 (9a2698cba08cf5..., userDataDir: C:\Users\HP\AppData\Local\T...}, cssSelectorsEnabled: true, databaseEnabled: false, handlesAlerts: true, hasTouchScreen: false, javascriptEnabled: true, locationContextEnabled: true, mobileEmulationEnabled: false, nativeEvents: true, networkConnectionEnabled: false, pageLoadStrategy: normal, platform: XP, platformName: XP, rotatable: false, setWindowRect: true, takesHeapSnapshot: true, takesScreenshot: true, unexpectedAlertBehaviour: , unhandledPromptBehavior: , version: 83.0.4103.116, webStorageEnabled: true}
Session ID: aaea09339f56b25bc1a4879584944919
2020-07-07 20:41:44 INFO  webeventlistener:129 - Test case failed...refer below screen-shot for detailed info
2020-07-07 20:41:44 INFO  webeventlistener:129 - Exception occured: org.openqa.selenium.NoSuchSessionException: no such session
  (Driver info: chromedriver=2.39.562718 (9a2698cba08cf5a471a29d30c8b3e12becabb0e9),platform=Windows NT 10.0.18362 x86_64) (WARNING: The server did not provide any stacktrace information)
Command duration or timeout: 0 milliseconds
Build info: version: '3.141.59', revision: 'e82be7d358', time: '2018-11-14T08:17:03'
System info: host: 'LAPTOP-AV2ODUL9', ip: '169.254.106.151', os.name: 'Windows 10', os.arch: 'amd64', os.version: '10.0', java.version: '1.8.0_171'
Driver info: org.openqa.selenium.chrome.ChromeDriver
Capabilities {acceptInsecureCerts: false, acceptSslCerts: false, applicationCacheEnabled: false, browserConnectionEnabled: false, browserName: chrome, chrome: {chromedriverVersion: 2.39.562718 (9a2698cba08cf5..., userDataDir: C:\Users\HP\AppData\Local\T...}, cssSelectorsEnabled: true, databaseEnabled: false, handlesAlerts: true, hasTouchScreen: false, javascriptEnabled: true, locationContextEnabled: true, mobileEmulationEnabled: false, nativeEvents: true, networkConnectionEnabled: false, pageLoadStrategy: normal, platform: XP, platformName: XP, rotatable: false, setWindowRect: true, takesHeapSnapshot: true, takesScreenshot: true, unexpectedAlertBehaviour: , unhandledPromptBehavior: , version: 83.0.4103.116, webStorageEnabled: true}
Session ID: aaea09339f56b25bc1a4879584944919
2020-07-07 20:41:44 INFO  webeventlistener:129 - Test case failed...refer below screen-shot for detailed info
2020-07-07 20:42:25 INFO  webeventlistener:129 - Found Element By : By.xpath: (//input)[3]
2020-07-07 20:42:25 INFO  webeventlistener:129 - Found Element By : By.xpath: (//input)[3]
2020-07-07 20:42:25 INFO  webeventlistener:129 - Found Element By : By.xpath: (//input)[4]
2020-07-07 20:42:25 INFO  webeventlistener:129 - Found Element By : By.xpath: (//input)[4]
2020-07-07 20:42:25 INFO  webeventlistener:129 - Found Element By : By.xpath: (//input)[5]
2020-07-07 20:42:25 INFO  webeventlistener:129 - Found Element By : By.xpath: (//input)[5]
2020-07-07 20:42:29 INFO  webeventlistener:129 - Clicked on: [[ChromeDriver: chrome on XP (214205abbf4522ead8e564b827c2a146)] -> xpath: (//input)[5]]
2020-07-07 20:42:30 INFO  webeventlistener:129 - Clicked on: [[ChromeDriver: chrome on XP (590918bdfda05adea3d482aad06874d8)] -> xpath: (//input)[5]]
2020-07-07 20:42:35 INFO  webeventlistener:129 - Found Element By : By.xpath: //*[text()='SIGN-OFF']
2020-07-07 20:42:36 INFO  webeventlistener:129 - Found Element By : By.xpath: //*[text()='SIGN-OFF']
2020-07-07 20:42:40 INFO  webeventlistener:129 - Exception occured: org.openqa.selenium.WebDriverException: java.net.ConnectException: Failed to connect to localhost/0:0:0:0:0:0:0:1:16202
Build info: version: '3.141.59', revision: 'e82be7d358', time: '2018-11-14T08:17:03'
System info: host: 'LAPTOP-AV2ODUL9', ip: '169.254.106.151', os.name: 'Windows 10', os.arch: 'amd64', os.version: '10.0', java.version: '1.8.0_171'
Driver info: driver.version: EventFiringWebDriver
2020-07-07 20:42:40 INFO  webeventlistener:129 - Test case failed...refer below screen-shot for detailed info
2020-07-07 20:42:40 INFO  webeventlistener:129 - Exception occured: org.openqa.selenium.NoSuchSessionException: Session ID is null. Using WebDriver after calling quit()?
Build info: version: '3.141.59', revision: 'e82be7d358', time: '2018-11-14T08:17:03'
System info: host: 'LAPTOP-AV2ODUL9', ip: '169.254.106.151', os.name: 'Windows 10', os.arch: 'amd64', os.version: '10.0', java.version: '1.8.0_171'
Driver info: driver.version: EventFiringWebDriver
2020-07-07 20:42:40 INFO  webeventlistener:129 - Test case failed...refer below screen-shot for detailed info
2020-07-07 20:43:51 INFO  webeventlistener:129 - Found Element By : By.xpath: (//input)[3]
2020-07-07 20:43:51 INFO  webeventlistener:129 - Found Element By : By.xpath: (//input)[3]
2020-07-07 20:43:51 INFO  webeventlistener:129 - Found Element By : By.xpath: (//input)[4]
2020-07-07 20:43:51 INFO  webeventlistener:129 - Found Element By : By.xpath: (//input)[4]
2020-07-07 20:43:52 INFO  webeventlistener:129 - Found Element By : By.xpath: (//input)[5]
2020-07-07 20:43:52 INFO  webeventlistener:129 - Found Element By : By.xpath: (//input)[5]
2020-07-07 20:43:56 INFO  webeventlistener:129 - Clicked on: [[ChromeDriver: chrome on XP (284911aefc167a313cfbbaf2d5ef35eb)] -> xpath: (//input)[5]]
2020-07-07 20:43:56 INFO  webeventlistener:129 - Clicked on: [[ChromeDriver: chrome on XP (30544de62c414985c5a5132115696d89)] -> xpath: (//input)[5]]
2020-07-07 20:44:02 INFO  webeventlistener:129 - Found Element By : By.xpath: //*[text()='SIGN-OFF']
2020-07-07 20:44:02 INFO  webeventlistener:129 - Exception occured: org.openqa.selenium.NoSuchSessionException: no such session
  (Driver info: chromedriver=2.39.562718 (9a2698cba08cf5a471a29d30c8b3e12becabb0e9),platform=Windows NT 10.0.18362 x86_64) (WARNING: The server did not provide any stacktrace information)
Command duration or timeout: 0 milliseconds
Build info: version: '3.141.59', revision: 'e82be7d358', time: '2018-11-14T08:17:03'
System info: host: 'LAPTOP-AV2ODUL9', ip: '169.254.106.151', os.name: 'Windows 10', os.arch: 'amd64', os.version: '10.0', java.version: '1.8.0_171'
Driver info: org.openqa.selenium.chrome.ChromeDriver
Capabilities {acceptInsecureCerts: false, acceptSslCerts: false, applicationCacheEnabled: false, browserConnectionEnabled: false, browserName: chrome, chrome: {chromedriverVersion: 2.39.562718 (9a2698cba08cf5..., userDataDir: C:\Users\HP\AppData\Local\T...}, cssSelectorsEnabled: true, databaseEnabled: false, handlesAlerts: true, hasTouchScreen: false, javascriptEnabled: true, locationContextEnabled: true, mobileEmulationEnabled: false, nativeEvents: true, networkConnectionEnabled: false, pageLoadStrategy: normal, platform: XP, platformName: XP, rotatable: false, setWindowRect: true, takesHeapSnapshot: true, takesScreenshot: true, unexpectedAlertBehaviour: , unhandledPromptBehavior: , version: 83.0.4103.116, webStorageEnabled: true}
Session ID: 30544de62c414985c5a5132115696d89
*** Element info: {Using=xpath, value=//*[text()='SIGN-OFF']}
2020-07-07 20:44:02 INFO  webeventlistener:129 - Test case failed...refer below screen-shot for detailed info
2020-07-07 20:44:03 INFO  webeventlistener:129 - Exception occured: org.openqa.selenium.NoSuchSessionException: no such session
  (Driver info: chromedriver=2.39.562718 (9a2698cba08cf5a471a29d30c8b3e12becabb0e9),platform=Windows NT 10.0.18362 x86_64) (WARNING: The server did not provide any stacktrace information)
Command duration or timeout: 0 milliseconds
Build info: version: '3.141.59', revision: 'e82be7d358', time: '2018-11-14T08:17:03'
System info: host: 'LAPTOP-AV2ODUL9', ip: '169.254.106.151', os.name: 'Windows 10', os.arch: 'amd64', os.version: '10.0', java.version: '1.8.0_171'
Driver info: org.openqa.selenium.chrome.ChromeDriver
Capabilities {acceptInsecureCerts: false, acceptSslCerts: false, applicationCacheEnabled: false, browserConnectionEnabled: false, browserName: chrome, chrome: {chromedriverVersion: 2.39.562718 (9a2698cba08cf5..., userDataDir: C:\Users\HP\AppData\Local\T...}, cssSelectorsEnabled: true, databaseEnabled: false, handlesAlerts: true, hasTouchScreen: false, javascriptEnabled: true, locationContextEnabled: true, mobileEmulationEnabled: false, nativeEvents: true, networkConnectionEnabled: false, pageLoadStrategy: normal, platform: XP, platformName: XP, rotatable: false, setWindowRect: true, takesHeapSnapshot: true, takesScreenshot: true, unexpectedAlertBehaviour: , unhandledPromptBehavior: , version: 83.0.4103.116, webStorageEnabled: true}
Session ID: 30544de62c414985c5a5132115696d89
2020-07-07 20:44:03 INFO  webeventlistener:129 - Test case failed...refer below screen-shot for detailed info
2020-07-07 20:44:03 INFO  webeventlistener:129 - Exception occured: org.openqa.selenium.NoSuchSessionException: no such session
  (Driver info: chromedriver=2.39.562718 (9a2698cba08cf5a471a29d30c8b3e12becabb0e9),platform=Windows NT 10.0.18362 x86_64) (WARNING: The server did not provide any stacktrace information)
Command duration or timeout: 0 milliseconds
Build info: version: '3.141.59', revision: 'e82be7d358', time: '2018-11-14T08:17:03'
System info: host: 'LAPTOP-AV2ODUL9', ip: '169.254.106.151', os.name: 'Windows 10', os.arch: 'amd64', os.version: '10.0', java.version: '1.8.0_171'
Driver info: org.openqa.selenium.chrome.ChromeDriver
Capabilities {acceptInsecureCerts: false, acceptSslCerts: false, applicationCacheEnabled: false, browserConnectionEnabled: false, browserName: chrome, chrome: {chromedriverVersion: 2.39.562718 (9a2698cba08cf5..., userDataDir: C:\Users\HP\AppData\Local\T...}, cssSelectorsEnabled: true, databaseEnabled: false, handlesAlerts: true, hasTouchScreen: false, javascriptEnabled: true, locationContextEnabled: true, mobileEmulationEnabled: false, nativeEvents: true, networkConnectionEnabled: false, pageLoadStrategy: normal, platform: XP, platformName: XP, rotatable: false, setWindowRect: true, takesHeapSnapshot: true, takesScreenshot: true, unexpectedAlertBehaviour: , unhandledPromptBehavior: , version: 83.0.4103.116, webStorageEnabled: true}
Session ID: 30544de62c414985c5a5132115696d89
2020-07-07 20:44:03 INFO  webeventlistener:129 - Test case failed...refer below screen-shot for detailed info
2020-07-07 20:45:48 INFO  webeventlistener:129 - Found Element By : By.xpath: (//input)[3]
2020-07-07 20:45:48 INFO  webeventlistener:129 - Found Element By : By.xpath: (//input)[3]
2020-07-07 20:45:48 INFO  webeventlistener:129 - Found Element By : By.xpath: (//input)[4]
2020-07-07 20:45:48 INFO  webeventlistener:129 - Found Element By : By.xpath: (//input)[4]
2020-07-07 20:45:48 INFO  webeventlistener:129 - Found Element By : By.xpath: (//input)[5]
2020-07-07 20:45:48 INFO  webeventlistener:129 - Found Element By : By.xpath: (//input)[5]
2020-07-07 20:45:52 INFO  webeventlistener:129 - Clicked on: [[ChromeDriver: chrome on XP (78b54316a82bfa1e4318c793852fb1c9)] -> xpath: (//input)[5]]
2020-07-07 20:45:52 INFO  webeventlistener:129 - Clicked on: [[ChromeDriver: chrome on XP (c38eb6f7cf686eb089961e4240f62708)] -> xpath: (//input)[5]]
2020-07-07 20:45:58 INFO  webeventlistener:129 - Found Element By : By.xpath: //*[text()='SIGN-OFF']
2020-07-07 20:45:58 INFO  webeventlistener:129 - Found Element By : By.xpath: //*[text()='SIGN-OFF']
2020-07-07 20:46:00 ERROR runtime:60 - Error executing FreeMarker template
FreeMarker template error:
The following has evaluated to null or missing:
==> config.getValue('cdn')  [in template "head.ftl" at line 2, column 16]

----
Tip: If the failing expression is known to be legally refer to something that's sometimes null or missing, either specify a default value like myOptionalVar!myDefault, or use <#if myOptionalVar??>when-present<#else>when-missing</#if>. (These only cover the last step of the expression; to cover the whole expression, use parenthesis: (myOptionalVar.foo)!myDefault, (myOptionalVar.foo)??
----

----
FTL stack trace ("~" means nesting-related):
	- Failed at: #assign cdn = config.getValue("cdn")  [in template "head.ftl" at line 2, column 1]
	- Reached through: #include "head.ftl"  [in template "index.ftl" at line 43, column 9]
----

Java stack trace (for programmers):
----
freemarker.core.InvalidReferenceException: [... Exception message was already printed; see it above ...]
	at freemarker.core.InvalidReferenceException.getInstance(InvalidReferenceException.java:131)
	at freemarker.core.Assignment.accept(Assignment.java:136)
	at freemarker.core.Environment.visit(Environment.java:324)
	at freemarker.core.MixedContent.accept(MixedContent.java:54)
	at freemarker.core.Environment.visit(Environment.java:324)
	at freemarker.core.Environment.include(Environment.java:2072)
	at freemarker.core.Include.accept(Include.java:167)
	at freemarker.core.Environment.visit(Environment.java:324)
	at freemarker.core.MixedContent.accept(MixedContent.java:54)
	at freemarker.core.Environment.visit(Environment.java:324)
	at freemarker.core.Environment.process(Environment.java:302)
	at freemarker.template.Template.process(Template.java:325)
	at com.aventstack.extentreports.reporter.ExtentHtmlReporter.flush(ExtentHtmlReporter.java:142)
	at java.util.ArrayList.forEach(ArrayList.java:1257)
	at com.aventstack.extentreports.Report.notifyReporters(Report.java:247)
	at com.aventstack.extentreports.Report.flush(Report.java:169)
	at com.aventstack.extentreports.ExtentReports.flush(ExtentReports.java:272)
	at com.cucumber.listener.ExtentCucumberFormatter.done(ExtentCucumberFormatter.java:170)
	at sun.reflect.NativeMethodAccessorImpl.invoke0(Native Method)
	at sun.reflect.NativeMethodAccessorImpl.invoke(NativeMethodAccessorImpl.java:62)
	at sun.reflect.DelegatingMethodAccessorImpl.invoke(DelegatingMethodAccessorImpl.java:43)
	at java.lang.reflect.Method.invoke(Method.java:498)
	at cucumber.runtime.Utils$1.call(Utils.java:40)
	at cucumber.runtime.Timeout.timeout(Timeout.java:16)
	at cucumber.runtime.Utils.invoke(Utils.java:34)
	at cucumber.runtime.RuntimeOptions$1.invoke(RuntimeOptions.java:294)
	at com.sun.proxy.$Proxy21.done(Unknown Source)
	at cucumber.api.testng.TestNGCucumberRunner.finish(TestNGCucumberRunner.java:76)
	at com.automation.runners.loginRunner.tearDownClass(loginRunner.java:88)
	at sun.reflect.NativeMethodAccessorImpl.invoke0(Native Method)
	at sun.reflect.NativeMethodAccessorImpl.invoke(NativeMethodAccessorImpl.java:62)
	at sun.reflect.DelegatingMethodAccessorImpl.invoke(DelegatingMethodAccessorImpl.java:43)
	at java.lang.reflect.Method.invoke(Method.java:498)
	at org.testng.internal.MethodInvocationHelper.invokeMethod(MethodInvocationHelper.java:104)
	at org.testng.internal.Invoker.invokeConfigurationMethod(Invoker.java:515)
	at org.testng.internal.Invoker.invokeConfigurations(Invoker.java:217)
	at org.testng.internal.Invoker.invokeConfigurations(Invoker.java:144)
	at org.testng.internal.TestMethodWorker.invokeAfterClassMethods(TestMethodWorker.java:217)
	at org.testng.internal.TestMethodWorker.run(TestMethodWorker.java:115)
	at java.util.concurrent.ThreadPoolExecutor.runWorker(ThreadPoolExecutor.java:1149)
	at java.util.concurrent.ThreadPoolExecutor$Worker.run(ThreadPoolExecutor.java:624)
	at java.lang.Thread.run(Thread.java:748)
2020-07-07 20:50:22 INFO  webeventlistener:129 - Found Element By : By.xpath: (//input)[3]
2020-07-07 20:50:23 INFO  webeventlistener:129 - Found Element By : By.xpath: (//input)[4]
2020-07-07 20:50:23 INFO  webeventlistener:129 - Found Element By : By.xpath: (//input)[5]
2020-07-07 20:50:24 INFO  webeventlistener:129 - Found Element By : By.xpath: (//input)[3]
2020-07-07 20:50:24 INFO  webeventlistener:129 - Found Element By : By.xpath: (//input)[4]
2020-07-07 20:50:24 INFO  webeventlistener:129 - Found Element By : By.xpath: (//input)[5]
2020-07-07 20:50:27 INFO  webeventlistener:129 - Clicked on: [[ChromeDriver: chrome on XP (7d127438cb3a7c906815ca824e6e44c1)] -> xpath: (//input)[5]]
2020-07-07 20:50:28 INFO  webeventlistener:129 - Clicked on: [[ChromeDriver: chrome on XP (47364ed25cecc139705a4a5a07e4f29e)] -> xpath: (//input)[5]]
2020-07-07 20:50:33 INFO  webeventlistener:129 - Found Element By : By.xpath: //*[text()='SIGN-OFF']
2020-07-07 20:50:34 INFO  webeventlistener:129 - Found Element By : By.xpath: //*[text()='SIGN-OFF']
2020-07-07 20:57:50 INFO  webeventlistener:129 - Found Element By : By.xpath: (//input)[3]
2020-07-07 20:57:50 INFO  webeventlistener:129 - Found Element By : By.xpath: (//input)[4]
2020-07-07 20:57:50 INFO  webeventlistener:129 - Found Element By : By.xpath: (//input)[5]
2020-07-07 20:57:51 INFO  webeventlistener:129 - Found Element By : By.xpath: (//input)[3]
2020-07-07 20:57:51 INFO  webeventlistener:129 - Found Element By : By.xpath: (//input)[4]
2020-07-07 20:57:52 INFO  webeventlistener:129 - Found Element By : By.xpath: (//input)[5]
2020-07-07 20:57:55 INFO  webeventlistener:129 - Clicked on: [[ChromeDriver: chrome on XP (ba430cccd10af471863c11c29d10e9cc)] -> xpath: (//input)[5]]
2020-07-07 20:57:56 INFO  webeventlistener:129 - Clicked on: [[ChromeDriver: chrome on XP (0ad7ec4369aa68f681a3a8a58cd650af)] -> xpath: (//input)[5]]
2020-07-07 20:58:01 INFO  webeventlistener:129 - Found Element By : By.xpath: //*[text()='SIGN-OFF']
2020-07-07 20:58:02 INFO  webeventlistener:129 - Found Element By : By.xpath: //*[text()='SIGN-OFF']
2020-07-07 20:58:37 INFO  webeventlistener:129 - Exception occured: org.openqa.selenium.NoSuchSessionException: no such session
  (Driver info: chromedriver=2.39.562718 (9a2698cba08cf5a471a29d30c8b3e12becabb0e9),platform=Windows NT 10.0.18362 x86_64) (WARNING: The server did not provide any stacktrace information)
Command duration or timeout: 0 milliseconds
Build info: version: '3.141.59', revision: 'e82be7d358', time: '2018-11-14T08:17:03'
System info: host: 'LAPTOP-AV2ODUL9', ip: '169.254.106.151', os.name: 'Windows 10', os.arch: 'amd64', os.version: '10.0', java.version: '1.8.0_171'
Driver info: org.openqa.selenium.chrome.ChromeDriver
Capabilities {acceptInsecureCerts: false, acceptSslCerts: false, applicationCacheEnabled: false, browserConnectionEnabled: false, browserName: chrome, chrome: {chromedriverVersion: 2.39.562718 (9a2698cba08cf5..., userDataDir: C:\Users\HP\AppData\Local\T...}, cssSelectorsEnabled: true, databaseEnabled: false, handlesAlerts: true, hasTouchScreen: false, javascriptEnabled: true, locationContextEnabled: true, mobileEmulationEnabled: false, nativeEvents: true, networkConnectionEnabled: false, pageLoadStrategy: normal, platform: XP, platformName: XP, rotatable: false, setWindowRect: true, takesHeapSnapshot: true, takesScreenshot: true, unexpectedAlertBehaviour: , unhandledPromptBehavior: , version: 83.0.4103.116, webStorageEnabled: true}
Session ID: ba430cccd10af471863c11c29d10e9cc
2020-07-07 20:58:37 INFO  webeventlistener:129 - Test case failed...refer below screen-shot for detailed info
2020-07-07 21:02:53 INFO  webeventlistener:129 - Found Element By : By.xpath: (//input)[3]
2020-07-07 21:02:53 INFO  webeventlistener:129 - Found Element By : By.xpath: (//input)[4]
2020-07-07 21:02:53 INFO  webeventlistener:129 - Found Element By : By.xpath: (//input)[5]
2020-07-07 21:02:54 INFO  webeventlistener:129 - Found Element By : By.xpath: (//input)[3]
2020-07-07 21:02:54 INFO  webeventlistener:129 - Found Element By : By.xpath: (//input)[4]
2020-07-07 21:02:54 INFO  webeventlistener:129 - Found Element By : By.xpath: (//input)[5]
2020-07-07 21:02:59 INFO  webeventlistener:129 - Clicked on: [[ChromeDriver: chrome on XP (4f4d5929f5ec0dbae1ef7954c5d7623f)] -> xpath: (//input)[5]]
2020-07-07 21:03:00 INFO  webeventlistener:129 - Clicked on: [[ChromeDriver: chrome on XP (bd22699762145224d3ea8050eb3268f6)] -> xpath: (//input)[5]]
2020-07-07 21:03:05 INFO  webeventlistener:129 - Found Element By : By.xpath: //*[text()='SIGN-OFF']
2020-07-07 21:03:06 INFO  webeventlistener:129 - Found Element By : By.xpath: //*[text()='SIGN-OFF']
2020-07-07 21:03:58 INFO  webeventlistener:129 - Exception occured: org.openqa.selenium.NoSuchSessionException: Session ID is null. Using WebDriver after calling quit()?
Build info: version: '3.141.59', revision: 'e82be7d358', time: '2018-11-14T08:17:03'
System info: host: 'LAPTOP-AV2ODUL9', ip: '169.254.106.151', os.name: 'Windows 10', os.arch: 'amd64', os.version: '10.0', java.version: '1.8.0_171'
Driver info: driver.version: EventFiringWebDriver
2020-07-07 21:03:58 INFO  webeventlistener:129 - Test case failed...refer below screen-shot for detailed info
2020-07-07 21:06:55 INFO  webeventlistener:129 - Found Element By : By.xpath: (//input)[3]
2020-07-07 21:06:55 INFO  webeventlistener:129 - Found Element By : By.xpath: (//input)[4]
2020-07-07 21:06:55 INFO  webeventlistener:129 - Found Element By : By.xpath: (//input)[5]
2020-07-07 21:06:56 INFO  webeventlistener:129 - Found Element By : By.xpath: (//input)[3]
2020-07-07 21:06:56 INFO  webeventlistener:129 - Found Element By : By.xpath: (//input)[4]
2020-07-07 21:06:56 INFO  webeventlistener:129 - Found Element By : By.xpath: (//input)[5]
2020-07-07 21:06:59 INFO  webeventlistener:129 - Clicked on: [[ChromeDriver: chrome on XP (8fce64c17346ecb2a6acea5afb6d9847)] -> xpath: (//input)[5]]
2020-07-07 21:07:00 INFO  webeventlistener:129 - Clicked on: [[ChromeDriver: chrome on XP (ee9cbf2067bf9b9230cd66efa018cef8)] -> xpath: (//input)[5]]
2020-07-07 21:07:05 INFO  webeventlistener:129 - Found Element By : By.xpath: //*[text()='SIGN-OFF']
2020-07-07 21:07:06 INFO  webeventlistener:129 - Found Element By : By.xpath: //*[text()='SIGN-OFF']
2020-07-07 21:29:06 INFO  webeventlistener:129 - Found Element By : By.xpath: (//input)[3]
2020-07-07 21:29:06 INFO  webeventlistener:129 - Found Element By : By.xpath: (//input)[4]
2020-07-07 21:29:06 INFO  webeventlistener:129 - Found Element By : By.xpath: (//input)[5]
2020-07-07 21:29:11 INFO  webeventlistener:129 - Clicked on: [[ChromeDriver: chrome on XP (834ba936c1b3917d718a88b52502d8de)] -> xpath: (//input)[5]]
2020-07-07 21:29:11 INFO  webeventlistener:129 - Found Element By : By.xpath: (//input)[3]
2020-07-07 21:29:11 INFO  webeventlistener:129 - Found Element By : By.xpath: (//input)[4]
2020-07-07 21:29:11 INFO  webeventlistener:129 - Found Element By : By.xpath: (//input)[5]
2020-07-07 21:29:16 INFO  webeventlistener:129 - Clicked on: [[ChromeDriver: chrome on XP (d3a5ae2ef2067a194dbf0b303a2f5b06)] -> xpath: (//input)[5]]
2020-07-07 21:29:17 INFO  webeventlistener:129 - Found Element By : By.xpath: //*[text()='SIGN-OFF']
2020-07-07 21:29:22 INFO  webeventlistener:129 - Found Element By : By.xpath: //*[text()='SIGN-OFF']
2020-07-07 21:31:25 INFO  webeventlistener:129 - Found Element By : By.xpath: (//input)[3]
2020-07-07 21:31:25 INFO  webeventlistener:129 - Found Element By : By.xpath: (//input)[4]
2020-07-07 21:31:25 INFO  webeventlistener:129 - Found Element By : By.xpath: (//input)[5]
2020-07-07 21:31:29 INFO  webeventlistener:129 - Clicked on: [[ChromeDriver: chrome on XP (523a4f3ddf34939a07cdc446780352c9)] -> xpath: (//input)[5]]
2020-07-07 21:31:31 INFO  webeventlistener:129 - Found Element By : By.xpath: (//input)[3]
2020-07-07 21:31:31 INFO  webeventlistener:129 - Found Element By : By.xpath: (//input)[4]
2020-07-07 21:31:31 INFO  webeventlistener:129 - Found Element By : By.xpath: (//input)[5]
2020-07-07 21:31:35 INFO  webeventlistener:129 - Found Element By : By.xpath: //*[text()='SIGN-OFF']
2020-07-07 21:31:36 INFO  webeventlistener:129 - Clicked on: [[ChromeDriver: chrome on XP (1ce0b4026be17415f694e7cfaaeea67c)] -> xpath: (//input)[5]]
2020-07-07 21:31:42 INFO  webeventlistener:129 - Found Element By : By.xpath: //*[text()='SIGN-OFF']
2020-07-07 21:38:59 INFO  webeventlistener:129 - Found Element By : By.xpath: (//input)[3]
2020-07-07 21:38:59 INFO  webeventlistener:129 - Found Element By : By.xpath: (//input)[4]
2020-07-07 21:38:59 INFO  webeventlistener:129 - Found Element By : By.xpath: (//input)[5]
2020-07-07 21:39:03 INFO  webeventlistener:129 - Clicked on: [[ChromeDriver: chrome on XP (660eb22d30f286b47799b9a24eb2c6b1)] -> xpath: (//input)[5]]
2020-07-07 21:39:03 INFO  webeventlistener:129 - Found Element By : By.xpath: (//input)[3]
2020-07-07 21:39:03 INFO  webeventlistener:129 - Found Element By : By.xpath: (//input)[4]
2020-07-07 21:39:03 INFO  webeventlistener:129 - Found Element By : By.xpath: (//input)[5]
2020-07-07 21:39:07 INFO  webeventlistener:129 - Clicked on: [[ChromeDriver: chrome on XP (266934bff6798ee9ed716c36b22fa6cb)] -> xpath: (//input)[5]]
2020-07-07 21:39:09 INFO  webeventlistener:129 - Found Element By : By.xpath: //*[text()='SIGN-OFF']
2020-07-07 21:39:13 INFO  webeventlistener:129 - Found Element By : By.xpath: //*[text()='SIGN-OFF']
2020-07-07 21:42:30 INFO  webeventlistener:129 - Found Element By : By.xpath: (//input)[3]
2020-07-07 21:42:30 INFO  webeventlistener:129 - Found Element By : By.xpath: (//input)[3]
2020-07-07 21:42:30 INFO  webeventlistener:129 - Found Element By : By.xpath: (//input)[4]
2020-07-07 21:42:31 INFO  webeventlistener:129 - Found Element By : By.xpath: (//input)[5]
2020-07-07 21:42:31 INFO  webeventlistener:129 - Found Element By : By.xpath: (//input)[4]
2020-07-07 21:42:31 INFO  webeventlistener:129 - Found Element By : By.xpath: (//input)[5]
2020-07-07 21:42:35 INFO  webeventlistener:129 - Clicked on: [[ChromeDriver: chrome on XP (b8d1e4aaf15522c53e4c11bc01788b49)] -> xpath: (//input)[5]]
2020-07-07 21:42:36 INFO  webeventlistener:129 - Clicked on: [[ChromeDriver: chrome on XP (d345f2937187269af9fc784ed7be31a1)] -> xpath: (//input)[5]]
2020-07-07 21:42:41 INFO  webeventlistener:129 - Found Element By : By.xpath: //*[text()='SIGN-OFF']
2020-07-07 21:42:42 INFO  webeventlistener:129 - Found Element By : By.xpath: //*[text()='SIGN-OFF']
2020-07-07 22:07:34 INFO  webeventlistener:129 - Found Element By : By.xpath: (//input)[3]
2020-07-07 22:07:34 INFO  webeventlistener:129 - Found Element By : By.xpath: (//input)[4]
2020-07-07 22:07:35 INFO  webeventlistener:129 - Found Element By : By.xpath: (//input)[5]
2020-07-07 22:07:37 INFO  webeventlistener:129 - Found Element By : By.xpath: (//input)[3]
2020-07-07 22:07:38 INFO  webeventlistener:129 - Found Element By : By.xpath: (//input)[4]
2020-07-07 22:07:38 INFO  webeventlistener:129 - Found Element By : By.xpath: (//input)[5]
2020-07-07 22:07:41 INFO  webeventlistener:129 - Clicked on: [[ChromeDriver: chrome on XP (d7613f07b70d2326ebfa12504769e3cb)] -> xpath: (//input)[5]]
2020-07-07 22:07:41 INFO  webeventlistener:129 - Clicked on: [[ChromeDriver: chrome on XP (8156b6a7b8966a0003179cfc28dd3b99)] -> xpath: (//input)[5]]
2020-07-07 22:07:47 INFO  webeventlistener:129 - Found Element By : By.xpath: //*[text()='SIGN-OFF']
2020-07-07 22:07:47 INFO  webeventlistener:129 - Found Element By : By.xpath: //*[text()='SIGN-OFF']
2020-07-07 22:13:49 INFO  webeventlistener:129 - Found Element By : By.xpath: (//input)[3]
2020-07-07 22:13:49 INFO  webeventlistener:129 - Found Element By : By.xpath: (//input)[4]
2020-07-07 22:13:49 INFO  webeventlistener:129 - Found Element By : By.xpath: (//input)[5]
2020-07-07 22:13:52 INFO  webeventlistener:129 - Found Element By : By.xpath: (//input)[3]
2020-07-07 22:13:52 INFO  webeventlistener:129 - Found Element By : By.xpath: (//input)[4]
2020-07-07 22:13:52 INFO  webeventlistener:129 - Found Element By : By.xpath: (//input)[5]
2020-07-07 22:13:53 INFO  webeventlistener:129 - Clicked on: [[ChromeDriver: chrome on XP (cbf9fa0d1af0cb9cb72ace671b1aa306)] -> xpath: (//input)[5]]
2020-07-07 22:13:57 INFO  webeventlistener:129 - Clicked on: [[ChromeDriver: chrome on XP (97ffeacc4d770b7080faa22a83f48b46)] -> xpath: (//input)[5]]
2020-07-07 22:13:59 INFO  webeventlistener:129 - Found Element By : By.xpath: //*[text()='SIGN-OFF']
2020-07-07 22:14:03 INFO  webeventlistener:129 - Found Element By : By.xpath: //*[text()='SIGN-OFF']
2020-07-07 22:18:55 INFO  webeventlistener:129 - Found Element By : By.xpath: (//input)[3]
2020-07-07 22:18:55 INFO  webeventlistener:129 - Found Element By : By.xpath: (//input)[4]
2020-07-07 22:18:55 INFO  webeventlistener:129 - Found Element By : By.xpath: (//input)[5]
2020-07-07 22:18:58 INFO  webeventlistener:129 - Found Element By : By.xpath: (//input)[3]
2020-07-07 22:18:58 INFO  webeventlistener:129 - Found Element By : By.xpath: (//input)[4]
2020-07-07 22:18:58 INFO  webeventlistener:129 - Found Element By : By.xpath: (//input)[5]
2020-07-07 22:19:00 INFO  webeventlistener:129 - Clicked on: [[ChromeDriver: chrome on XP (131a2fd32e971c077a163517902412ee)] -> xpath: (//input)[5]]
2020-07-07 22:19:02 INFO  webeventlistener:129 - Clicked on: [[ChromeDriver: chrome on XP (da3ac7626b55e23449cf1d797543167e)] -> xpath: (//input)[5]]
2020-07-07 22:19:06 INFO  webeventlistener:129 - Found Element By : By.xpath: //*[text()='SIGN-OFF']
2020-07-07 22:19:08 INFO  webeventlistener:129 - Found Element By : By.xpath: //*[text()='SIGN-OFF']
2020-07-07 22:20:55 INFO  webeventlistener:129 - Found Element By : By.xpath: (//input)[3]
2020-07-07 22:20:55 INFO  webeventlistener:129 - Found Element By : By.xpath: (//input)[4]
2020-07-07 22:20:55 INFO  webeventlistener:129 - Found Element By : By.xpath: (//input)[5]
2020-07-07 22:20:57 INFO  webeventlistener:129 - Found Element By : By.xpath: (//input)[3]
2020-07-07 22:20:57 INFO  webeventlistener:129 - Found Element By : By.xpath: (//input)[4]
2020-07-07 22:20:58 INFO  webeventlistener:129 - Found Element By : By.xpath: (//input)[5]
2020-07-07 22:21:02 INFO  webeventlistener:129 - Clicked on: [[ChromeDriver: chrome on XP (e8440a7ab077463ba1799541bca66605)] -> xpath: (//input)[5]]
2020-07-07 22:21:02 INFO  webeventlistener:129 - Clicked on: [[ChromeDriver: chrome on XP (ba9c86f4bb1da5c8a8f9a4a3af91da4a)] -> xpath: (//input)[5]]
2020-07-07 22:21:08 INFO  webeventlistener:129 - Found Element By : By.xpath: //*[text()='SIGN-OFF']
2020-07-07 22:21:08 INFO  webeventlistener:129 - Found Element By : By.xpath: //*[text()='SIGN-OFF']
2020-07-07 22:32:39 INFO  webeventlistener:129 - Found Element By : By.xpath: (//input)[3]
2020-07-07 22:32:39 INFO  webeventlistener:129 - Found Element By : By.xpath: (//input)[4]
2020-07-07 22:32:39 INFO  webeventlistener:129 - Found Element By : By.xpath: (//input)[5]
2020-07-07 22:32:41 INFO  webeventlistener:129 - Found Element By : By.xpath: (//input)[3]
2020-07-07 22:32:42 INFO  webeventlistener:129 - Found Element By : By.xpath: (//input)[4]
2020-07-07 22:32:42 INFO  webeventlistener:129 - Found Element By : By.xpath: (//input)[5]
2020-07-07 22:32:44 INFO  webeventlistener:129 - Clicked on: [[ChromeDriver: chrome on XP (ecd4a9f576dd39371367bc0c8524dbfc)] -> xpath: (//input)[5]]
2020-07-07 22:32:46 INFO  webeventlistener:129 - Clicked on: [[ChromeDriver: chrome on XP (b49d30d8b7510b0f7b99f3e28e2e47a0)] -> xpath: (//input)[5]]
2020-07-07 22:32:50 INFO  webeventlistener:129 - Found Element By : By.xpath: //*[text()='SIGN-OFF']
2020-07-07 22:32:52 INFO  webeventlistener:129 - Found Element By : By.xpath: //*[text()='SIGN-OFF']
2020-07-07 22:35:35 INFO  webeventlistener:129 - Found Element By : By.xpath: (//input)[3]
2020-07-07 22:35:35 INFO  webeventlistener:129 - Found Element By : By.xpath: (//input)[3]
2020-07-07 22:35:36 INFO  webeventlistener:129 - Found Element By : By.xpath: (//input)[4]
2020-07-07 22:35:36 INFO  webeventlistener:129 - Found Element By : By.xpath: (//input)[5]
2020-07-07 22:35:36 INFO  webeventlistener:129 - Found Element By : By.xpath: (//input)[4]
2020-07-07 22:35:36 INFO  webeventlistener:129 - Found Element By : By.xpath: (//input)[5]
2020-07-07 22:35:41 INFO  webeventlistener:129 - Clicked on: [[ChromeDriver: chrome on XP (5fa98b47e700dd8f3ceaf187f23a1841)] -> xpath: (//input)[5]]
2020-07-07 22:35:41 INFO  webeventlistener:129 - Clicked on: [[ChromeDriver: chrome on XP (2f6c32911eeda47c09dc7ec9f540e435)] -> xpath: (//input)[5]]
2020-07-07 22:35:47 INFO  webeventlistener:129 - Found Element By : By.xpath: //*[text()='SIGN-OFF']
2020-07-07 22:35:47 INFO  webeventlistener:129 - Found Element By : By.xpath: //*[text()='SIGN-OFF']
2020-07-07 22:49:36 INFO  webeventlistener:129 - Found Element By : By.xpath: (//input)[3]
2020-07-07 22:49:37 INFO  webeventlistener:129 - Found Element By : By.xpath: (//input)[4]
2020-07-07 22:49:37 INFO  webeventlistener:129 - Found Element By : By.xpath: (//input)[5]
2020-07-07 22:49:39 INFO  webeventlistener:129 - Found Element By : By.xpath: (//input)[3]
2020-07-07 22:49:40 INFO  webeventlistener:129 - Found Element By : By.xpath: (//input)[4]
2020-07-07 22:49:40 INFO  webeventlistener:129 - Found Element By : By.xpath: (//input)[5]
2020-07-07 22:49:41 INFO  webeventlistener:129 - Clicked on: [[ChromeDriver: chrome on XP (d473e0d13630f2f971e239e304babeb0)] -> xpath: (//input)[5]]
2020-07-07 22:49:45 INFO  webeventlistener:129 - Clicked on: [[ChromeDriver: chrome on XP (ce1ab3c837891b74a23115dec7796d45)] -> xpath: (//input)[5]]
2020-07-07 22:49:48 INFO  webeventlistener:129 - Found Element By : By.xpath: //*[text()='SIGN-OFF']
2020-07-07 22:49:52 INFO  webeventlistener:129 - Found Element By : By.xpath: //*[text()='SIGN-OFF']
2020-07-07 23:15:11 INFO  webeventlistener:129 - Found Element By : By.xpath: (//input)[3]
2020-07-07 23:15:12 INFO  webeventlistener:129 - Found Element By : By.xpath: (//input)[4]
2020-07-07 23:15:12 INFO  webeventlistener:129 - Found Element By : By.xpath: (//input)[5]
2020-07-07 23:15:16 INFO  webeventlistener:129 - Found Element By : By.xpath: (//input)[3]
2020-07-07 23:15:16 INFO  webeventlistener:129 - Clicked on: [[ChromeDriver: chrome on XP (93bab86f74b81d409871f77295100e88)] -> xpath: (//input)[5]]
2020-07-07 23:15:17 INFO  webeventlistener:129 - Found Element By : By.xpath: (//input)[4]
2020-07-07 23:15:17 INFO  webeventlistener:129 - Found Element By : By.xpath: (//input)[5]
2020-07-07 23:15:21 INFO  webeventlistener:129 - Clicked on: [[ChromeDriver: chrome on XP (677c528d476704ae8b6ab14a3baa29e5)] -> xpath: (//input)[5]]
2020-07-07 23:15:23 INFO  webeventlistener:129 - Found Element By : By.xpath: //*[text()='SIGN-OFF']
2020-07-07 23:15:27 INFO  webeventlistener:129 - Found Element By : By.xpath: //*[text()='SIGN-OFF']
2020-07-07 23:28:37 INFO  webeventlistener:129 - Found Element By : By.xpath: (//input)[3]
2020-07-07 23:28:37 INFO  webeventlistener:129 - Found Element By : By.xpath: (//input)[4]
2020-07-07 23:28:37 INFO  webeventlistener:129 - Found Element By : By.xpath: (//input)[5]
2020-07-07 23:28:40 INFO  webeventlistener:129 - Found Element By : By.xpath: (//input)[3]
2020-07-07 23:28:40 INFO  webeventlistener:129 - Found Element By : By.xpath: (//input)[4]
2020-07-07 23:28:40 INFO  webeventlistener:129 - Found Element By : By.xpath: (//input)[5]
2020-07-07 23:28:41 INFO  webeventlistener:129 - Clicked on: [[ChromeDriver: chrome on XP (c7c25a5ab20af2a354445ba3ec695270)] -> xpath: (//input)[5]]
2020-07-07 23:28:44 INFO  webeventlistener:129 - Clicked on: [[ChromeDriver: chrome on XP (9ebd37915d6713c5ea047bbb711b68c9)] -> xpath: (//input)[5]]
2020-07-07 23:28:47 INFO  webeventlistener:129 - Found Element By : By.xpath: //*[text()='SIGN-OFF']
2020-07-07 23:28:51 INFO  webeventlistener:129 - Found Element By : By.xpath: //*[text()='SIGN-OFF']
