<?xml version="1.0" encoding="UTF-8"?>
<!-- Generated by org.testng.reporters.JUnitXMLReporter -->
<testsuite hostname="LAPTOP-AV2ODUL9" ignored="0" name="login1" tests="2" failures="2" timestamp="08 Jul 2020 17:19:52 GMT" time="43.697" errors="0">
  <testcase name="Login" time="42.736" classname="com.automation.runners.loginRunner3">
    <failure type="cucumber.runtime.CucumberException" message="junit.framework.ComparisonFailure: null expected:&amp;lt;SIGN-OF[F]&amp;gt; but was:&amp;lt;SIGN-OF[]&amp;gt;">
      <![CDATA[cucumber.runtime.CucumberException: junit.framework.ComparisonFailure: null expected:<SIGN-OF[F]> but was:<SIGN-OF[]>
	at cucumber.api.testng.TestNGCucumberRunner.runCucumber(TestNGCucumberRunner.java:69)
	at com.automation.runners.loginRunner3.Login(loginRunner3.java:59)
	at java.util.concurrent.ThreadPoolExecutor.runWorker(ThreadPoolExecutor.java:1149)
	at java.util.concurrent.ThreadPoolExecutor$Worker.run(ThreadPoolExecutor.java:624)
	at java.lang.Thread.run(Thread.java:748)
Caused by: junit.framework.ComparisonFailure: null expected:<SIGN-OF[F]> but was:<SIGN-OF[]>
	at junit.framework.Assert.assertEquals(Assert.java:81)
	at junit.framework.Assert.assertEquals(Assert.java:87)
	at com.automation.stepdefinitions.login_definition.verify(login_definition.java:50)
	at ✽.Then I verify the the title  SIGN-OF in refrence domain home page(src/test/java/com/automation/features/login.feature:25)
... Removed 10 stack frames]]>
    </failure>
  </testcase> <!-- Login -->
  <testcase name="Login" time="42.85" classname="com.automation.runners.loginRunner">
    <failure type="cucumber.runtime.CucumberException" message="junit.framework.ComparisonFailure: null expected:&amp;lt;SIGN-OF[F]&amp;gt; but was:&amp;lt;SIGN-OF[]&amp;gt;">
      <![CDATA[cucumber.runtime.CucumberException: junit.framework.ComparisonFailure: null expected:<SIGN-OF[F]> but was:<SIGN-OF[]>
	at cucumber.api.testng.TestNGCucumberRunner.runCucumber(TestNGCucumberRunner.java:69)
	at com.automation.runners.loginRunner.Login(loginRunner.java:72)
	at java.util.concurrent.ThreadPoolExecutor.runWorker(ThreadPoolExecutor.java:1149)
	at java.util.concurrent.ThreadPoolExecutor$Worker.run(ThreadPoolExecutor.java:624)
	at java.lang.Thread.run(Thread.java:748)
Caused by: junit.framework.ComparisonFailure: null expected:<SIGN-OF[F]> but was:<SIGN-OF[]>
	at junit.framework.Assert.assertEquals(Assert.java:81)
	at junit.framework.Assert.assertEquals(Assert.java:87)
	at com.automation.stepdefinitions.login_definition.verify(login_definition.java:50)
	at ✽.Then I verify the the title  SIGN-OF in refrence domain home page(src/test/java/com/automation/features/login.feature:25)
... Removed 10 stack frames]]>
    </failure>
  </testcase> <!-- Login -->
</testsuite> <!-- login1 -->
