<html>
<head>
<title>TestNG:  login1</title>
<link href="../testng.css" rel="stylesheet" type="text/css" />
<link href="../my-testng.css" rel="stylesheet" type="text/css" />

<style type="text/css">
.log { display: none;} 
.stack-trace { display: none;} 
</style>
<script type="text/javascript">
<!--
function flip(e) {
  current = e.style.display;
  if (current == 'block') {
    e.style.display = 'none';
    return 0;
  }
  else {
    e.style.display = 'block';
    return 1;
  }
}

function toggleBox(szDivId, elem, msg1, msg2)
{
  var res = -1;  if (document.getElementById) {
    res = flip(document.getElementById(szDivId));
  }
  else if (document.all) {
    // this is the way old msie versions work
    res = flip(document.all[szDivId]);
  }
  if(elem) {
    if(res == 0) elem.innerHTML = msg1; else elem.innerHTML = msg2;
  }

}

function toggleAllBoxes() {
  if (document.getElementsByTagName) {
    d = document.getElementsByTagName('div');
    for (i = 0; i < d.length; i++) {
      if (d[i].className == 'log') {
        flip(d[i]);
      }
    }
  }
}

// -->
</script>

</head>
<body>
<h2 align='center'>login1</h2><table border='1' align="center">
<tr>
<td>Tests passed/Failed/Skipped:</td><td>0/2/0</td>
</tr><tr>
<td>Started on:</td><td>Wed Jul 08 22:49:08 IST 2020</td>
</tr>
<tr><td>Total time:</td><td>43 seconds (43697 ms)</td>
</tr><tr>
<td>Included groups:</td><td></td>
</tr><tr>
<td>Excluded groups:</td><td></td>
</tr>
</table><p/>
<small><i>(Hover the method name to see the test class name)</i></small><p/>
<table width='100%' border='1' class='invocation-failed'>
<tr><td colspan='4' align='center'><b>FAILED TESTS</b></td></tr>
<tr><td><b>Test method</b></td>
<td width="30%"><b>Exception</b></td>
<td width="10%"><b>Time (seconds)</b></td>
<td><b>Instance</b></td>
</tr>
<tr>
<td title='com.automation.runners.loginRunner3.Login()'><b>Login</b><br>Test class: com.automation.runners.loginRunner3<br>Test method: login<br>Parameters: Login<br/>
<a href="#Output-1086629846" onClick='toggleBox("Output-1086629846", this, "Show output", "Hide output");'>Show output</a>

<a href="#Output-1086629846" onClick="toggleAllBoxes();">Show all outputs</a>
<div class='log' id="Output-1086629846">
Found Element By : By.xpath: (//input)[3]<br/>
Found Element By : By.xpath: (//input)[4]<br/>
Found Element By : By.xpath: (//input)[5]<br/>
Clicked on: [[ChromeDriver: chrome on XP (707c897fa8103d7b67280aeb0780001d)] -> xpath: (//input)[5]]<br/>
Found Element By : By.xpath: //*[text()='SIGN-OFF']<br/>
</div>
</td>
<td><div><pre>cucumber.runtime.CucumberException: junit.framework.ComparisonFailure: null expected:&lt;SIGN-OF[F]&gt; but was:&lt;SIGN-OF[]&gt;
	at cucumber.api.testng.TestNGCucumberRunner.runCucumber(TestNGCucumberRunner.java:69)
	at com.automation.runners.loginRunner3.Login(loginRunner3.java:59)
	at java.util.concurrent.ThreadPoolExecutor.runWorker(ThreadPoolExecutor.java:1149)
	at java.util.concurrent.ThreadPoolExecutor$Worker.run(ThreadPoolExecutor.java:624)
	at java.lang.Thread.run(Thread.java:748)
Caused by: junit.framework.ComparisonFailure: null expected:&lt;SIGN-OF[F]&gt; but was:&lt;SIGN-OF[]&gt;
	at junit.framework.Assert.assertEquals(Assert.java:81)
	at junit.framework.Assert.assertEquals(Assert.java:87)
	at com.automation.stepdefinitions.login_definition.verify(login_definition.java:50)
	at ?.Then I verify the the title  SIGN-OF in refrence domain home page(src/test/java/com/automation/features/login.feature:25)
... Removed 10 stack frames</pre></div><a href='#' onClick='toggleBox("stack-trace1086629846", this, "Click to show all stack frames", "Click to hide stack frames")'>Click to show all stack frames</a>
<div class='stack-trace' id='stack-trace1086629846'><pre>cucumber.runtime.CucumberException: junit.framework.ComparisonFailure: null expected:&lt;SIGN-OF[F]&gt; but was:&lt;SIGN-OF[]&gt;
	at cucumber.api.testng.TestNGCucumberRunner.runCucumber(TestNGCucumberRunner.java:69)
	at com.automation.runners.loginRunner3.Login(loginRunner3.java:59)
	at sun.reflect.NativeMethodAccessorImpl.invoke0(Native Method)
	at sun.reflect.NativeMethodAccessorImpl.invoke(NativeMethodAccessorImpl.java:62)
	at sun.reflect.DelegatingMethodAccessorImpl.invoke(DelegatingMethodAccessorImpl.java:43)
	at java.lang.reflect.Method.invoke(Method.java:498)
	at org.testng.internal.MethodInvocationHelper.invokeMethod(MethodInvocationHelper.java:104)
	at org.testng.internal.Invoker.invokeMethod(Invoker.java:645)
	at org.testng.internal.Invoker.invokeTestMethod(Invoker.java:851)
	at org.testng.internal.Invoker.invokeTestMethods(Invoker.java:1177)
	at org.testng.internal.TestMethodWorker.invokeTestMethods(TestMethodWorker.java:129)
	at org.testng.internal.TestMethodWorker.run(TestMethodWorker.java:112)
	at java.util.concurrent.ThreadPoolExecutor.runWorker(ThreadPoolExecutor.java:1149)
	at java.util.concurrent.ThreadPoolExecutor$Worker.run(ThreadPoolExecutor.java:624)
	at java.lang.Thread.run(Thread.java:748)
Caused by: junit.framework.ComparisonFailure: null expected:&lt;SIGN-OF[F]&gt; but was:&lt;SIGN-OF[]&gt;
	at junit.framework.Assert.assertEquals(Assert.java:81)
	at junit.framework.Assert.assertEquals(Assert.java:87)
	at com.automation.stepdefinitions.login_definition.verify(login_definition.java:50)
	at ?.Then I verify the the title  SIGN-OF in refrence domain home page(src/test/java/com/automation/features/login.feature:25)
</pre></div></td>
<td>42</td>
<td>com.automation.runners.loginRunner3@55d56113</td></tr>
<tr>
<td title='com.automation.runners.loginRunner.Login()'><b>Login</b><br>Test class: com.automation.runners.loginRunner<br>Test method: login<br>Parameters: Login<br/>
<a href="#Output-1487866402" onClick='toggleBox("Output-1487866402", this, "Show output", "Hide output");'>Show output</a>

<a href="#Output-1487866402" onClick="toggleAllBoxes();">Show all outputs</a>
<div class='log' id="Output-1487866402">
Found Element By : By.xpath: (//input)[3]<br/>
Found Element By : By.xpath: (//input)[4]<br/>
Found Element By : By.xpath: (//input)[5]<br/>
Clicked on: [[ChromeDriver: chrome on XP (06d377bc11046853e32fbb348ad9f664)] -> xpath: (//input)[5]]<br/>
Found Element By : By.xpath: //*[text()='SIGN-OFF']<br/>
</div>
</td>
<td><div><pre>cucumber.runtime.CucumberException: junit.framework.ComparisonFailure: null expected:&lt;SIGN-OF[F]&gt; but was:&lt;SIGN-OF[]&gt;
	at cucumber.api.testng.TestNGCucumberRunner.runCucumber(TestNGCucumberRunner.java:69)
	at com.automation.runners.loginRunner.Login(loginRunner.java:72)
	at java.util.concurrent.ThreadPoolExecutor.runWorker(ThreadPoolExecutor.java:1149)
	at java.util.concurrent.ThreadPoolExecutor$Worker.run(ThreadPoolExecutor.java:624)
	at java.lang.Thread.run(Thread.java:748)
Caused by: junit.framework.ComparisonFailure: null expected:&lt;SIGN-OF[F]&gt; but was:&lt;SIGN-OF[]&gt;
	at junit.framework.Assert.assertEquals(Assert.java:81)
	at junit.framework.Assert.assertEquals(Assert.java:87)
	at com.automation.stepdefinitions.login_definition.verify(login_definition.java:50)
	at ?.Then I verify the the title  SIGN-OF in refrence domain home page(src/test/java/com/automation/features/login.feature:25)
... Removed 10 stack frames</pre></div><a href='#' onClick='toggleBox("stack-trace1487866402", this, "Click to show all stack frames", "Click to hide stack frames")'>Click to show all stack frames</a>
<div class='stack-trace' id='stack-trace1487866402'><pre>cucumber.runtime.CucumberException: junit.framework.ComparisonFailure: null expected:&lt;SIGN-OF[F]&gt; but was:&lt;SIGN-OF[]&gt;
	at cucumber.api.testng.TestNGCucumberRunner.runCucumber(TestNGCucumberRunner.java:69)
	at com.automation.runners.loginRunner.Login(loginRunner.java:72)
	at sun.reflect.NativeMethodAccessorImpl.invoke0(Native Method)
	at sun.reflect.NativeMethodAccessorImpl.invoke(NativeMethodAccessorImpl.java:62)
	at sun.reflect.DelegatingMethodAccessorImpl.invoke(DelegatingMethodAccessorImpl.java:43)
	at java.lang.reflect.Method.invoke(Method.java:498)
	at org.testng.internal.MethodInvocationHelper.invokeMethod(MethodInvocationHelper.java:104)
	at org.testng.internal.Invoker.invokeMethod(Invoker.java:645)
	at org.testng.internal.Invoker.invokeTestMethod(Invoker.java:851)
	at org.testng.internal.Invoker.invokeTestMethods(Invoker.java:1177)
	at org.testng.internal.TestMethodWorker.invokeTestMethods(TestMethodWorker.java:129)
	at org.testng.internal.TestMethodWorker.run(TestMethodWorker.java:112)
	at java.util.concurrent.ThreadPoolExecutor.runWorker(ThreadPoolExecutor.java:1149)
	at java.util.concurrent.ThreadPoolExecutor$Worker.run(ThreadPoolExecutor.java:624)
	at java.lang.Thread.run(Thread.java:748)
Caused by: junit.framework.ComparisonFailure: null expected:&lt;SIGN-OF[F]&gt; but was:&lt;SIGN-OF[]&gt;
	at junit.framework.Assert.assertEquals(Assert.java:81)
	at junit.framework.Assert.assertEquals(Assert.java:87)
	at com.automation.stepdefinitions.login_definition.verify(login_definition.java:50)
	at ?.Then I verify the the title  SIGN-OF in refrence domain home page(src/test/java/com/automation/features/login.feature:25)
</pre></div></td>
<td>42</td>
<td>com.automation.runners.loginRunner@64bf3bbf</td></tr>
</table><p>
</body>
</html>