<!DOCTYPE html PUBLIC "-//W3C//DTD XHTML 1.1//EN" "http://www.w3.org/TR/xhtml11/DTD/xhtml11.dtd">
<html xmlns="http://www.w3.org/1999/xhtml"><head><title>TestNG Report</title><style type="text/css">table {margin-bottom:10px;border-collapse:collapse;empty-cells:show}th,td {border:1px solid #009;padding:.25em .5em}th {vertical-align:bottom}td {vertical-align:top}table a {font-weight:bold}.stripe td {background-color: #E6EBF9}.num {text-align:right}.passedodd td {background-color: #3F3}.passedeven td {background-color: #0A0}.skippedodd td {background-color: #DDD}.skippedeven td {background-color: #CCC}.failedodd td,.attn {background-color: #F33}.failedeven td,.stripe .attn {background-color: #D00}.stacktrace {white-space:pre;font-family:monospace}.totop {font-size:85%;text-align:center;border-bottom:2px solid #000}</style></head><body><table><tr><th>Test</th><th># Passed</th><th># Skipped</th><th># Failed</th><th>Time (ms)</th><th>Included Groups</th><th>Excluded Groups</th></tr><tr><th colspan="7">Regression suite</th></tr><tr><td><a href="#t0">login1</a></td><td class="num">0</td><td class="num">0</td><td class="num attn">2</td><td class="num">43,697</td><td></td><td></td></tr></table><table><thead><tr><th>Class</th><th>Method</th><th>Start</th><th>Time (ms)</th></tr></thead><tbody><tr><th colspan="4">Regression suite</th></tr></tbody><tbody id="t0"><tr><th colspan="4">login1 &#8212; failed</th></tr><tr class="failedeven"><td rowspan="1">com.automation.runners.loginRunner</td><td><a href="#m0">Login</a></td><td rowspan="1">1594228748981</td><td rowspan="1">42850</td></tr><tr class="failedodd"><td rowspan="1">com.automation.runners.loginRunner3</td><td><a href="#m1">Login</a></td><td rowspan="1">1594228748981</td><td rowspan="1">42736</td></tr></tbody></table><h2>login1</h2><h3 id="m0">com.automation.runners.loginRunner#Login</h3><table class="result"><tr class="param"><th>Parameter #1</th></tr><tr class="param stripe"><td>Login</td></tr><tr><th>Messages</th></tr><tr><td><div class="messages">Found Element By : By.xpath: (//input)[3]<br/>Found Element By : By.xpath: (//input)[4]<br/>Found Element By : By.xpath: (//input)[5]<br/>Clicked on: [[ChromeDriver: chrome on XP (06d377bc11046853e32fbb348ad9f664)] -> xpath: (//input)[5]]<br/>Found Element By : By.xpath: //*[text()='SIGN-OFF']</div></td></tr><tr><th>Exception</th></tr><tr><td><div class="stacktrace">cucumber.runtime.CucumberException: junit.framework.ComparisonFailure: null expected:&lt;SIGN-OF[F]&gt; but was:&lt;SIGN-OF[]&gt;
	at cucumber.api.testng.TestNGCucumberRunner.runCucumber(TestNGCucumberRunner.java:69)
	at com.automation.runners.loginRunner.Login(loginRunner.java:72)
	at java.util.concurrent.ThreadPoolExecutor.runWorker(ThreadPoolExecutor.java:1149)
	at java.util.concurrent.ThreadPoolExecutor$Worker.run(ThreadPoolExecutor.java:624)
	at java.lang.Thread.run(Thread.java:748)
Caused by: junit.framework.ComparisonFailure: null expected:&lt;SIGN-OF[F]&gt; but was:&lt;SIGN-OF[]&gt;
	at junit.framework.Assert.assertEquals(Assert.java:81)
	at junit.framework.Assert.assertEquals(Assert.java:87)
	at com.automation.stepdefinitions.login_definition.verify(login_definition.java:50)
	at ?.Then I verify the the title  SIGN-OF in refrence domain home page(src/test/java/com/automation/features/login.feature:25)
... Removed 10 stack frames</div></td></tr></table><p class="totop"><a href="#summary">back to summary</a></p><h3 id="m1">com.automation.runners.loginRunner3#Login</h3><table class="result"><tr class="param"><th>Parameter #1</th></tr><tr class="param stripe"><td>Login</td></tr><tr><th>Messages</th></tr><tr><td><div class="messages">Found Element By : By.xpath: (//input)[3]<br/>Found Element By : By.xpath: (//input)[4]<br/>Found Element By : By.xpath: (//input)[5]<br/>Clicked on: [[ChromeDriver: chrome on XP (707c897fa8103d7b67280aeb0780001d)] -> xpath: (//input)[5]]<br/>Found Element By : By.xpath: //*[text()='SIGN-OFF']</div></td></tr><tr><th>Exception</th></tr><tr><td><div class="stacktrace">cucumber.runtime.CucumberException: junit.framework.ComparisonFailure: null expected:&lt;SIGN-OF[F]&gt; but was:&lt;SIGN-OF[]&gt;
	at cucumber.api.testng.TestNGCucumberRunner.runCucumber(TestNGCucumberRunner.java:69)
	at com.automation.runners.loginRunner3.Login(loginRunner3.java:59)
	at java.util.concurrent.ThreadPoolExecutor.runWorker(ThreadPoolExecutor.java:1149)
	at java.util.concurrent.ThreadPoolExecutor$Worker.run(ThreadPoolExecutor.java:624)
	at java.lang.Thread.run(Thread.java:748)
Caused by: junit.framework.ComparisonFailure: null expected:&lt;SIGN-OF[F]&gt; but was:&lt;SIGN-OF[]&gt;
	at junit.framework.Assert.assertEquals(Assert.java:81)
	at junit.framework.Assert.assertEquals(Assert.java:87)
	at com.automation.stepdefinitions.login_definition.verify(login_definition.java:50)
	at ?.Then I verify the the title  SIGN-OF in refrence domain home page(src/test/java/com/automation/features/login.feature:25)
... Removed 10 stack frames</div></td></tr></table><p class="totop"><a href="#summary">back to summary</a></p></body></html>